<?xml version="1.0" encoding="UTF-8"?>
<!-- Generated by org.testng.reporters.JUnitXMLReporter -->
<testsuite hostname="eli-mpb-4.local" name="BuildsDaoTest" tests="15" failures="0" timestamp="27 Nov 2014 18:03:46 GMT" time="0.364" errors="0">
  <testcase name="testCreateBuildSameNameAndNumber" time="0.153" classname="org.artifactory.storage.db.build.itest.dao.BuildsDaoTest"/>
  <testcase name="testCreateBuildWithPromotions" time="0.006" classname="org.artifactory.storage.db.build.itest.dao.BuildsDaoTest"/>
  <testcase name="testCreateBuildWithProps" time="0.005" classname="org.artifactory.storage.db.build.itest.dao.BuildsDaoTest"/>
  <testcase name="testCreateBuildWithPropsAndPromotions" time="0.004" classname="org.artifactory.storage.db.build.itest.dao.BuildsDaoTest"/>
  <testcase name="testFindBuildsForArtifactMD5Checksum" time="0.013" classname="org.artifactory.storage.db.build.itest.dao.BuildsDaoTest"/>
  <testcase name="testFindBuildsForArtifactSHA1Checksum" time="0.014" classname="org.artifactory.storage.db.build.itest.dao.BuildsDaoTest"/>
  <testcase name="testFindBuildsForDependencyMD5Checksum" time="0.013" classname="org.artifactory.storage.db.build.itest.dao.BuildsDaoTest"/>
  <testcase name="testFindBuildsForDependencySHA1Checksum" time="0.012" classname="org.artifactory.storage.db.build.itest.dao.BuildsDaoTest"/>
  <testcase name="testSimpleCreateBuild" time="0.002" classname="org.artifactory.storage.db.build.itest.dao.BuildsDaoTest"/>
  <testcase name="testReadBuildsById" time="0.004" classname="org.artifactory.storage.db.build.itest.dao.BuildsDaoTest"/>
  <testcase name="testCreateBuildSameId" time="0.002" classname="org.artifactory.storage.db.build.itest.dao.BuildsDaoTest"/>
  <testcase name="testReadBuildsByFullPath" time="0.007" classname="org.artifactory.storage.db.build.itest.dao.BuildsDaoTest"/>
  <testcase name="testFindLatestBuildDate" time="0.004" classname="org.artifactory.storage.db.build.itest.dao.BuildsDaoTest"/>
  <testcase name="testDeleteBuilds" time="0.025" classname="org.artifactory.storage.db.build.itest.dao.BuildsDaoTest"/>
  <testcase name="testReadBuildsByName" time="0.007" classname="org.artifactory.storage.db.build.itest.dao.BuildsDaoTest"/>
</testsuite> <!-- BuildsDaoTest -->
