<?xml version="1.0" encoding="UTF-8"?>
<!-- Generated by org.testng.reporters.JUnitXMLReporter -->
<testsuite hostname="eli-mpb-4.local" name="Command line test 4e7b664f-f0f2-43d0-88f4-8b2eb43c3e4d" tests="1" failures="0" timestamp="27 Nov 2014 18:03:55 GMT" time="0.102" errors="0">
  <testcase name="testBuildSecuredS3RequestUrl" time="0.101" classname="org.artifactory.repo.remote.browse.S3RepositorySecuredHelperTest"/>
</testsuite> <!-- Command line test 4e7b664f-f0f2-43d0-88f4-8b2eb43c3e4d -->
