<?xml version="1.0" encoding="UTF-8"?>
<!-- Generated by org.testng.reporters.JUnitXMLReporter -->
<testsuite hostname="eli-mpb-4.local" name="Command line test 71168343-47bd-4492-a9aa-ffb7ff7aef95" tests="5" failures="0" timestamp="27 Nov 2014 18:03:00 GMT" time="0.025" errors="0">
  <testcase name="testIsMetadata" time="0.0" classname="org.artifactory.api.mime.NamingUtilsTest"/>
  <testcase name="testIsMetadataChecksum" time="0.001" classname="org.artifactory.api.mime.NamingUtilsTest"/>
  <testcase name="testIsProperties" time="0.0" classname="org.artifactory.api.mime.NamingUtilsTest"/>
  <testcase name="testIsViewable" time="0.0" classname="org.artifactory.api.mime.NamingUtilsTest"/>
  <testcase name="testJavaSourceNameFromClassName" time="0.001" classname="org.artifactory.api.mime.NamingUtilsTest"/>
</testsuite> <!-- Command line test 71168343-47bd-4492-a9aa-ffb7ff7aef95 -->
