<?xml version="1.0" encoding="UTF-8"?>
<!-- Generated by org.testng.reporters.JUnitXMLReporter -->
<testsuite hostname="eli-mpb-4.local" name="Command line test 14551dc1-404b-4cf7-b7f2-d251935df9ca" tests="4" failures="0" timestamp="27 Nov 2014 18:02:47 GMT" time="0.004" errors="0">
  <testcase name="testConfigV147NotAutoFormatted" time="0.001" classname="org.artifactory.DefaultConfigLayoutTest"/>
  <testcase name="testConfigV148NotAutoFormatted" time="0.001" classname="org.artifactory.DefaultConfigLayoutTest"/>
  <testcase name="testConfigV149NotAutoFormatted" time="0.001" classname="org.artifactory.DefaultConfigLayoutTest"/>
  <testcase name="testDefaultConfigXmlNotAutoFormatted" time="0.001" classname="org.artifactory.DefaultConfigLayoutTest"/>
</testsuite> <!-- Command line test 14551dc1-404b-4cf7-b7f2-d251935df9ca -->
