<?xml version="1.0" encoding="UTF-8"?>
<!-- Generated by org.testng.reporters.JUnitXMLReporter -->
<testsuite hostname="eli-mpb-4.local" name="Command line test 963d57a4-8017-42fa-b239-4cbda5d0eb79" tests="16" failures="0" timestamp="27 Nov 2014 18:03:53 GMT" time="0.242" errors="0">
  <testcase name="fileExtensionAsNumber" time="0.003" classname="org.artifactory.api.maven.MavenArtifactInfoTest"/>
  <testcase name="fromInvalidPath" time="0.0" classname="org.artifactory.api.maven.MavenArtifactInfoTest"/>
  <testcase name="fromPathNonUniqueSnapshotVersion" time="0.013" classname="org.artifactory.api.maven.MavenArtifactInfoTest"/>
  <testcase name="fromPathUniqueMd5SnapshotVersion" time="0.004" classname="org.artifactory.api.maven.MavenArtifactInfoTest"/>
  <testcase name="fromPathUniqueSnapshotVersion" time="0.0" classname="org.artifactory.api.maven.MavenArtifactInfoTest"/>
  <testcase name="fromPathWithClassifier" time="0.0" classname="org.artifactory.api.maven.MavenArtifactInfoTest"/>
  <testcase name="fromPathWithNoGroupId" time="0.0" classname="org.artifactory.api.maven.MavenArtifactInfoTest"/>
  <testcase name="fromPathWithOneDigitVersion" time="0.0" classname="org.artifactory.api.maven.MavenArtifactInfoTest"/>
  <testcase name="fromPathWithoutExtension" time="0.0" classname="org.artifactory.api.maven.MavenArtifactInfoTest"/>
  <testcase name="fromSimplePath" time="0.0" classname="org.artifactory.api.maven.MavenArtifactInfoTest"/>
  <testcase name="testClassifierWithDot" time="0.0" classname="org.artifactory.api.maven.MavenArtifactInfoTest"/>
  <testcase name="testClassifierWithDotAndNumber" time="0.0" classname="org.artifactory.api.maven.MavenArtifactInfoTest"/>
  <testcase name="testConfigPath" time="0.001" classname="org.artifactory.api.maven.MavenArtifactInfoTest"/>
  <testcase name="testCustomUserType" time="0.001" classname="org.artifactory.api.maven.MavenArtifactInfoTest"/>
  <testcase name="testTarBz2" time="0.001" classname="org.artifactory.api.maven.MavenArtifactInfoTest"/>
  <testcase name="testTarGz" time="0.0" classname="org.artifactory.api.maven.MavenArtifactInfoTest"/>
</testsuite> <!-- Command line test 963d57a4-8017-42fa-b239-4cbda5d0eb79 -->
