<?xml version="1.0" encoding="UTF-8"?>
<!-- Generated by org.testng.reporters.JUnitXMLReporter -->
<testsuite hostname="eli-mpb-4.local" name="Command line test d569cdc7-fdb6-4cbe-9b53-1127512bd814" tests="5" failures="0" timestamp="27 Nov 2014 18:03:09 GMT" time="0.003" errors="0">
  <testcase name="copyConstructor" time="0.001" classname="org.artifactory.api.security.PermissionTargetInfoTest"/>
  <testcase name="copyConstructorReflectionEquality" time="0.0" classname="org.artifactory.api.security.PermissionTargetInfoTest"/>
  <testcase name="createWithIncluesAndExcludesPatterns" time="0.0" classname="org.artifactory.api.security.PermissionTargetInfoTest"/>
  <testcase name="createWithNoIncluesExcludesPatterns" time="0.001" classname="org.artifactory.api.security.PermissionTargetInfoTest"/>
  <testcase name="testDefaultConstructor" time="0.0" classname="org.artifactory.api.security.PermissionTargetInfoTest"/>
</testsuite> <!-- Command line test d569cdc7-fdb6-4cbe-9b53-1127512bd814 -->
