<?xml version="1.0" encoding="UTF-8"?>
<!-- Generated by org.testng.reporters.JUnitXMLReporter -->
<testsuite hostname="eli-mpb-4.local" name="Command line test 5b6f4fbb-0c7e-48c9-ac62-4c99fa2e8deb" tests="20" failures="0" timestamp="27 Nov 2014 18:03:05 GMT" time="0.007" errors="0">
  <testcase name="illegalBackslash" time="0.001" classname="org.artifactory.util.PathValidatorTest"/>
  <testcase name="illegalColon" time="0.0" classname="org.artifactory.util.PathValidatorTest"/>
  <testcase name="illegalPipe" time="0.0" classname="org.artifactory.util.PathValidatorTest"/>
  <testcase name="illegalQuestionMark" time="0.0" classname="org.artifactory.util.PathValidatorTest"/>
  <testcase name="illegalQuotationMark" time="0.0" classname="org.artifactory.util.PathValidatorTest"/>
  <testcase name="illegalStar" time="0.0" classname="org.artifactory.util.PathValidatorTest"/>
  <testcase name="invalidAllSpaces" time="0.0" classname="org.artifactory.util.PathValidatorTest"/>
  <testcase name="invalidDot" time="0.002" classname="org.artifactory.util.PathValidatorTest"/>
  <testcase name="invalidDotDot" time="0.0" classname="org.artifactory.util.PathValidatorTest"/>
  <testcase name="invalidSingleAmpersand" time="0.0" classname="org.artifactory.util.PathValidatorTest"/>
  <testcase name="invalidSingleColon" time="0.0" classname="org.artifactory.util.PathValidatorTest"/>
  <testcase name="invalidSingleDot" time="0.0" classname="org.artifactory.util.PathValidatorTest"/>
  <testcase name="invalidSingleDotDot" time="0.0" classname="org.artifactory.util.PathValidatorTest"/>
  <testcase name="invalidSingleSlash" time="0.0" classname="org.artifactory.util.PathValidatorTest"/>
  <testcase name="invalidSingleTokenAmpersand" time="0.0" classname="org.artifactory.util.PathValidatorTest"/>
  <testcase name="invalidSpaceAfterSlash" time="0.0" classname="org.artifactory.util.PathValidatorTest"/>
  <testcase name="invalidSpaceBeforeSlash" time="0.0" classname="org.artifactory.util.PathValidatorTest"/>
  <testcase name="validCarretLeft" time="0.0" classname="org.artifactory.util.PathValidatorTest"/>
  <testcase name="validCarretRight" time="0.0" classname="org.artifactory.util.PathValidatorTest"/>
  <testcase name="validPaths" time="0.0" classname="org.artifactory.util.PathValidatorTest"/>
</testsuite> <!-- Command line test 5b6f4fbb-0c7e-48c9-ac62-4c99fa2e8deb -->
