<?xml version="1.0" encoding="UTF-8"?>
<!-- Generated by org.testng.reporters.JUnitXMLReporter -->
<testsuite hostname="eli-mpb-4.local" name="Command line test 8573df6c-3861-427c-b6a4-955f5ae1b0e7" tests="5" failures="0" timestamp="27 Nov 2014 18:03:05 GMT" time="0.003" errors="0">
  <testcase name="stillNanos" time="0.001" classname="org.artifactory.util.TimeUnitFormatTest"/>
  <testcase name="toMillis" time="0.001" classname="org.artifactory.util.TimeUnitFormatTest"/>
  <testcase name="toMinutes" time="0.0" classname="org.artifactory.util.TimeUnitFormatTest"/>
  <testcase name="toSeconds" time="0.0" classname="org.artifactory.util.TimeUnitFormatTest"/>
  <testcase name="toSecondsWithMillisecondTimeUnit" time="0.0" classname="org.artifactory.util.TimeUnitFormatTest"/>
</testsuite> <!-- Command line test 8573df6c-3861-427c-b6a4-955f5ae1b0e7 -->
