<?xml version="1.0" encoding="UTF-8"?>
<!-- Generated by org.testng.reporters.JUnitXMLReporter -->
<testsuite hostname="eli-mpb-4.local" name="Command line test 9b10ccbb-1ebc-43ea-b199-04c9d9da9e94" tests="5" failures="0" timestamp="27 Nov 2014 18:03:00 GMT" time="0.004" errors="0">
  <testcase name="testSpringArtifacts" time="0.001" classname="org.artifactory.api.module.SpringMaven23ModuleInfoUtilsTest"/>
  <testcase name="testSpringBundles" time="0.001" classname="org.artifactory.api.module.SpringMaven23ModuleInfoUtilsTest"/>
  <testcase name="testSpringDistMilestone" time="0.001" classname="org.artifactory.api.module.SpringMaven23ModuleInfoUtilsTest"/>
  <testcase name="testSpringDistRelease" time="0.0" classname="org.artifactory.api.module.SpringMaven23ModuleInfoUtilsTest"/>
  <testcase name="testSpringDistSnapshot" time="0.001" classname="org.artifactory.api.module.SpringMaven23ModuleInfoUtilsTest"/>
</testsuite> <!-- Command line test 9b10ccbb-1ebc-43ea-b199-04c9d9da9e94 -->
