<?xml version="1.0" encoding="UTF-8"?>
<!-- Generated by org.testng.reporters.JUnitXMLReporter -->
<testsuite hostname="eli-mpb-4.local" name="Command line test b0212bc1-b5a0-4c19-9efa-0e5f83a273cb" tests="5" failures="0" timestamp="27 Nov 2014 18:03:22 GMT" time="0.001" errors="0">
  <testcase name="EqualsUserGroupTest" time="0.0" classname="org.artifactory.storage.db.security.entity.UserGroupTest"/>
  <testcase name="noGroupUserGroupTest" time="0.001" classname="org.artifactory.storage.db.security.entity.UserGroupTest"/>
  <testcase name="noUserUserGroupTest" time="0.0" classname="org.artifactory.storage.db.security.entity.UserGroupTest"/>
  <testcase name="simpleUserGroupTest" time="0.0" classname="org.artifactory.storage.db.security.entity.UserGroupTest"/>
  <testcase name="withRealmUserGroupTest" time="0.0" classname="org.artifactory.storage.db.security.entity.UserGroupTest"/>
</testsuite> <!-- Command line test b0212bc1-b5a0-4c19-9efa-0e5f83a273cb -->
