<?xml version="1.0" encoding="UTF-8"?>
<!-- Generated by org.testng.reporters.JUnitXMLReporter -->
<testsuite hostname="eli-mpb-4.local" name="Command line test 7770b50e-9cd8-4130-a963-4a1addfd0395" tests="4" failures="0" timestamp="27 Nov 2014 18:02:49 GMT" time="0.001" errors="0">
  <testcase name="testGetCauseOfTypes" time="0.001" classname="org.artifactory.util.ExceptionUtilsTest"/>
  <testcase name="testGetRootCauseNested" time="0.0" classname="org.artifactory.util.ExceptionUtilsTest"/>
  <testcase name="testGetRootCauseNotNested" time="0.0" classname="org.artifactory.util.ExceptionUtilsTest"/>
  <testcase name="testUnwrapThrowablesOfTypes" time="0.0" classname="org.artifactory.util.ExceptionUtilsTest"/>
</testsuite> <!-- Command line test 7770b50e-9cd8-4130-a963-4a1addfd0395 -->
