<?xml version="1.0" encoding="UTF-8"?>
<!-- Generated by org.testng.reporters.JUnitXMLReporter -->
<testsuite hostname="eli-mpb-4.local" name="Command line test a4dd9a9b-555e-494a-8205-d2f225197486" tests="6" failures="0" timestamp="27 Nov 2014 18:03:54 GMT" time="0.022" errors="0">
  <testcase name="checksumOfMetadata" time="0.001" classname="org.artifactory.io.checksum.policy.LocalRepoChecksumPolicyTest"/>
  <testcase name="checksumOfSnapshotMetadata" time="0.0" classname="org.artifactory.io.checksum.policy.LocalRepoChecksumPolicyTest"/>
  <testcase name="checksumTypeNotFound" time="0.0" classname="org.artifactory.io.checksum.policy.LocalRepoChecksumPolicyTest"/>
  <testcase name="checksumValueNotFound" time="0.0" classname="org.artifactory.io.checksum.policy.LocalRepoChecksumPolicyTest"/>
  <testcase name="clientPolicyType" time="0.001" classname="org.artifactory.io.checksum.policy.LocalRepoChecksumPolicyTest"/>
  <testcase name="serverPolicyType" time="0.0" classname="org.artifactory.io.checksum.policy.LocalRepoChecksumPolicyTest"/>
</testsuite> <!-- Command line test a4dd9a9b-555e-494a-8205-d2f225197486 -->
