<?xml version="1.0" encoding="UTF-8"?>
<!-- Generated by org.testng.reporters.JUnitXMLReporter -->
<testsuite hostname="eli-mpb-4.local" name="Command line test 4bcc4200-913f-4106-aa51-68ec37fd3bec" tests="1" failures="0" timestamp="27 Nov 2014 18:03:12 GMT" time="0.021" errors="0">
  <testcase name="convertOutputOfSimpleUserConverter" time="0.005" classname="org.artifactory.update.security.v1.UserPermissionsConverterTest"/>
</testsuite> <!-- Command line test 4bcc4200-913f-4106-aa51-68ec37fd3bec -->
