<?xml version="1.0" encoding="UTF-8"?>
<!-- Generated by org.testng.reporters.JUnitXMLReporter -->
<testsuite hostname="eli-mpb-4.local" name="ArtifactoryDBVersionTest" tests="3" failures="0" timestamp="27 Nov 2014 18:03:41 GMT" time="6.112" errors="0">
  <testcase name="test300DBChanges" time="0.031" classname="org.artifactory.storage.db.upgrades.versions.ArtifactoryDBVersionTest"/>
  <testcase name="test311DBChanges" time="0.019" classname="org.artifactory.storage.db.upgrades.versions.ArtifactoryDBVersionTest"/>
  <testcase name="rollBackTo300Version" time="0.951" classname="org.artifactory.storage.db.upgrades.versions.ArtifactoryDBVersionTest"/>
</testsuite> <!-- ArtifactoryDBVersionTest -->
