<?xml version="1.0" encoding="UTF-8"?>
<!-- Generated by org.testng.reporters.JUnitXMLReporter -->
<testsuite hostname="eli-mpb-4.local" name="BinaryStoreImplCachedFSProviderTest" tests="10" failures="0" timestamp="27 Nov 2014 18:03:47 GMT" time="0.093" errors="0">
  <testcase name="testEmpty" time="0.005" classname="org.artifactory.storage.db.binstore.itest.service.BinaryStoreImplCachedFSProviderTest"/>
  <testcase name="testLoadResources" time="0.003" classname="org.artifactory.storage.db.binstore.itest.service.BinaryStoreImplCachedFSProviderTest"/>
  <testcase name="testLoadResources" time="0.003" classname="org.artifactory.storage.db.binstore.itest.service.BinaryStoreImplCachedFSProviderTest"/>
  <testcase name="testLoadResources" time="0.003" classname="org.artifactory.storage.db.binstore.itest.service.BinaryStoreImplCachedFSProviderTest"/>
  <testcase name="testLoadResources" time="0.004" classname="org.artifactory.storage.db.binstore.itest.service.BinaryStoreImplCachedFSProviderTest"/>
  <testcase name="testLoadedNothingToDelete" time="0.017" classname="org.artifactory.storage.db.binstore.itest.service.BinaryStoreImplCachedFSProviderTest"/>
  <testcase name="testGarbageOneByOne" time="0.008" classname="org.artifactory.storage.db.binstore.itest.service.BinaryStoreImplCachedFSProviderTest"/>
  <testcase name="testGarbageOneByOne" time="0.007" classname="org.artifactory.storage.db.binstore.itest.service.BinaryStoreImplCachedFSProviderTest"/>
  <testcase name="testGarbageOneByOne" time="0.007" classname="org.artifactory.storage.db.binstore.itest.service.BinaryStoreImplCachedFSProviderTest"/>
  <testcase name="testGarbageOneByOne" time="0.007" classname="org.artifactory.storage.db.binstore.itest.service.BinaryStoreImplCachedFSProviderTest"/>
</testsuite> <!-- BinaryStoreImplCachedFSProviderTest -->
