<?xml version="1.0" encoding="UTF-8"?>
<!-- Generated by org.testng.reporters.JUnitXMLReporter -->
<testsuite hostname="eli-mpb-4.local" name="PropertiesDaoTest" tests="12" failures="0" timestamp="27 Nov 2014 18:03:43 GMT" time="0.077" errors="0">
  <testcase name="deletePropertiesNodeWithNoProperties" time="0.004" classname="org.artifactory.storage.db.fs.itest.dao.PropertiesDaoTest"/>
  <testcase name="deletePropertiesNodeWithProperties" time="0.005" classname="org.artifactory.storage.db.fs.itest.dao.PropertiesDaoTest"/>
  <testcase name="deletePropertiesNonExistentNode" time="0.0" classname="org.artifactory.storage.db.fs.itest.dao.PropertiesDaoTest"/>
  <testcase name="getPropertiesNodeNotExist" time="0.0" classname="org.artifactory.storage.db.fs.itest.dao.PropertiesDaoTest"/>
  <testcase name="getPropertiesNodeWithEmptyProperties" time="0.0" classname="org.artifactory.storage.db.fs.itest.dao.PropertiesDaoTest"/>
  <testcase name="getPropertiesNodeWithProperties" time="0.001" classname="org.artifactory.storage.db.fs.itest.dao.PropertiesDaoTest"/>
  <testcase name="getPropertiesNodeWithoutProperties" time="0.001" classname="org.artifactory.storage.db.fs.itest.dao.PropertiesDaoTest"/>
  <testcase name="hasPropertiesNodeNotExist" time="0.005" classname="org.artifactory.storage.db.fs.itest.dao.PropertiesDaoTest"/>
  <testcase name="hasPropertiesNodeWithProperties" time="0.0" classname="org.artifactory.storage.db.fs.itest.dao.PropertiesDaoTest"/>
  <testcase name="hasPropertiesNodeWithoutProperties" time="0.0" classname="org.artifactory.storage.db.fs.itest.dao.PropertiesDaoTest"/>
  <testcase name="insertProperty" time="0.003" classname="org.artifactory.storage.db.fs.itest.dao.PropertiesDaoTest"/>
  <testcase name="trimLongPropertyValue" time="0.003" classname="org.artifactory.storage.db.fs.itest.dao.PropertiesDaoTest"/>
</testsuite> <!-- PropertiesDaoTest -->
