<?xml version="1.0" encoding="UTF-8"?>
<!-- Generated by org.testng.reporters.JUnitXMLReporter -->
<testsuite hostname="eli-mpb-4.local" name="Command line test da5b8b6e-0afc-49f9-9896-8652d0ca5ce9" tests="7" failures="0" timestamp="27 Nov 2014 18:03:49 GMT" time="0.092" errors="0">
  <testcase name="testEmptyUploadEntry" time="0.02" classname="org.artifactory.traffic.entry.BaseEntryBehaviorTest"/>
  <testcase name="testInvalidDownloadEntryDateFormat" time="0.0" classname="org.artifactory.traffic.entry.BaseEntryBehaviorTest"/>
  <testcase name="testInvalidRequestEntryDate" time="0.0" classname="org.artifactory.traffic.entry.BaseEntryBehaviorTest"/>
  <testcase name="testLongUploadEntry" time="0.056" classname="org.artifactory.traffic.entry.BaseEntryBehaviorTest"/>
  <testcase name="testNoDataRequestEntry" time="0.0" classname="org.artifactory.traffic.entry.BaseEntryBehaviorTest"/>
  <testcase name="testNullDownloadEntry" time="0.0" classname="org.artifactory.traffic.entry.BaseEntryBehaviorTest"/>
  <testcase name="testShortDownloadEntry" time="0.0" classname="org.artifactory.traffic.entry.BaseEntryBehaviorTest"/>
</testsuite> <!-- Command line test da5b8b6e-0afc-49f9-9896-8652d0ca5ce9 -->
