<?xml version="1.0" encoding="UTF-8"?>
<!-- Generated by org.testng.reporters.JUnitXMLReporter -->
<testsuite hostname="eli-mpb-4.local" name="Command line test b66b708c-a694-4dc7-aaf1-873f4e95a15a" tests="5" failures="0" timestamp="27 Nov 2014 18:03:11 GMT" time="0.074" errors="0">
  <testcase name="detectVersion125rc0" time="0.018" classname="org.artifactory.update.md.MetadataVersionTest"/>
  <testcase name="detectVersion230" time="0.044" classname="org.artifactory.update.md.MetadataVersionTest"/>
  <testcase name="detectVersion30beta3" time="0.001" classname="org.artifactory.update.md.MetadataVersionTest"/>
  <testcase name="detectVersion30beta6" time="0.002" classname="org.artifactory.update.md.MetadataVersionTest"/>
  <testcase name="versionsCoverage" time="0.001" classname="org.artifactory.update.md.MetadataVersionTest"/>
</testsuite> <!-- Command line test b66b708c-a694-4dc7-aaf1-873f4e95a15a -->
