<?xml version="1.0" encoding="UTF-8"?>
<!-- Generated by org.testng.reporters.JUnitXMLReporter -->
<testsuite hostname="eli-mpb-4.local" name="Command line test 0d3c575c-69e6-4856-be4d-c206c7bf0e41" tests="3" failures="0" timestamp="27 Nov 2014 18:03:04 GMT" time="0.002" errors="0">
  <testcase name="base58EncodeDecode" time="0.001" classname="org.artifactory.security.crypto.ArtifactoryBase58Test"/>
  <testcase name="pureBase58Decoding" time="0.001" classname="org.artifactory.security.crypto.ArtifactoryBase58Test"/>
  <testcase name="pureBase58Encoding" time="0.0" classname="org.artifactory.security.crypto.ArtifactoryBase58Test"/>
</testsuite> <!-- Command line test 0d3c575c-69e6-4856-be4d-c206c7bf0e41 -->
