<?xml version="1.0" encoding="UTF-8"?>
<!-- Generated by org.testng.reporters.JUnitXMLReporter -->
<testsuite hostname="eli-mpb-4.local" name="Command line test d5ed03de-985c-41d5-806e-25904cfb2cbd" tests="5" failures="0" timestamp="27 Nov 2014 18:03:12 GMT" time="0.099" errors="0">
  <testcase name="convertFromVersion1" time="0.044" classname="org.artifactory.update.security.SecurityVersionTest"/>
  <testcase name="convertFromVersion1Big" time="0.023" classname="org.artifactory.update.security.SecurityVersionTest"/>
  <testcase name="convertFromVersion2" time="0.013" classname="org.artifactory.update.security.SecurityVersionTest"/>
  <testcase name="convertFromVersion3" time="0.017" classname="org.artifactory.update.security.SecurityVersionTest"/>
  <testcase name="versionsCoverage" time="0.0" classname="org.artifactory.update.security.SecurityVersionTest"/>
</testsuite> <!-- Command line test d5ed03de-985c-41d5-806e-25904cfb2cbd -->
