<?xml version="1.0" encoding="UTF-8"?>
<testsuite name="TestSuite" time="3.869" tests="411" errors="0" skipped="0" failures="0">
  <properties>
[...]
</properties>
  <testcase name="test300DBChanges" classname="org.artifactory.storage.db.upgrades.versions.ArtifactoryDBVersionTest" time="0.031"/>
  <testcase name="test311DBChanges" classname="org.artifactory.storage.db.upgrades.versions.ArtifactoryDBVersionTest" time="0.019"/>
  <testcase name="rollBackTo300Version" classname="org.artifactory.storage.db.upgrades.versions.ArtifactoryDBVersionTest" time="0.951"/>
  <testcase name="hasServer" classname="org.artifactory.storage.db.ha.itest.dao.ArtifactoryServersDaoTest" time="0.004"/>
  <testcase name="hasServerNonExistingServer" classname="org.artifactory.storage.db.ha.itest.dao.ArtifactoryServersDaoTest" time="0.001"/>
  <testcase name="loadAllServers" classname="org.artifactory.storage.db.ha.itest.dao.ArtifactoryServersDaoTest" time="0.008"/>
  <testcase name="loadServer" classname="org.artifactory.storage.db.ha.itest.dao.ArtifactoryServersDaoTest" time="0.005"/>
  <testcase name="updateServer" classname="org.artifactory.storage.db.ha.itest.dao.ArtifactoryServersDaoTest" time="0.008"/>
  <testcase name="loadExistingProps" classname="org.artifactory.storage.db.base.itest.dao.DbPropertiesDaoTest" time="0.018"/>
  <testcase name="createNewLatestProps" classname="org.artifactory.storage.db.base.itest.dao.DbPropertiesDaoTest" time="0.003"/>
  <testcase name="createNewDevModeProps" classname="org.artifactory.storage.db.base.itest.dao.DbPropertiesDaoTest" time="0.001"/>
  <testcase name="createNewLatestReleaseProps" classname="org.artifactory.storage.db.base.itest.dao.DbPropertiesDaoTest" time="0.001"/>
  <testcase name="testAllServers" classname="org.artifactory.storage.db.ha.itest.service.ArtifactoryServersServiceImplTest" time="0.002"/>
  <testcase name="countAllFiles" classname="org.artifactory.storage.db.fs.itest.service.FileServiceImplTest" time="0.006"/>
  <testcase name="countFilesUnderFolder" classname="org.artifactory.storage.db.fs.itest.service.FileServiceImplTest" time="0.017"/>
  <testcase name="countFilesUnderRepo" classname="org.artifactory.storage.db.fs.itest.service.FileServiceImplTest" time="0.007"/>
  <testcase name="countFolderAndFilesUnderFolder" classname="org.artifactory.storage.db.fs.itest.service.FileServiceImplTest" time="0.009"/>
  <testcase name="countFolderAndFilesUnderRepo" classname="org.artifactory.storage.db.fs.itest.service.FileServiceImplTest" time="0.007"/>
  <testcase name="countRepoFilesAndFoldersUnderNonExistentRepo" classname="org.artifactory.storage.db.fs.itest.service.FileServiceImplTest" time="0"/>
  <testcase name="countRepoFilesUnderNonExistentRepo" classname="org.artifactory.storage.db.fs.itest.service.FileServiceImplTest" time="0.001"/>
  <testcase name="createFolder" classname="org.artifactory.storage.db.fs.itest.service.FileServiceImplTest" time="0.02"/>
  <testcase name="deleteNonExistentItem" classname="org.artifactory.storage.db.fs.itest.service.FileServiceImplTest" time="0.005"/>
  <testcase name="getMd5BadChecksums" classname="org.artifactory.storage.db.fs.itest.service.FileServiceImplTest" time="0.01"/>
  <testcase name="getSha1BadChecksums" classname="org.artifactory.storage.db.fs.itest.service.FileServiceImplTest" time="0.006"/>
  <testcase name="itemExists" classname="org.artifactory.storage.db.fs.itest.service.FileServiceImplTest" time="0.009"/>
  <testcase name="itemExistsRepoRoot" classname="org.artifactory.storage.db.fs.itest.service.FileServiceImplTest" time="0"/>
  <testcase name="loadChildren" classname="org.artifactory.storage.db.fs.itest.service.FileServiceImplTest" time="0.011"/>
  <testcase name="loadFolder" classname="org.artifactory.storage.db.fs.itest.service.FileServiceImplTest" time="0.001"/>
  <testcase name="loadFolderUnderRoot" classname="org.artifactory.storage.db.fs.itest.service.FileServiceImplTest" time="0.001"/>
  <testcase name="loadItemById" classname="org.artifactory.storage.db.fs.itest.service.FileServiceImplTest" time="0.006"/>
  <testcase name="loadNonExistentById" classname="org.artifactory.storage.db.fs.itest.service.FileServiceImplTest" time="0"/>
  <testcase name="loadNonExistentFolder" classname="org.artifactory.storage.db.fs.itest.service.FileServiceImplTest" time="0"/>
  <testcase name="nodeIdNoSuchNode" classname="org.artifactory.storage.db.fs.itest.service.FileServiceImplTest" time="0.007"/>
  <testcase name="nodeSha1OfFolder" classname="org.artifactory.storage.db.fs.itest.service.FileServiceImplTest" time="0.006"/>
  <testcase name="itemNotExists" classname="org.artifactory.storage.db.fs.itest.service.FileServiceImplTest" time="0"/>
  <testcase name="nodeSha1NotExist" classname="org.artifactory.storage.db.fs.itest.service.FileServiceImplTest" time="0"/>
  <testcase name="nodeIdRoot" classname="org.artifactory.storage.db.fs.itest.service.FileServiceImplTest" time="0.001"/>
  <testcase name="nodeSha1OfFile" classname="org.artifactory.storage.db.fs.itest.service.FileServiceImplTest" time="0.001"/>
  <testcase name="deleteFolderById" classname="org.artifactory.storage.db.fs.itest.service.FileServiceImplTest" time="0.002"/>
  <testcase name="testSummary" classname="org.artifactory.storage.db.fs.itest.service.FileServiceRepoStorageSummaryTest" time="0.012"/>
  <testcase name="createDirectoryNode" classname="org.artifactory.storage.db.fs.itest.dao.NodesDaoTest" time="0"/>
  <testcase name="getChildrenOfLeafFolderNode" classname="org.artifactory.storage.db.fs.itest.dao.NodesDaoTest" time="0.009"/>
  <testcase name="searchBadMd5Checksums" classname="org.artifactory.storage.db.fs.itest.dao.NodesDaoTest" time="0.001"/>
  <testcase name="getChildrenOfRoot" classname="org.artifactory.storage.db.fs.itest.dao.NodesDaoTest" time="0.002"/>
  <testcase name="countFilesUnderFolder" classname="org.artifactory.storage.db.fs.itest.dao.NodesDaoTest" time="0.001"/>
  <testcase name="nodeSha1OfFile" classname="org.artifactory.storage.db.fs.itest.dao.NodesDaoTest" time="0.001"/>
  <testcase name="countFilesUnderFile" classname="org.artifactory.storage.db.fs.itest.dao.NodesDaoTest" time="0.001"/>
  <testcase name="countFilesAndFoldersUnderNonExistentFolder" classname="org.artifactory.storage.db.fs.itest.dao.NodesDaoTest" time="0.001"/>
  <testcase name="getChildrenOfNodeDirectlyUnderRootWithCousinStartingWithSamePrefix" classname="org.artifactory.storage.db.fs.itest.dao.NodesDaoTest" time="0.001"/>
  <testcase name="searchBadSha1Checksums" classname="org.artifactory.storage.db.fs.itest.dao.NodesDaoTest" time="0.002"/>
  <testcase name="getFilesTotalSize" classname="org.artifactory.storage.db.fs.itest.dao.NodesDaoTest" time="0.018"/>
  <testcase name="findChecksumsByMd5" classname="org.artifactory.storage.db.fs.itest.dao.NodesDaoTest" time="0.006"/>
  <testcase name="itemExists" classname="org.artifactory.storage.db.fs.itest.dao.NodesDaoTest" time="0"/>
  <testcase name="nodeSha1OfFolder" classname="org.artifactory.storage.db.fs.itest.dao.NodesDaoTest" time="0.001"/>
  <testcase name="countNodesUnderFolderWithPrefix" classname="org.artifactory.storage.db.fs.itest.dao.NodesDaoTest" time="0.001"/>
  <testcase name="countFilesAndFoldersUnderFolderWithDirectChildren" classname="org.artifactory.storage.db.fs.itest.dao.NodesDaoTest" time="0"/>
  <testcase name="testFindEmptyChecksumsBySha1" classname="org.artifactory.storage.db.fs.itest.dao.NodesDaoTest" time="0"/>
  <testcase name="countRepositoryFiles" classname="org.artifactory.storage.db.fs.itest.dao.NodesDaoTest" time="0.001"/>
  <testcase name="countRepositoryFilesAndFoldersUnderFolder" classname="org.artifactory.storage.db.fs.itest.dao.NodesDaoTest" time="0"/>
  <testcase name="getChildrenOfLeafFileNode" classname="org.artifactory.storage.db.fs.itest.dao.NodesDaoTest" time="0.001"/>
  <testcase name="countRepositoryFilesAndFolders" classname="org.artifactory.storage.db.fs.itest.dao.NodesDaoTest" time="0.001"/>
  <testcase name="searchFilesByPropertyNoMatch" classname="org.artifactory.storage.db.fs.itest.dao.NodesDaoTest" time="0.016"/>
  <testcase name="findChecksumsBySha1" classname="org.artifactory.storage.db.fs.itest.dao.NodesDaoTest" time="0.005"/>
  <testcase name="itemNotExists" classname="org.artifactory.storage.db.fs.itest.dao.NodesDaoTest" time="0"/>
  <testcase name="deleteNonExistent" classname="org.artifactory.storage.db.fs.itest.dao.NodesDaoTest" time="0"/>
  <testcase name="nodeSha1NotExist" classname="org.artifactory.storage.db.fs.itest.dao.NodesDaoTest" time="0"/>
  <testcase name="testFindEmptyChecksumsByMd5" classname="org.artifactory.storage.db.fs.itest.dao.NodesDaoTest" time="0"/>
  <testcase name="getChildrenOfNodeDirectlyUnderRoot" classname="org.artifactory.storage.db.fs.itest.dao.NodesDaoTest" time="0.001"/>
  <testcase name="countFilesUnderNonExistentFolder" classname="org.artifactory.storage.db.fs.itest.dao.NodesDaoTest" time="0.001"/>
  <testcase name="getTotalSizeUnderFolderWithPrefix" classname="org.artifactory.storage.db.fs.itest.dao.NodesDaoTest" time="0.001"/>
  <testcase name="countFilesUnderFolderWithDirectChildren" classname="org.artifactory.storage.db.fs.itest.dao.NodesDaoTest" time="0"/>
  <testcase name="nodeIdNoSuchNode" classname="org.artifactory.storage.db.fs.itest.dao.NodesDaoTest" time="0"/>
  <testcase name="searchFilesByProperty" classname="org.artifactory.storage.db.fs.itest.dao.NodesDaoTest" time="0"/>
  <testcase name="countFilesAndFoldersUnderFile" classname="org.artifactory.storage.db.fs.itest.dao.NodesDaoTest" time="0"/>
  <testcase name="countFilesUnderFolderWithPrefix" classname="org.artifactory.storage.db.fs.itest.dao.NodesDaoTest" time="0.001"/>
  <testcase name="nodeIdRoot" classname="org.artifactory.storage.db.fs.itest.dao.NodesDaoTest" time="0.001"/>
  <testcase name="updateFolderNode" classname="org.artifactory.storage.db.fs.itest.dao.NodesDaoTest" time="0.007"/>
  <testcase name="deleteDirectoryNode" classname="org.artifactory.storage.db.fs.itest.dao.NodesDaoTest" time="0.015"/>
  <testcase name="loadDirectoryNodeByPath" classname="org.artifactory.storage.db.fs.itest.dao.NodesDaoTest" time="0"/>
  <testcase name="loadDirectoryNodeById" classname="org.artifactory.storage.db.fs.itest.dao.NodesDaoTest" time="0.001"/>
  <testcase name="binaryNotExists" classname="org.artifactory.storage.db.binstore.itest.dao.BinariesDaoTest" time="0.004"/>
  <testcase name="findChecksumsByMd5" classname="org.artifactory.storage.db.binstore.itest.dao.BinariesDaoTest" time="0.009"/>
  <testcase name="findChecksumsBySha1" classname="org.artifactory.storage.db.binstore.itest.dao.BinariesDaoTest" time="0.003"/>
  <testcase name="findPotentialDeletion" classname="org.artifactory.storage.db.binstore.itest.dao.BinariesDaoTest" time="0.012"/>
  <testcase name="loadExistingNode" classname="org.artifactory.storage.db.binstore.itest.dao.BinariesDaoTest" time="0.003"/>
  <testcase name="testFindEmptyChecksumsByMd5" classname="org.artifactory.storage.db.binstore.itest.dao.BinariesDaoTest" time="0"/>
  <testcase name="testFindEmptyChecksumsBySha1" classname="org.artifactory.storage.db.binstore.itest.dao.BinariesDaoTest" time="0"/>
  <testcase name="createExistingBinary" classname="org.artifactory.storage.db.binstore.itest.dao.BinariesDaoTest" time="0.006"/>
  <testcase name="binaryExists" classname="org.artifactory.storage.db.binstore.itest.dao.BinariesDaoTest" time="0"/>
  <testcase name="findChecksumsBySha1ThousandLimit" classname="org.artifactory.storage.db.binstore.itest.dao.BinariesDaoTest" time="0.052"/>
  <testcase name="loadNonExistingNode" classname="org.artifactory.storage.db.binstore.itest.dao.BinariesDaoTest" time="0.001"/>
  <testcase name="createBinary" classname="org.artifactory.storage.db.binstore.itest.dao.BinariesDaoTest" time="0.002"/>
  <testcase name="testGetCountAndTotalSize" classname="org.artifactory.storage.db.binstore.itest.dao.BinariesDaoTest" time="0.005"/>
  <testcase name="testDeleteEntries" classname="org.artifactory.storage.db.binstore.itest.dao.BinariesDaoTest" time="0.008"/>
  <testcase name="deletePropertiesNodeWithNoProperties" classname="org.artifactory.storage.db.fs.itest.dao.PropertiesDaoTest" time="0.004"/>
  <testcase name="deletePropertiesNodeWithProperties" classname="org.artifactory.storage.db.fs.itest.dao.PropertiesDaoTest" time="0.005"/>
  <testcase name="deletePropertiesNonExistentNode" classname="org.artifactory.storage.db.fs.itest.dao.PropertiesDaoTest" time="0"/>
  <testcase name="getPropertiesNodeNotExist" classname="org.artifactory.storage.db.fs.itest.dao.PropertiesDaoTest" time="0"/>
  <testcase name="getPropertiesNodeWithEmptyProperties" classname="org.artifactory.storage.db.fs.itest.dao.PropertiesDaoTest" time="0"/>
  <testcase name="getPropertiesNodeWithProperties" classname="org.artifactory.storage.db.fs.itest.dao.PropertiesDaoTest" time="0.001"/>
  <testcase name="getPropertiesNodeWithoutProperties" classname="org.artifactory.storage.db.fs.itest.dao.PropertiesDaoTest" time="0"/>
  <testcase name="hasPropertiesNodeNotExist" classname="org.artifactory.storage.db.fs.itest.dao.PropertiesDaoTest" time="0.004"/>
  <testcase name="hasPropertiesNodeWithProperties" classname="org.artifactory.storage.db.fs.itest.dao.PropertiesDaoTest" time="0"/>
  <testcase name="hasPropertiesNodeWithoutProperties" classname="org.artifactory.storage.db.fs.itest.dao.PropertiesDaoTest" time="0"/>
  <testcase name="insertProperty" classname="org.artifactory.storage.db.fs.itest.dao.PropertiesDaoTest" time="0.004"/>
  <testcase name="trimLongPropertyValue" classname="org.artifactory.storage.db.fs.itest.dao.PropertiesDaoTest" time="0.003"/>
  <testcase name="getPropertiesNodeNotExist" classname="org.artifactory.storage.db.fs.itest.service.PropertiesServiceImplTest" time="0.006"/>
  <testcase name="hasPropertiesPathWithProperties" classname="org.artifactory.storage.db.fs.itest.service.PropertiesServiceImplTest" time="0.001"/>
  <testcase name="setProperties" classname="org.artifactory.storage.db.fs.itest.service.PropertiesServiceImplTest" time="0.008"/>
  <testcase name="getPropertiesNodeWithMultiValueProperties" classname="org.artifactory.storage.db.fs.itest.service.PropertiesServiceImplTest" time="0.001"/>
  <testcase name="getPropertiesNodeWithProperties" classname="org.artifactory.storage.db.fs.itest.service.PropertiesServiceImplTest" time="0.001"/>
  <testcase name="hasPropertiesPathWithNoProperties" classname="org.artifactory.storage.db.fs.itest.service.PropertiesServiceImplTest" time="0.001"/>
  <testcase name="getPropertiesNodeWithNone" classname="org.artifactory.storage.db.fs.itest.service.PropertiesServiceImplTest" time="0.001"/>
  <testcase name="deleteProperties" classname="org.artifactory.storage.db.fs.itest.service.PropertiesServiceImplTest" time="0.001"/>
  <testcase name="deleteAllUserWatches" classname="org.artifactory.storage.db.fs.itest.dao.WatchesDaoTest" time="0.003"/>
  <testcase name="deleteAllUserWatchesNoSuchUser" classname="org.artifactory.storage.db.fs.itest.dao.WatchesDaoTest" time="0"/>
  <testcase name="deleteUserWatches" classname="org.artifactory.storage.db.fs.itest.dao.WatchesDaoTest" time="0.004"/>
  <testcase name="deleteWatchesNodeWithNoWatches" classname="org.artifactory.storage.db.fs.itest.dao.WatchesDaoTest" time="0.003"/>
  <testcase name="deleteWatchesNodeWithWatches" classname="org.artifactory.storage.db.fs.itest.dao.WatchesDaoTest" time="0.004"/>
  <testcase name="deleteWatchesNonExistentNode" classname="org.artifactory.storage.db.fs.itest.dao.WatchesDaoTest" time="0"/>
  <testcase name="getWatchesNodeNotExist" classname="org.artifactory.storage.db.fs.itest.dao.WatchesDaoTest" time="0"/>
  <testcase name="getWatchesNodeWithWatches" classname="org.artifactory.storage.db.fs.itest.dao.WatchesDaoTest" time="0"/>
  <testcase name="getWatchesNodeWithoutWatches" classname="org.artifactory.storage.db.fs.itest.dao.WatchesDaoTest" time="0"/>
  <testcase name="hasWatchesNodeNotExist" classname="org.artifactory.storage.db.fs.itest.dao.WatchesDaoTest" time="0.003"/>
  <testcase name="hasWatchesNodeWithWatches" classname="org.artifactory.storage.db.fs.itest.dao.WatchesDaoTest" time="0.001"/>
  <testcase name="hasWatchesNodeWithoutWatches" classname="org.artifactory.storage.db.fs.itest.dao.WatchesDaoTest" time="0.001"/>
  <testcase name="insertWatch" classname="org.artifactory.storage.db.fs.itest.dao.WatchesDaoTest" time="0.003"/>
  <testcase name="createWatch" classname="org.artifactory.storage.db.fs.itest.service.WatchesServiceImplTest" time="0.022"/>
  <testcase name="createWatches" classname="org.artifactory.storage.db.fs.itest.service.WatchesServiceImplTest" time="0.002"/>
  <testcase name="deleteAllUserWatches" classname="org.artifactory.storage.db.fs.itest.service.WatchesServiceImplTest" time="0.002"/>
  <testcase name="deleteUserWatches" classname="org.artifactory.storage.db.fs.itest.service.WatchesServiceImplTest" time="0.002"/>
  <testcase name="getWatchesNodeNotExist" classname="org.artifactory.storage.db.fs.itest.service.WatchesServiceImplTest" time="0"/>
  <testcase name="getWatchesNodeWithMultiWatches" classname="org.artifactory.storage.db.fs.itest.service.WatchesServiceImplTest" time="0"/>
  <testcase name="getWatchesNodeWithWatches" classname="org.artifactory.storage.db.fs.itest.service.WatchesServiceImplTest" time="0"/>
  <testcase name="hasWatchesNodeNotExist" classname="org.artifactory.storage.db.fs.itest.service.WatchesServiceImplTest" time="0"/>
  <testcase name="getWatchesNodeWithNone" classname="org.artifactory.storage.db.fs.itest.service.WatchesServiceImplTest" time="0"/>
  <testcase name="deleteUserWatchesNoSuchUser" classname="org.artifactory.storage.db.fs.itest.service.WatchesServiceImplTest" time="0.001"/>
  <testcase name="deleteAllUserWatchesNoSuchUser" classname="org.artifactory.storage.db.fs.itest.service.WatchesServiceImplTest" time="0.001"/>
  <testcase name="hasWatchesNodeWithoutWatches" classname="org.artifactory.storage.db.fs.itest.service.WatchesServiceImplTest" time="0"/>
  <testcase name="hasWatchesNodeWithWatches" classname="org.artifactory.storage.db.fs.itest.service.WatchesServiceImplTest" time="0"/>
  <testcase name="deleteWatches" classname="org.artifactory.storage.db.fs.itest.service.WatchesServiceImplTest" time="0.001"/>
  <testcase name="verifyCachePopulation" classname="org.artifactory.storage.db.fs.itest.service.WatchesServiceImplTest" time="0"/>
  <testcase name="createStatsFileWithoutStats" classname="org.artifactory.storage.db.fs.itest.dao.StatsDaoTest" time="0.006"/>
  <testcase name="deleteStatsFileWithoutStats" classname="org.artifactory.storage.db.fs.itest.dao.StatsDaoTest" time="0.004"/>
  <testcase name="deleteStatsNonExistingNode" classname="org.artifactory.storage.db.fs.itest.dao.StatsDaoTest" time="0.001"/>
  <testcase name="getFileStats" classname="org.artifactory.storage.db.fs.itest.dao.StatsDaoTest" time="0"/>
  <testcase name="getFileStatsWithNoDownloads" classname="org.artifactory.storage.db.fs.itest.dao.StatsDaoTest" time="0"/>
  <testcase name="hasStatsFileWithStats" classname="org.artifactory.storage.db.fs.itest.dao.StatsDaoTest" time="0.004"/>
  <testcase name="hasStatsFileWithoutStats" classname="org.artifactory.storage.db.fs.itest.dao.StatsDaoTest" time="0.001"/>
  <testcase name="hasStatsFolder" classname="org.artifactory.storage.db.fs.itest.dao.StatsDaoTest" time="0.001"/>
  <testcase name="hasStatsNonExistentId" classname="org.artifactory.storage.db.fs.itest.dao.StatsDaoTest" time="0"/>
  <testcase name="updateStatsFileWithoutStats" classname="org.artifactory.storage.db.fs.itest.dao.StatsDaoTest" time="0.004"/>
  <testcase name="createStatsFileWithStats" classname="org.artifactory.storage.db.fs.itest.dao.StatsDaoTest" time="0.002"/>
  <testcase name="updateStatsFileWithStats" classname="org.artifactory.storage.db.fs.itest.dao.StatsDaoTest" time="0.001"/>
  <testcase name="deleteStatsFileWithStats" classname="org.artifactory.storage.db.fs.itest.dao.StatsDaoTest" time="0"/>
  <testcase name="deleteStatsOnNonExistingNode" classname="org.artifactory.storage.db.fs.itest.service.StatsServiceImplTest" time="0"/>
  <testcase name="fileDownloadedOnNonExistingItem" classname="org.artifactory.storage.db.fs.itest.service.StatsServiceImplTest" time="0.787"/>
  <testcase name="getStatsFileWithNoStats" classname="org.artifactory.storage.db.fs.itest.service.StatsServiceImplTest" time="0.001"/>
  <testcase name="getStatsFileWithStats" classname="org.artifactory.storage.db.fs.itest.service.StatsServiceImplTest" time="0.001"/>
  <testcase name="getStatsFolder" classname="org.artifactory.storage.db.fs.itest.service.StatsServiceImplTest" time="0.001"/>
  <testcase name="getStatsNonExistingItem" classname="org.artifactory.storage.db.fs.itest.service.StatsServiceImplTest" time="0.002"/>
  <testcase name="hasStatsFileWithStats" classname="org.artifactory.storage.db.fs.itest.service.StatsServiceImplTest" time="0.001"/>
  <testcase name="hasStatsFileWithoutStats" classname="org.artifactory.storage.db.fs.itest.service.StatsServiceImplTest" time="0.001"/>
  <testcase name="hasStatsFolder" classname="org.artifactory.storage.db.fs.itest.service.StatsServiceImplTest" time="0.002"/>
  <testcase name="hasStatsNonExistentPath" classname="org.artifactory.storage.db.fs.itest.service.StatsServiceImplTest" time="0"/>
  <testcase name="setStatsOnFileWithoutStats" classname="org.artifactory.storage.db.fs.itest.service.StatsServiceImplTest" time="0.003"/>
  <testcase name="fileDownloadedOnFileWithNoStats" classname="org.artifactory.storage.db.fs.itest.service.StatsServiceImplTest" time="0.001"/>
  <testcase name="setStatsOnFileWithStats" classname="org.artifactory.storage.db.fs.itest.service.StatsServiceImplTest" time="0.003"/>
  <testcase name="fileDownloadedOnFileWithStats" classname="org.artifactory.storage.db.fs.itest.service.StatsServiceImplTest" time="0.002"/>
  <testcase name="deleteStatsOnFileWithStats" classname="org.artifactory.storage.db.fs.itest.service.StatsServiceImplTest" time="0.004"/>
  <testcase name="deleteStatsOnFileWithoutStats" classname="org.artifactory.storage.db.fs.itest.service.StatsServiceImplTest" time="0"/>
  <testcase name="createConfig" classname="org.artifactory.storage.db.fs.itest.dao.ConfigsDaoTest" time="0.005"/>
  <testcase name="createStreamConfig" classname="org.artifactory.storage.db.fs.itest.dao.ConfigsDaoTest" time="0.001"/>
  <testcase name="hasConfigNoConfig" classname="org.artifactory.storage.db.fs.itest.dao.ConfigsDaoTest" time="0.004"/>
  <testcase name="loadConfigNoConfig" classname="org.artifactory.storage.db.fs.itest.dao.ConfigsDaoTest" time="0.004"/>
  <testcase name="updateConfigNoConfig" classname="org.artifactory.storage.db.fs.itest.dao.ConfigsDaoTest" time="0.004"/>
  <testcase name="hasConfig" classname="org.artifactory.storage.db.fs.itest.dao.ConfigsDaoTest" time="0.001"/>
  <testcase name="hasStreamConfig" classname="org.artifactory.storage.db.fs.itest.dao.ConfigsDaoTest" time="0"/>
  <testcase name="loadConfig" classname="org.artifactory.storage.db.fs.itest.dao.ConfigsDaoTest" time="0.002"/>
  <testcase name="loadStreamConfig" classname="org.artifactory.storage.db.fs.itest.dao.ConfigsDaoTest" time="0.002"/>
  <testcase name="updateConfig" classname="org.artifactory.storage.db.fs.itest.dao.ConfigsDaoTest" time="0.001"/>
  <testcase name="updateStreamConfig" classname="org.artifactory.storage.db.fs.itest.dao.ConfigsDaoTest" time="0.001"/>
  <testcase name="testDelete" classname="org.artifactory.storage.db.fs.itest.dao.ConfigsDaoTest" time="0.005"/>
  <testcase name="addConfig" classname="org.artifactory.storage.db.fs.itest.service.ConfigsServiceImplTest" time="0.001"/>
  <testcase name="addOrUpdateConfig" classname="org.artifactory.storage.db.fs.itest.service.ConfigsServiceImplTest" time="0.003"/>
  <testcase name="hasConfigNoConfig" classname="org.artifactory.storage.db.fs.itest.service.ConfigsServiceImplTest" time="0.001"/>
  <testcase name="loadConfigNoConfig" classname="org.artifactory.storage.db.fs.itest.service.ConfigsServiceImplTest" time="0.001"/>
  <testcase name="updateConfigNoConfig" classname="org.artifactory.storage.db.fs.itest.service.ConfigsServiceImplTest" time="0.001"/>
  <testcase name="addConfigExistingConfig" classname="org.artifactory.storage.db.fs.itest.service.ConfigsServiceImplTest" time="0"/>
  <testcase name="getConfig" classname="org.artifactory.storage.db.fs.itest.service.ConfigsServiceImplTest" time="0"/>
  <testcase name="hasConfig" classname="org.artifactory.storage.db.fs.itest.service.ConfigsServiceImplTest" time="0"/>
  <testcase name="updateConfig" classname="org.artifactory.storage.db.fs.itest.service.ConfigsServiceImplTest" time="0.001"/>
  <testcase name="createFindArchiveNameEntry" classname="org.artifactory.storage.db.fs.itest.dao.ArchiveEntriesDaoTest" time="0.006"/>
  <testcase name="createFindArchiveNameEntryEmpty" classname="org.artifactory.storage.db.fs.itest.dao.ArchiveEntriesDaoTest" time="0.001"/>
  <testcase name="createFindArchivePathEntry" classname="org.artifactory.storage.db.fs.itest.dao.ArchiveEntriesDaoTest" time="0.005"/>
  <testcase name="createIndexedArchive" classname="org.artifactory.storage.db.fs.itest.dao.ArchiveEntriesDaoTest" time="0.006"/>
  <testcase name="deleteUnreferencedNameIds" classname="org.artifactory.storage.db.fs.itest.dao.ArchiveEntriesDaoTest" time="0.007"/>
  <testcase name="deleteUnreferencedPathIds" classname="org.artifactory.storage.db.fs.itest.dao.ArchiveEntriesDaoTest" time="0.006"/>
  <testcase name="findArchivePathEntryEmpty" classname="org.artifactory.storage.db.fs.itest.dao.ArchiveEntriesDaoTest" time="0.001"/>
  <testcase name="getEntryPathExistingPath" classname="org.artifactory.storage.db.fs.itest.dao.ArchiveEntriesDaoTest" time="0.001"/>
  <testcase name="getEntryPathNonExistingPath" classname="org.artifactory.storage.db.fs.itest.dao.ArchiveEntriesDaoTest" time="0.001"/>
  <testcase name="hasIndexedArchivesEntries" classname="org.artifactory.storage.db.fs.itest.dao.ArchiveEntriesDaoTest" time="0.005"/>
  <testcase name="isIndexed" classname="org.artifactory.storage.db.fs.itest.dao.ArchiveEntriesDaoTest" time="0.001"/>
  <testcase name="isIndexedNoSuchChecksum" classname="org.artifactory.storage.db.fs.itest.dao.ArchiveEntriesDaoTest" time="0"/>
  <testcase name="loadByChecksum" classname="org.artifactory.storage.db.fs.itest.dao.ArchiveEntriesDaoTest" time="0.013"/>
  <testcase name="loadByChecksumNonExisting" classname="org.artifactory.storage.db.fs.itest.dao.ArchiveEntriesDaoTest" time="0.001"/>
  <testcase name="removeByChecksum" classname="org.artifactory.storage.db.fs.itest.dao.ArchiveEntriesDaoTest" time="0.011"/>
  <testcase name="removeByChecksumNoSuchChecksum" classname="org.artifactory.storage.db.fs.itest.dao.ArchiveEntriesDaoTest" time="0"/>
  <testcase name="deleteEntriesNotIndexed" classname="org.artifactory.storage.db.fs.itest.service.ArchiveEntriesServiceImplTest" time="0"/>
  <testcase name="deleteKeepsPathAndName" classname="org.artifactory.storage.db.fs.itest.service.ArchiveEntriesServiceImplTest" time="0.009"/>
  <testcase name="getEntries" classname="org.artifactory.storage.db.fs.itest.service.ArchiveEntriesServiceImplTest" time="0.001"/>
  <testcase name="hasEntries" classname="org.artifactory.storage.db.fs.itest.service.ArchiveEntriesServiceImplTest" time="0.001"/>
  <testcase name="hasEntriesNoSuchChecksum" classname="org.artifactory.storage.db.fs.itest.service.ArchiveEntriesServiceImplTest" time="0"/>
  <testcase name="insertEntries" classname="org.artifactory.storage.db.fs.itest.service.ArchiveEntriesServiceImplTest" time="0.007"/>
  <testcase name="insertEntriesReusedPathAndName" classname="org.artifactory.storage.db.fs.itest.service.ArchiveEntriesServiceImplTest" time="0.012"/>
  <testcase name="deleteEntries" classname="org.artifactory.storage.db.fs.itest.service.ArchiveEntriesServiceImplTest" time="0.002"/>
  <testcase name="create" classname="org.artifactory.storage.db.fs.itest.dao.TasksDaoTest" time="0.008"/>
  <testcase name="createDuplicate" classname="org.artifactory.storage.db.fs.itest.dao.TasksDaoTest" time="0.001"/>
  <testcase name="delete" classname="org.artifactory.storage.db.fs.itest.dao.TasksDaoTest" time="0.004"/>
  <testcase name="exist" classname="org.artifactory.storage.db.fs.itest.dao.TasksDaoTest" time="0.001"/>
  <testcase name="loadByType" classname="org.artifactory.storage.db.fs.itest.dao.TasksDaoTest" time="0"/>
  <testcase name="getIndexTasks" classname="org.artifactory.storage.db.fs.itest.service.TasksServiceImplTest" time="0.001"/>
  <testcase name="hasIndexTask" classname="org.artifactory.storage.db.fs.itest.service.TasksServiceImplTest" time="0"/>
  <testcase name="removeIndexTaskByRepoPathNotExist" classname="org.artifactory.storage.db.fs.itest.service.TasksServiceImplTest" time="0"/>
  <testcase name="addIndexTask" classname="org.artifactory.storage.db.fs.itest.service.TasksServiceImplTest" time="0.001"/>
  <testcase name="removeIndexTaskByRepoPath" classname="org.artifactory.storage.db.fs.itest.service.TasksServiceImplTest" time="0"/>
  <testcase name="removeIndexTask" classname="org.artifactory.storage.db.fs.itest.service.TasksServiceImplTest" time="0.001"/>
  <testcase name="testCreateGroup" classname="org.artifactory.storage.db.security.itest.dao.UserGroupsDaoTest" time="0.003"/>
  <testcase name="testCreateGroupSameId" classname="org.artifactory.storage.db.security.itest.dao.UserGroupsDaoTest" time="0.003"/>
  <testcase name="testCreateGroupSameName" classname="org.artifactory.storage.db.security.itest.dao.UserGroupsDaoTest" time="0.003"/>
  <testcase name="testCreateUser" classname="org.artifactory.storage.db.security.itest.dao.UserGroupsDaoTest" time="0.009"/>
  <testcase name="testCreateUserFailedNoGroups" classname="org.artifactory.storage.db.security.itest.dao.UserGroupsDaoTest" time="0.001"/>
  <testcase name="testCreateUserSameId" classname="org.artifactory.storage.db.security.itest.dao.UserGroupsDaoTest" time="0.002"/>
  <testcase name="testCreateUserSameName" classname="org.artifactory.storage.db.security.itest.dao.UserGroupsDaoTest" time="0.002"/>
  <testcase name="testCreateUserWithFailedGroups" classname="org.artifactory.storage.db.security.itest.dao.UserGroupsDaoTest" time="0.005"/>
  <testcase name="testCreateUserWithGroups" classname="org.artifactory.storage.db.security.itest.dao.UserGroupsDaoTest" time="0.004"/>
  <testcase name="testFindGroupByName" classname="org.artifactory.storage.db.security.itest.dao.UserGroupsDaoTest" time="0.004"/>
  <testcase name="testFindUserById" classname="org.artifactory.storage.db.security.itest.dao.UserGroupsDaoTest" time="0.002"/>
  <testcase name="testFindUserByName" classname="org.artifactory.storage.db.security.itest.dao.UserGroupsDaoTest" time="0.004"/>
  <testcase name="testFindGroupById" classname="org.artifactory.storage.db.security.itest.dao.UserGroupsDaoTest" time="0.003"/>
  <testcase name="testCreateUserWithNulls" classname="org.artifactory.storage.db.security.itest.dao.UserGroupsDaoTest" time="0.002"/>
  <testcase name="testDeleteUserAndGroupLinked" classname="org.artifactory.storage.db.security.itest.dao.UserGroupsDaoTest" time="0.027"/>
  <testcase name="testUpdateGroup" classname="org.artifactory.storage.db.security.itest.dao.UserGroupsDaoTest" time="0.005"/>
  <testcase name="testUpdateUser" classname="org.artifactory.storage.db.security.itest.dao.UserGroupsDaoTest" time="0.008"/>
  <testcase name="testWrongUpdateGroupName" classname="org.artifactory.storage.db.security.itest.dao.UserGroupsDaoTest" time="0.001"/>
  <testcase name="testDeleteGroup" classname="org.artifactory.storage.db.security.itest.dao.UserGroupsDaoTest" time="0.002"/>
  <testcase name="testWrongUpdateUser" classname="org.artifactory.storage.db.security.itest.dao.UserGroupsDaoTest" time="0.002"/>
  <testcase name="testFindGroupByFilter" classname="org.artifactory.storage.db.security.itest.dao.UserGroupsDaoTest" time="0.012"/>
  <testcase name="testDeleteUser" classname="org.artifactory.storage.db.security.itest.dao.UserGroupsDaoTest" time="0.001"/>
  <testcase name="testAddUsersToGroup" classname="org.artifactory.storage.db.security.itest.dao.UserGroupsDaoTest" time="0.028"/>
  <testcase name="testCreateAclNoAces" classname="org.artifactory.storage.db.security.itest.dao.AclsDaoTest" time="0.012"/>
  <testcase name="testCreatePermissionTargetNoRepoKeys" classname="org.artifactory.storage.db.security.itest.dao.AclsDaoTest" time="0.008"/>
  <testcase name="testFindAclById" classname="org.artifactory.storage.db.security.itest.dao.AclsDaoTest" time="0.002"/>
  <testcase name="testFindAclByPermissionTargetId" classname="org.artifactory.storage.db.security.itest.dao.AclsDaoTest" time="0.001"/>
  <testcase name="testLoadPermissionTargets" classname="org.artifactory.storage.db.security.itest.dao.AclsDaoTest" time="0.002"/>
  <testcase name="testUserOrGroupHasAce" classname="org.artifactory.storage.db.security.itest.dao.AclsDaoTest" time="0.007"/>
  <testcase name="testCreateAclWithAces" classname="org.artifactory.storage.db.security.itest.dao.AclsDaoTest" time="0.005"/>
  <testcase name="testCreatePermissionTargetWithRepoKeys" classname="org.artifactory.storage.db.security.itest.dao.AclsDaoTest" time="0.003"/>
  <testcase name="testCreatePermissionTargetWrongRepoKeys" classname="org.artifactory.storage.db.security.itest.dao.AclsDaoTest" time="0.001"/>
  <testcase name="testDeleteAcls" classname="org.artifactory.storage.db.security.itest.dao.AclsDaoTest" time="0.013"/>
  <testcase name="testDeletePermissionTarget" classname="org.artifactory.storage.db.security.itest.dao.AclsDaoTest" time="0.003"/>
  <testcase name="testLoadAllAcls" classname="org.artifactory.storage.db.security.itest.dao.AclsDaoTest" time="0.005"/>
  <testcase name="testDeletePermissionTargetWithAcl" classname="org.artifactory.storage.db.security.itest.dao.FullDeleteAclsDaoTest" time="0.002"/>
  <testcase name="testDeleteUserWithAce" classname="org.artifactory.storage.db.security.itest.dao.FullDeleteAclsDaoTest" time="0.002"/>
  <testcase name="testDeleteAllData" classname="org.artifactory.storage.db.security.itest.dao.FullDeleteAclsDaoTest" time="0.006"/>
  <testcase name="testDeleteLastAdmin" classname="org.artifactory.storage.db.security.itest.dao.FullDeleteUserGroupsDaoTest" time="0.009"/>
  <testcase name="testDeleteAllData" classname="org.artifactory.storage.db.security.itest.dao.FullDeleteUserGroupsDaoTest" time="0.002"/>
  <testcase name="createGroupExistingGroupName" classname="org.artifactory.storage.db.security.itest.service.UserGroupServiceImplTest" time="0.001"/>
  <testcase name="createUserExistingUsername" classname="org.artifactory.storage.db.security.itest.service.UserGroupServiceImplTest" time="0.003"/>
  <testcase name="createUserTest" classname="org.artifactory.storage.db.security.itest.service.UserGroupServiceImplTest" time="0.009"/>
  <testcase name="hasAnonymousUser" classname="org.artifactory.storage.db.security.itest.service.UserGroupServiceImplTest" time="0.001"/>
  <testcase name="hasDefaultAdmin" classname="org.artifactory.storage.db.security.itest.service.UserGroupServiceImplTest" time="0"/>
  <testcase name="preBuildTree" classname="org.artifactory.storage.db.fs.itest.ItemTreeTest" time="0.013"/>
  <testcase name="rootItemTree" classname="org.artifactory.storage.db.fs.itest.ItemTreeTest" time="0.007"/>
  <testcase name="treeWithFilter" classname="org.artifactory.storage.db.fs.itest.ItemTreeTest" time="0.001"/>
  <testcase name="testCreateBuildSameNameAndNumber" classname="org.artifactory.storage.db.build.itest.dao.BuildsDaoTest" time="0.153"/>
  <testcase name="testCreateBuildWithPromotions" classname="org.artifactory.storage.db.build.itest.dao.BuildsDaoTest" time="0.006"/>
  <testcase name="testCreateBuildWithProps" classname="org.artifactory.storage.db.build.itest.dao.BuildsDaoTest" time="0.004"/>
  <testcase name="testCreateBuildWithPropsAndPromotions" classname="org.artifactory.storage.db.build.itest.dao.BuildsDaoTest" time="0.004"/>
  <testcase name="testFindBuildsForArtifactMD5Checksum" classname="org.artifactory.storage.db.build.itest.dao.BuildsDaoTest" time="0.013"/>
  <testcase name="testFindBuildsForArtifactSHA1Checksum" classname="org.artifactory.storage.db.build.itest.dao.BuildsDaoTest" time="0.014"/>
  <testcase name="testFindBuildsForDependencyMD5Checksum" classname="org.artifactory.storage.db.build.itest.dao.BuildsDaoTest" time="0.013"/>
  <testcase name="testFindBuildsForDependencySHA1Checksum" classname="org.artifactory.storage.db.build.itest.dao.BuildsDaoTest" time="0.012"/>
  <testcase name="testSimpleCreateBuild" classname="org.artifactory.storage.db.build.itest.dao.BuildsDaoTest" time="0.002"/>
  <testcase name="testReadBuildsById" classname="org.artifactory.storage.db.build.itest.dao.BuildsDaoTest" time="0.004"/>
  <testcase name="testCreateBuildSameId" classname="org.artifactory.storage.db.build.itest.dao.BuildsDaoTest" time="0.002"/>
  <testcase name="testReadBuildsByFullPath" classname="org.artifactory.storage.db.build.itest.dao.BuildsDaoTest" time="0.007"/>
  <testcase name="testFindLatestBuildDate" classname="org.artifactory.storage.db.build.itest.dao.BuildsDaoTest" time="0.004"/>
  <testcase name="testDeleteBuilds" classname="org.artifactory.storage.db.build.itest.dao.BuildsDaoTest" time="0.025"/>
  <testcase name="testReadBuildsByName" classname="org.artifactory.storage.db.build.itest.dao.BuildsDaoTest" time="0.007"/>
  <testcase name="testCreateTwoBuildModulesWithProperties" classname="org.artifactory.storage.db.build.itest.dao.BuildModulesDaoTest" time="0.016"/>
  <testcase name="testReadBuildModulesById" classname="org.artifactory.storage.db.build.itest.dao.BuildModulesDaoTest" time="0.004"/>
  <testcase name="testSimpleCreateBuildModule" classname="org.artifactory.storage.db.build.itest.dao.BuildModulesDaoTest" time="0.002"/>
  <testcase name="testDeleteBuildModules" classname="org.artifactory.storage.db.build.itest.dao.BuildModulesDaoTest" time="0.015"/>
  <testcase name="testCreateMultipleArtifacts" classname="org.artifactory.storage.db.build.itest.dao.BuildArtifactsDaoTest" time="0.012"/>
  <testcase name="testCreateNullChecksumsDependencies" classname="org.artifactory.storage.db.build.itest.dao.BuildArtifactsDaoTest" time="0.006"/>
  <testcase name="testCreateSimpleArtifact" classname="org.artifactory.storage.db.build.itest.dao.BuildArtifactsDaoTest" time="0.005"/>
  <testcase name="testFindByMd5" classname="org.artifactory.storage.db.build.itest.dao.BuildArtifactsDaoTest" time="0.003"/>
  <testcase name="testFindBySha1" classname="org.artifactory.storage.db.build.itest.dao.BuildArtifactsDaoTest" time="0.004"/>
  <testcase name="testDeleteBuildArtifacts" classname="org.artifactory.storage.db.build.itest.dao.BuildArtifactsDaoTest" time="0.008"/>
  <testcase name="testCreateMultipleDependencies" classname="org.artifactory.storage.db.build.itest.dao.BuildDependenciesDaoTest" time="0.012"/>
  <testcase name="testCreateNullChecksumsDependencies" classname="org.artifactory.storage.db.build.itest.dao.BuildDependenciesDaoTest" time="0.006"/>
  <testcase name="testCreateSimpleDependency" classname="org.artifactory.storage.db.build.itest.dao.BuildDependenciesDaoTest" time="0.005"/>
  <testcase name="testFindByMd5" classname="org.artifactory.storage.db.build.itest.dao.BuildDependenciesDaoTest" time="0.003"/>
  <testcase name="testFindBySha1" classname="org.artifactory.storage.db.build.itest.dao.BuildDependenciesDaoTest" time="0.003"/>
  <testcase name="testDeleteBuildDependencies" classname="org.artifactory.storage.db.build.itest.dao.BuildDependenciesDaoTest" time="0.009"/>
  <testcase name="testAddBuild" classname="org.artifactory.storage.db.build.itest.service.BuildStoreServiceImplTest" time="0.119"/>
  <testcase name="testSearchByChecksum" classname="org.artifactory.storage.db.build.itest.service.BuildStoreServiceImplTest" time="0"/>
  <testcase name="testFindBuild" classname="org.artifactory.storage.db.build.itest.service.BuildStoreServiceImplTest" time="0.002"/>
  <testcase name="testGetAllBuildNames" classname="org.artifactory.storage.db.build.itest.service.BuildStoreServiceImplTest" time="0.003"/>
  <testcase name="testDeleteBuildB" classname="org.artifactory.storage.db.build.itest.service.BuildStoreServiceImplTest" time="0.008"/>
  <testcase name="testDeleteOneBuildA" classname="org.artifactory.storage.db.build.itest.service.BuildStoreServiceImplTest" time="0.006"/>
  <testcase name="testEmpty" classname="org.artifactory.storage.db.binstore.itest.service.BinaryStoreImplFileProviderTest" time="0.041"/>
  <testcase name="testLoadResources" classname="org.artifactory.storage.db.binstore.itest.service.BinaryStoreImplFileProviderTest" time="0.011"/>
  <testcase name="testLoadResources" classname="org.artifactory.storage.db.binstore.itest.service.BinaryStoreImplFileProviderTest" time="0.006"/>
  <testcase name="testLoadResources" classname="org.artifactory.storage.db.binstore.itest.service.BinaryStoreImplFileProviderTest" time="0.003"/>
  <testcase name="testLoadResources" classname="org.artifactory.storage.db.binstore.itest.service.BinaryStoreImplFileProviderTest" time="0.003"/>
  <testcase name="testLoadedNothingToDelete" classname="org.artifactory.storage.db.binstore.itest.service.BinaryStoreImplFileProviderTest" time="0.022"/>
  <testcase name="testGarbageOneByOne" classname="org.artifactory.storage.db.binstore.itest.service.BinaryStoreImplFileProviderTest" time="0.025"/>
  <testcase name="testGarbageOneByOne" classname="org.artifactory.storage.db.binstore.itest.service.BinaryStoreImplFileProviderTest" time="0.005"/>
  <testcase name="testGarbageOneByOne" classname="org.artifactory.storage.db.binstore.itest.service.BinaryStoreImplFileProviderTest" time="0.006"/>
  <testcase name="testGarbageOneByOne" classname="org.artifactory.storage.db.binstore.itest.service.BinaryStoreImplFileProviderTest" time="0.005"/>
  <testcase name="testEmpty" classname="org.artifactory.storage.db.binstore.itest.service.BinaryStoreImplFullPathFileProviderTest" time="0.005"/>
  <testcase name="testLoadResources" classname="org.artifactory.storage.db.binstore.itest.service.BinaryStoreImplFullPathFileProviderTest" time="0.003"/>
  <testcase name="testLoadResources" classname="org.artifactory.storage.db.binstore.itest.service.BinaryStoreImplFullPathFileProviderTest" time="0.002"/>
  <testcase name="testLoadResources" classname="org.artifactory.storage.db.binstore.itest.service.BinaryStoreImplFullPathFileProviderTest" time="0.002"/>
  <testcase name="testLoadResources" classname="org.artifactory.storage.db.binstore.itest.service.BinaryStoreImplFullPathFileProviderTest" time="0.003"/>
  <testcase name="testLoadedNothingToDelete" classname="org.artifactory.storage.db.binstore.itest.service.BinaryStoreImplFullPathFileProviderTest" time="0.015"/>
  <testcase name="testGarbageOneByOne" classname="org.artifactory.storage.db.binstore.itest.service.BinaryStoreImplFullPathFileProviderTest" time="0.008"/>
  <testcase name="testGarbageOneByOne" classname="org.artifactory.storage.db.binstore.itest.service.BinaryStoreImplFullPathFileProviderTest" time="0.011"/>
  <testcase name="testGarbageOneByOne" classname="org.artifactory.storage.db.binstore.itest.service.BinaryStoreImplFullPathFileProviderTest" time="0.003"/>
  <testcase name="testGarbageOneByOne" classname="org.artifactory.storage.db.binstore.itest.service.BinaryStoreImplFullPathFileProviderTest" time="0.005"/>
  <testcase name="testEmpty" classname="org.artifactory.storage.db.binstore.itest.service.BinaryStoreImplFullDbProviderTest" time="0.008"/>
  <testcase name="testLoadResources" classname="org.artifactory.storage.db.binstore.itest.service.BinaryStoreImplFullDbProviderTest" time="0.015"/>
  <testcase name="testLoadResources" classname="org.artifactory.storage.db.binstore.itest.service.BinaryStoreImplFullDbProviderTest" time="0.003"/>
  <testcase name="testLoadResources" classname="org.artifactory.storage.db.binstore.itest.service.BinaryStoreImplFullDbProviderTest" time="0.004"/>
  <testcase name="testLoadResources" classname="org.artifactory.storage.db.binstore.itest.service.BinaryStoreImplFullDbProviderTest" time="0.003"/>
  <testcase name="testLoadedNothingToDelete" classname="org.artifactory.storage.db.binstore.itest.service.BinaryStoreImplFullDbProviderTest" time="0.028"/>
  <testcase name="testGarbageOneByOne" classname="org.artifactory.storage.db.binstore.itest.service.BinaryStoreImplFullDbProviderTest" time="0"/>
  <testcase name="testGarbageOneByOne" classname="org.artifactory.storage.db.binstore.itest.service.BinaryStoreImplFullDbProviderTest" time="0.004"/>
  <testcase name="testGarbageOneByOne" classname="org.artifactory.storage.db.binstore.itest.service.BinaryStoreImplFullDbProviderTest" time="0.006"/>
  <testcase name="testGarbageOneByOne" classname="org.artifactory.storage.db.binstore.itest.service.BinaryStoreImplFullDbProviderTest" time="0.005"/>
  <testcase name="testEmpty" classname="org.artifactory.storage.db.binstore.itest.service.BinaryStoreImplCachedFSProviderTest" time="0.005"/>
  <testcase name="testLoadResources" classname="org.artifactory.storage.db.binstore.itest.service.BinaryStoreImplCachedFSProviderTest" time="0.003"/>
  <testcase name="testLoadResources" classname="org.artifactory.storage.db.binstore.itest.service.BinaryStoreImplCachedFSProviderTest" time="0.003"/>
  <testcase name="testLoadResources" classname="org.artifactory.storage.db.binstore.itest.service.BinaryStoreImplCachedFSProviderTest" time="0.003"/>
  <testcase name="testLoadResources" classname="org.artifactory.storage.db.binstore.itest.service.BinaryStoreImplCachedFSProviderTest" time="0.004"/>
  <testcase name="testLoadedNothingToDelete" classname="org.artifactory.storage.db.binstore.itest.service.BinaryStoreImplCachedFSProviderTest" time="0.017"/>
  <testcase name="testGarbageOneByOne" classname="org.artifactory.storage.db.binstore.itest.service.BinaryStoreImplCachedFSProviderTest" time="0.021"/>
  <testcase name="testGarbageOneByOne" classname="org.artifactory.storage.db.binstore.itest.service.BinaryStoreImplCachedFSProviderTest" time="0"/>
  <testcase name="testGarbageOneByOne" classname="org.artifactory.storage.db.binstore.itest.service.BinaryStoreImplCachedFSProviderTest" time="0.003"/>
  <testcase name="testGarbageOneByOne" classname="org.artifactory.storage.db.binstore.itest.service.BinaryStoreImplCachedFSProviderTest" time="0.007"/>
  <testcase name="testEmpty" classname="org.artifactory.storage.db.binstore.itest.service.BinaryStoreExternalProviderPassThroughTest" time="0.005"/>
  <testcase name="testLoadResources" classname="org.artifactory.storage.db.binstore.itest.service.BinaryStoreExternalProviderPassThroughTest" time="0.002"/>
  <testcase name="testLoadResources" classname="org.artifactory.storage.db.binstore.itest.service.BinaryStoreExternalProviderPassThroughTest" time="0.002"/>
  <testcase name="testLoadResources" classname="org.artifactory.storage.db.binstore.itest.service.BinaryStoreExternalProviderPassThroughTest" time="0.001"/>
  <testcase name="testLoadResources" classname="org.artifactory.storage.db.binstore.itest.service.BinaryStoreExternalProviderPassThroughTest" time="0.002"/>
  <testcase name="testLoadedNothingToDelete" classname="org.artifactory.storage.db.binstore.itest.service.BinaryStoreExternalProviderPassThroughTest" time="0.018"/>
  <testcase name="testGarbageOneByOne" classname="org.artifactory.storage.db.binstore.itest.service.BinaryStoreExternalProviderPassThroughTest" time="0.027"/>
  <testcase name="testGarbageOneByOne" classname="org.artifactory.storage.db.binstore.itest.service.BinaryStoreExternalProviderPassThroughTest" time="0"/>
  <testcase name="testGarbageOneByOne" classname="org.artifactory.storage.db.binstore.itest.service.BinaryStoreExternalProviderPassThroughTest" time="0"/>
  <testcase name="testGarbageOneByOne" classname="org.artifactory.storage.db.binstore.itest.service.BinaryStoreExternalProviderPassThroughTest" time="0.005"/>
  <testcase name="testEmpty" classname="org.artifactory.storage.db.binstore.itest.service.BinaryStoreExternalProviderCopyFirstTest" time="0.01"/>
  <testcase name="testLoadResources" classname="org.artifactory.storage.db.binstore.itest.service.BinaryStoreExternalProviderCopyFirstTest" time="0.002"/>
  <testcase name="testLoadResources" classname="org.artifactory.storage.db.binstore.itest.service.BinaryStoreExternalProviderCopyFirstTest" time="0.002"/>
  <testcase name="testLoadResources" classname="org.artifactory.storage.db.binstore.itest.service.BinaryStoreExternalProviderCopyFirstTest" time="0.002"/>
  <testcase name="testLoadResources" classname="org.artifactory.storage.db.binstore.itest.service.BinaryStoreExternalProviderCopyFirstTest" time="0.002"/>
  <testcase name="testLoadedNothingToDelete" classname="org.artifactory.storage.db.binstore.itest.service.BinaryStoreExternalProviderCopyFirstTest" time="0.016"/>
  <testcase name="testGarbageOneByOne" classname="org.artifactory.storage.db.binstore.itest.service.BinaryStoreExternalProviderCopyFirstTest" time="0.006"/>
  <testcase name="testGarbageOneByOne" classname="org.artifactory.storage.db.binstore.itest.service.BinaryStoreExternalProviderCopyFirstTest" time="0.006"/>
  <testcase name="testGarbageOneByOne" classname="org.artifactory.storage.db.binstore.itest.service.BinaryStoreExternalProviderCopyFirstTest" time="0.033"/>
  <testcase name="testGarbageOneByOne" classname="org.artifactory.storage.db.binstore.itest.service.BinaryStoreExternalProviderCopyFirstTest" time="0"/>
  <testcase name="testEmpty" classname="org.artifactory.storage.db.binstore.itest.service.BinaryStoreExternalProviderCopyOnReadTest" time="0.004"/>
  <testcase name="testLoadResources" classname="org.artifactory.storage.db.binstore.itest.service.BinaryStoreExternalProviderCopyOnReadTest" time="0.002"/>
  <testcase name="testLoadResources" classname="org.artifactory.storage.db.binstore.itest.service.BinaryStoreExternalProviderCopyOnReadTest" time="0.001"/>
  <testcase name="testLoadResources" classname="org.artifactory.storage.db.binstore.itest.service.BinaryStoreExternalProviderCopyOnReadTest" time="0.001"/>
  <testcase name="testLoadResources" classname="org.artifactory.storage.db.binstore.itest.service.BinaryStoreExternalProviderCopyOnReadTest" time="0.002"/>
  <testcase name="testLoadedNothingToDelete" classname="org.artifactory.storage.db.binstore.itest.service.BinaryStoreExternalProviderCopyOnReadTest" time="0.031"/>
  <testcase name="testGarbageOneByOne" classname="org.artifactory.storage.db.binstore.itest.service.BinaryStoreExternalProviderCopyOnReadTest" time="0.001"/>
  <testcase name="testGarbageOneByOne" classname="org.artifactory.storage.db.binstore.itest.service.BinaryStoreExternalProviderCopyOnReadTest" time="0.001"/>
  <testcase name="testGarbageOneByOne" classname="org.artifactory.storage.db.binstore.itest.service.BinaryStoreExternalProviderCopyOnReadTest" time="0.006"/>
  <testcase name="testGarbageOneByOne" classname="org.artifactory.storage.db.binstore.itest.service.BinaryStoreExternalProviderCopyOnReadTest" time="0.005"/>
  <testcase name="testEmpty" classname="org.artifactory.storage.db.binstore.itest.service.BinaryStoreExternalProviderMoveTest" time="0.006"/>
  <testcase name="testLoadResources" classname="org.artifactory.storage.db.binstore.itest.service.BinaryStoreExternalProviderMoveTest" time="0.002"/>
  <testcase name="testLoadResources" classname="org.artifactory.storage.db.binstore.itest.service.BinaryStoreExternalProviderMoveTest" time="0.002"/>
  <testcase name="testLoadResources" classname="org.artifactory.storage.db.binstore.itest.service.BinaryStoreExternalProviderMoveTest" time="0.002"/>
  <testcase name="testLoadResources" classname="org.artifactory.storage.db.binstore.itest.service.BinaryStoreExternalProviderMoveTest" time="0.002"/>
  <testcase name="testLoadedNothingToDelete" classname="org.artifactory.storage.db.binstore.itest.service.BinaryStoreExternalProviderMoveTest" time="0.016"/>
  <testcase name="testGarbageOneByOne" classname="org.artifactory.storage.db.binstore.itest.service.BinaryStoreExternalProviderMoveTest" time="0.006"/>
  <testcase name="testGarbageOneByOne" classname="org.artifactory.storage.db.binstore.itest.service.BinaryStoreExternalProviderMoveTest" time="0.019"/>
  <testcase name="testGarbageOneByOne" classname="org.artifactory.storage.db.binstore.itest.service.BinaryStoreExternalProviderMoveTest" time="0"/>
  <testcase name="testGarbageOneByOne" classname="org.artifactory.storage.db.binstore.itest.service.BinaryStoreExternalProviderMoveTest" time="0"/>
  <testcase name="createFileValidChars" classname="org.artifactory.storage.db.fs.itest.service.FileServiceSpecialCharsTest" time="0.024"/>
  <testcase name="createFolderValidChars" classname="org.artifactory.storage.db.fs.itest.service.FileServiceSpecialCharsTest" time="0.005"/>
  <testcase name="illegalColon" classname="org.artifactory.storage.db.fs.itest.service.FileServiceSpecialCharsTest" time="0"/>
  <testcase name="illegalPipe" classname="org.artifactory.storage.db.fs.itest.service.FileServiceSpecialCharsTest" time="0"/>
  <testcase name="illegalQuestionMark" classname="org.artifactory.storage.db.fs.itest.service.FileServiceSpecialCharsTest" time="0"/>
  <testcase name="illegalQuotationMark" classname="org.artifactory.storage.db.fs.itest.service.FileServiceSpecialCharsTest" time="0"/>
  <testcase name="illegalStar" classname="org.artifactory.storage.db.fs.itest.service.FileServiceSpecialCharsTest" time="0.001"/>
  <testcase name="invalidAllSpaces" classname="org.artifactory.storage.db.fs.itest.service.FileServiceSpecialCharsTest" time="0.003"/>
  <testcase name="invalidDot" classname="org.artifactory.storage.db.fs.itest.service.FileServiceSpecialCharsTest" time="0"/>
  <testcase name="invalidDotDot" classname="org.artifactory.storage.db.fs.itest.service.FileServiceSpecialCharsTest" time="0"/>
  <testcase name="invalidSingleAmpersand" classname="org.artifactory.storage.db.fs.itest.service.FileServiceSpecialCharsTest" time="0.001"/>
  <testcase name="invalidSingleColon" classname="org.artifactory.storage.db.fs.itest.service.FileServiceSpecialCharsTest" time="0"/>
  <testcase name="invalidSingleDot" classname="org.artifactory.storage.db.fs.itest.service.FileServiceSpecialCharsTest" time="0"/>
  <testcase name="invalidSingleDotDot" classname="org.artifactory.storage.db.fs.itest.service.FileServiceSpecialCharsTest" time="0"/>
  <testcase name="invalidSpaceAfterSlash" classname="org.artifactory.storage.db.fs.itest.service.FileServiceSpecialCharsTest" time="0"/>
  <testcase name="invalidSpaceBeforeSlash" classname="org.artifactory.storage.db.fs.itest.service.FileServiceSpecialCharsTest" time="0"/>
  <testcase name="rootRepo" classname="org.artifactory.storage.db.fs.itest.service.FileServiceSpecialCharsTest" time="0.002"/>
  <testcase name="validCarretLeft" classname="org.artifactory.storage.db.fs.itest.service.FileServiceSpecialCharsTest" time="0.003"/>
  <testcase name="validCarretRight" classname="org.artifactory.storage.db.fs.itest.service.FileServiceSpecialCharsTest" time="0.004"/>
</testsuite>