<?xml version="1.0" encoding="UTF-8"?>
<!-- Generated by org.testng.reporters.JUnitXMLReporter -->
<testsuite hostname="eli-mpb-4.local" name="Command line test a7071504-4bab-4e0e-a48c-d3a748c8c8cb" tests="3" failures="0" timestamp="27 Nov 2014 18:03:54 GMT" time="0.003" errors="0">
  <testcase name="nonClosedStream" time="0.001" classname="org.artifactory.io.checksum.ChecksumInputStreamTest"/>
  <testcase name="offsetInputStream" time="0.0" classname="org.artifactory.io.checksum.ChecksumInputStreamTest"/>
  <testcase name="simpleInputStream" time="0.0" classname="org.artifactory.io.checksum.ChecksumInputStreamTest"/>
</testsuite> <!-- Command line test a7071504-4bab-4e0e-a48c-d3a748c8c8cb -->
