<?xml version="1.0" encoding="UTF-8"?>
<!-- Generated by org.testng.reporters.JUnitXMLReporter -->
<testsuite hostname="eli-mpb-4.local" name="Command line test eb432101-6366-416c-9482-a93db020c803" tests="2" failures="0" timestamp="27 Nov 2014 18:02:49 GMT" time="0.024" errors="0">
  <testcase name="loggerExists" time="0.004" classname="org.artifactory.logging.version.v3.LogbackJFrogInfoConverterTest"/>
  <testcase name="loggerIsMissing" time="0.004" classname="org.artifactory.logging.version.v3.LogbackJFrogInfoConverterTest"/>
</testsuite> <!-- Command line test eb432101-6366-416c-9482-a93db020c803 -->
