<?xml version="1.0" encoding="UTF-8"?>
<!-- Generated by org.testng.reporters.JUnitXMLReporter -->
<testsuite hostname="eli-mpb-4.local" name="BuildStoreServiceImplTest" tests="6" failures="0" timestamp="27 Nov 2014 18:03:46 GMT" time="0.178" errors="0">
  <testcase name="testAddBuild" time="0.119" classname="org.artifactory.storage.db.build.itest.service.BuildStoreServiceImplTest"/>
  <testcase name="testSearchByChecksum" time="0.0" classname="org.artifactory.storage.db.build.itest.service.BuildStoreServiceImplTest"/>
  <testcase name="testFindBuild" time="0.002" classname="org.artifactory.storage.db.build.itest.service.BuildStoreServiceImplTest"/>
  <testcase name="testGetAllBuildNames" time="0.003" classname="org.artifactory.storage.db.build.itest.service.BuildStoreServiceImplTest"/>
  <testcase name="testDeleteBuildB" time="0.008" classname="org.artifactory.storage.db.build.itest.service.BuildStoreServiceImplTest"/>
  <testcase name="testDeleteOneBuildA" time="0.006" classname="org.artifactory.storage.db.build.itest.service.BuildStoreServiceImplTest"/>
</testsuite> <!-- BuildStoreServiceImplTest -->
