<?xml version="1.0" encoding="UTF-8"?>
<!-- Generated by org.testng.reporters.JUnitXMLReporter -->
<testsuite hostname="eli-mpb-4.local" name="ConfigsDaoTest" tests="12" failures="0" timestamp="27 Nov 2014 18:03:44 GMT" time="0.122" errors="0">
  <testcase name="createConfig" time="0.005" classname="org.artifactory.storage.db.fs.itest.dao.ConfigsDaoTest"/>
  <testcase name="createStreamConfig" time="0.001" classname="org.artifactory.storage.db.fs.itest.dao.ConfigsDaoTest"/>
  <testcase name="hasConfigNoConfig" time="0.004" classname="org.artifactory.storage.db.fs.itest.dao.ConfigsDaoTest"/>
  <testcase name="loadConfigNoConfig" time="0.005" classname="org.artifactory.storage.db.fs.itest.dao.ConfigsDaoTest"/>
  <testcase name="updateConfigNoConfig" time="0.003" classname="org.artifactory.storage.db.fs.itest.dao.ConfigsDaoTest"/>
  <testcase name="hasConfig" time="0.0" classname="org.artifactory.storage.db.fs.itest.dao.ConfigsDaoTest"/>
  <testcase name="hasStreamConfig" time="0.0" classname="org.artifactory.storage.db.fs.itest.dao.ConfigsDaoTest"/>
  <testcase name="loadConfig" time="0.002" classname="org.artifactory.storage.db.fs.itest.dao.ConfigsDaoTest"/>
  <testcase name="loadStreamConfig" time="0.002" classname="org.artifactory.storage.db.fs.itest.dao.ConfigsDaoTest"/>
  <testcase name="updateConfig" time="0.001" classname="org.artifactory.storage.db.fs.itest.dao.ConfigsDaoTest"/>
  <testcase name="updateStreamConfig" time="0.001" classname="org.artifactory.storage.db.fs.itest.dao.ConfigsDaoTest"/>
  <testcase name="testDelete" time="0.005" classname="org.artifactory.storage.db.fs.itest.dao.ConfigsDaoTest"/>
</testsuite> <!-- ConfigsDaoTest -->
