<?xml version="1.0" encoding="UTF-8"?>
<!-- Generated by org.testng.reporters.JUnitXMLReporter -->
<testsuite hostname="eli-mpb-4.local" name="Command line test 008fd3e3-2b12-4980-9775-faa7fcbb8419" tests="3" failures="0" timestamp="27 Nov 2014 18:03:55 GMT" time="0.002" errors="0">
  <testcase name="nullPath" time="0.0" classname="org.artifactory.repo.service.mover.RepoPathIteratorTest"/>
  <testcase name="rootRepoPath" time="0.0" classname="org.artifactory.repo.service.mover.RepoPathIteratorTest"/>
  <testcase name="twoLevelsRepoPath" time="0.001" classname="org.artifactory.repo.service.mover.RepoPathIteratorTest"/>
</testsuite> <!-- Command line test 008fd3e3-2b12-4980-9775-faa7fcbb8419 -->
