<?xml version="1.0" encoding="UTF-8"?>
<!-- Generated by org.testng.reporters.JUnitReportReporter -->
<testsuite hostname="eli-mpb-4.local" name="org.artifactory.storage.db.build.itest.dao.BuildDependenciesDaoTest" tests="6" failures="0" timestamp="27 Nov 2014 18:03:47 GMT" time="0.039" errors="0">
  <testcase name="testDeleteBuildDependencies" time="0.008" classname="org.artifactory.storage.db.build.itest.dao.BuildDependenciesDaoTest"/>
  <testcase name="testFindBySha1" time="0.003" classname="org.artifactory.storage.db.build.itest.dao.BuildDependenciesDaoTest"/>
  <testcase name="testCreateSimpleDependency" time="0.005" classname="org.artifactory.storage.db.build.itest.dao.BuildDependenciesDaoTest"/>
  <testcase name="testCreateNullChecksumsDependencies" time="0.006" classname="org.artifactory.storage.db.build.itest.dao.BuildDependenciesDaoTest"/>
  <testcase name="testCreateMultipleDependencies" time="0.014" classname="org.artifactory.storage.db.build.itest.dao.BuildDependenciesDaoTest"/>
  <testcase name="testFindByMd5" time="0.003" classname="org.artifactory.storage.db.build.itest.dao.BuildDependenciesDaoTest"/>
</testsuite> <!-- org.artifactory.storage.db.build.itest.dao.BuildDependenciesDaoTest -->
