<?xml version="1.0" encoding="UTF-8"?>
<!-- Generated by org.testng.reporters.JUnitXMLReporter -->
<testsuite hostname="eli-mpb-4.local" name="Command line test 25076ff1-b712-4577-be12-20eb201601ba" tests="2" failures="0" timestamp="27 Nov 2014 18:03:09 GMT" time="0.007" errors="0">
  <testcase name="addRemoveGroup" time="0.001" classname="org.artifactory.api.security.UserInfoTest"/>
  <testcase name="copyConstructor" time="0.005" classname="org.artifactory.api.security.UserInfoTest"/>
</testsuite> <!-- Command line test 25076ff1-b712-4577-be12-20eb201601ba -->
