<?xml version="1.0" encoding="UTF-8"?>
<testng-results skipped="0" failed="0" total="225" passed="225">
  <reporter-output>
  </reporter-output>
  <suite name="Command line suite" duration-ms="9071" started-at="2013-05-13T13:10:38Z" finished-at="2013-05-13T13:10:47Z">
    <groups>
    </groups>
    <test name="Command line test" duration-ms="9071" started-at="2013-05-13T13:10:38Z" finished-at="2013-05-13T13:10:47Z">
      <class name="org.artifactory.mime.MimeTypesTest">
        <test-method status="PASS" signature="getByExtension()[pri:0, instance:org.artifactory.mime.MimeTypesTest@5bdeaff7]" name="getByExtension" duration-ms="1" started-at="2013-05-13T13:10:46Z" finished-at="2013-05-13T13:10:46Z">
          <reporter-output>
          </reporter-output>
        </test-method> <!-- getByExtension -->
        <test-method status="PASS" signature="setup()[pri:0, instance:org.artifactory.mime.MimeTypesTest@5bdeaff7]" name="setup" is-config="true" duration-ms="0" started-at="2013-05-13T13:10:46Z" finished-at="2013-05-13T13:10:46Z">
          <reporter-output>
          </reporter-output>
        </test-method> <!-- setup -->
        <test-method status="PASS" signature="setup()[pri:0, instance:org.artifactory.mime.MimeTypesTest@5bdeaff7]" name="setup" is-config="true" duration-ms="0" started-at="2013-05-13T13:10:46Z" finished-at="2013-05-13T13:10:46Z">
          <reporter-output>
          </reporter-output>
        </test-method> <!-- setup -->
        <test-method status="PASS" signature="getByExtensionUpperCase()[pri:0, instance:org.artifactory.mime.MimeTypesTest@5bdeaff7]" name="getByExtensionUpperCase" duration-ms="0" started-at="2013-05-13T13:10:46Z" finished-at="2013-05-13T13:10:46Z">
          <reporter-output>
          </reporter-output>
        </test-method> <!-- getByExtensionUpperCase -->
        <test-method status="PASS" signature="getForUnknownExtension()[pri:0, instance:org.artifactory.mime.MimeTypesTest@5bdeaff7]" name="getForUnknownExtension" duration-ms="1" started-at="2013-05-13T13:10:46Z" finished-at="2013-05-13T13:10:46Z">
          <reporter-output>
          </reporter-output>
        </test-method> <!-- getForUnknownExtension -->
        <test-method status="PASS" signature="setup()[pri:0, instance:org.artifactory.mime.MimeTypesTest@5bdeaff7]" name="setup" is-config="true" duration-ms="0" started-at="2013-05-13T13:10:46Z" finished-at="2013-05-13T13:10:46Z">
          <reporter-output>
          </reporter-output>
        </test-method> <!-- setup -->
        <test-method status="PASS" signature="getByMimeEntryName()[pri:0, instance:org.artifactory.mime.MimeTypesTest@5bdeaff7]" name="getByMimeEntryName" duration-ms="0" started-at="2013-05-13T13:10:46Z" finished-at="2013-05-13T13:10:46Z">
          <reporter-output>
          </reporter-output>
        </test-method> <!-- getByMimeEntryName -->
        <test-method status="PASS" signature="setup()[pri:0, instance:org.artifactory.mime.MimeTypesTest@5bdeaff7]" name="setup" is-config="true" duration-ms="0" started-at="2013-05-13T13:10:46Z" finished-at="2013-05-13T13:10:46Z">
          <reporter-output>
          </reporter-output>
        </test-method> <!-- setup -->
      </class> <!-- org.artifactory.mime.MimeTypesTest -->
      <class name="org.artifactory.version.ArtifactoryVersionReaderTest">
        <test-method status="PASS" signature="setup()[pri:0, instance:org.artifactory.version.ArtifactoryVersionReaderTest@24eb147c]" name="setup" is-config="true" duration-ms="1" started-at="2013-05-13T13:10:38Z" finished-at="2013-05-13T13:10:38Z">
          <reporter-output>
          </reporter-output>
        </test-method> <!-- setup -->
        <test-method status="PASS" signature="failIfNullStream()[pri:0, instance:org.artifactory.version.ArtifactoryVersionReaderTest@24eb147c]" name="failIfNullStream" duration-ms="1" started-at="2013-05-13T13:10:38Z" finished-at="2013-05-13T13:10:38Z">
          <exception class="java.lang.IllegalArgumentException">
            <message>
              <![CDATA[Null properties file is not allowed]]>
            </message>
            <full-stacktrace>
              <![CDATA[java.lang.IllegalArgumentException: Null properties file is not allowed
	at org.artifactory.version.ArtifactoryVersionReader.read(ArtifactoryVersionReader.java:123)
	at org.artifactory.version.ArtifactoryVersionReaderTest.failIfNullStream(ArtifactoryVersionReaderTest.java:68)
	at sun.reflect.NativeMethodAccessorImpl.invoke0(Native Method)
	at sun.reflect.NativeMethodAccessorImpl.invoke(NativeMethodAccessorImpl.java:57)
	at sun.reflect.DelegatingMethodAccessorImpl.invoke(DelegatingMethodAccessorImpl.java:43)
	at java.lang.reflect.Method.invoke(Method.java:601)
	at org.testng.internal.MethodInvocationHelper.invokeMethod(MethodInvocationHelper.java:80)
	at org.testng.internal.Invoker.invokeMethod(Invoker.java:714)
	at org.testng.internal.Invoker.invokeTestMethod(Invoker.java:901)
	at org.testng.internal.Invoker.invokeTestMethods(Invoker.java:1231)
	at org.testng.internal.TestMethodWorker.invokeTestMethods(TestMethodWorker.java:127)
	at org.testng.internal.TestMethodWorker.run(TestMethodWorker.java:111)
	at org.testng.TestRunner.privateRun(TestRunner.java:767)
	at org.testng.TestRunner.run(TestRunner.java:617)
	at org.testng.SuiteRunner.runTest(SuiteRunner.java:334)
	at org.testng.SuiteRunner.runSequentially(SuiteRunner.java:329)
	at org.testng.SuiteRunner.privateRun(SuiteRunner.java:291)
	at org.testng.SuiteRunner.run(SuiteRunner.java:240)
	at org.testng.SuiteRunnerWorker.runSuite(SuiteRunnerWorker.java:52)
	at org.testng.SuiteRunnerWorker.run(SuiteRunnerWorker.java:86)
	at org.testng.TestNG.runSuitesSequentially(TestNG.java:1198)
	at org.testng.TestNG.runSuitesLocally(TestNG.java:1123)
	at org.testng.TestNG.run(TestNG.java:1031)
	at org.apache.maven.surefire.testng.TestNGExecutor.run(TestNGExecutor.java:77)
	at org.apache.maven.surefire.testng.TestNGDirectoryTestSuite.executeMulti(TestNGDirectoryTestSuite.java:189)
	at org.apache.maven.surefire.testng.TestNGDirectoryTestSuite.execute(TestNGDirectoryTestSuite.java:105)
	at org.apache.maven.surefire.testng.TestNGProvider.invoke(TestNGProvider.java:117)
	at sun.reflect.NativeMethodAccessorImpl.invoke0(Native Method)
	at sun.reflect.NativeMethodAccessorImpl.invoke(NativeMethodAccessorImpl.java:57)
	at sun.reflect.DelegatingMethodAccessorImpl.invoke(DelegatingMethodAccessorImpl.java:43)
	at java.lang.reflect.Method.invoke(Method.java:601)
	at org.apache.maven.surefire.util.ReflectionUtils.invokeMethodWithArray2(ReflectionUtils.java:208)
	at org.apache.maven.surefire.booter.ProviderFactory$ProviderProxy.invoke(ProviderFactory.java:158)
	at org.apache.maven.surefire.booter.ProviderFactory.invokeProvider(ProviderFactory.java:86)
	at org.apache.maven.surefire.booter.ForkedBooter.runSuitesInProcess(ForkedBooter.java:153)
	at org.apache.maven.surefire.booter.ForkedBooter.main(ForkedBooter.java:95)
]]>
            </full-stacktrace>
          </exception> <!-- java.lang.IllegalArgumentException -->
          <reporter-output>
          </reporter-output>
        </test-method> <!-- failIfNullStream -->
        <test-method status="PASS" signature="notExistingFutureVersion()[pri:0, instance:org.artifactory.version.ArtifactoryVersionReaderTest@24eb147c]" name="notExistingFutureVersion" duration-ms="3" started-at="2013-05-13T13:10:38Z" finished-at="2013-05-13T13:10:38Z">
          <reporter-output>
          </reporter-output>
        </test-method> <!-- notExistingFutureVersion -->
        <test-method status="PASS" signature="readCurrentVersion()[pri:0, instance:org.artifactory.version.ArtifactoryVersionReaderTest@24eb147c]" name="readCurrentVersion" duration-ms="1" started-at="2013-05-13T13:10:38Z" finished-at="2013-05-13T13:10:38Z">
          <reporter-output>
          </reporter-output>
        </test-method> <!-- readCurrentVersion -->
        <test-method status="PASS" signature="readDevelopmentVersion()[pri:0, instance:org.artifactory.version.ArtifactoryVersionReaderTest@24eb147c]" name="readDevelopmentVersion" duration-ms="1" started-at="2013-05-13T13:10:38Z" finished-at="2013-05-13T13:10:38Z">
          <reporter-output>
          </reporter-output>
        </test-method> <!-- readDevelopmentVersion -->
        <test-method status="PASS" signature="readFromFileNoTimestamp()[pri:0, instance:org.artifactory.version.ArtifactoryVersionReaderTest@24eb147c]" name="readFromFileNoTimestamp" duration-ms="1" started-at="2013-05-13T13:10:38Z" finished-at="2013-05-13T13:10:38Z">
          <reporter-output>
          </reporter-output>
        </test-method> <!-- readFromFileNoTimestamp -->
        <test-method status="PASS" signature="readFromStreamNoTimestamp()[pri:0, instance:org.artifactory.version.ArtifactoryVersionReaderTest@24eb147c]" name="readFromStreamNoTimestamp" duration-ms="0" started-at="2013-05-13T13:10:38Z" finished-at="2013-05-13T13:10:38Z">
          <reporter-output>
          </reporter-output>
        </test-method> <!-- readFromStreamNoTimestamp -->
        <test-method status="PASS" signature="readFromStreamWithTimestamp()[pri:0, instance:org.artifactory.version.ArtifactoryVersionReaderTest@24eb147c]" name="readFromStreamWithTimestamp" duration-ms="0" started-at="2013-05-13T13:10:38Z" finished-at="2013-05-13T13:10:38Z">
          <reporter-output>
          </reporter-output>
        </test-method> <!-- readFromStreamWithTimestamp -->
        <test-method status="PASS" signature="tearDown()[pri:0, instance:org.artifactory.version.ArtifactoryVersionReaderTest@24eb147c]" name="tearDown" is-config="true" duration-ms="1" started-at="2013-05-13T13:10:47Z" finished-at="2013-05-13T13:10:47Z">
          <reporter-output>
          </reporter-output>
        </test-method> <!-- tearDown -->
      </class> <!-- org.artifactory.version.ArtifactoryVersionReaderTest -->
      <class name="org.artifactory.descriptor.property.PredefinedValueTest">
        <test-method status="PASS" signature="defaultConstructor()[pri:0, instance:org.artifactory.descriptor.property.PredefinedValueTest@49bcbe77]" name="defaultConstructor" duration-ms="0" started-at="2013-05-13T13:10:47Z" finished-at="2013-05-13T13:10:47Z">
          <reporter-output>
          </reporter-output>
        </test-method> <!-- defaultConstructor -->
      </class> <!-- org.artifactory.descriptor.property.PredefinedValueTest -->
      <class name="org.artifactory.descriptor.security.sso.CrowdSettingsTest">
        <test-method status="PASS" signature="testDefaultConstructor()[pri:0, instance:org.artifactory.descriptor.security.sso.CrowdSettingsTest@2a7ead31]" name="testDefaultConstructor" duration-ms="1" started-at="2013-05-13T13:10:46Z" finished-at="2013-05-13T13:10:46Z">
          <reporter-output>
          </reporter-output>
        </test-method> <!-- testDefaultConstructor -->
        <test-method status="PASS" signature="testClientPropertiesProduction()[pri:0, instance:org.artifactory.descriptor.security.sso.CrowdSettingsTest@2a7ead31]" name="testClientPropertiesProduction" duration-ms="0" started-at="2013-05-13T13:10:46Z" finished-at="2013-05-13T13:10:46Z">
          <reporter-output>
          </reporter-output>
        </test-method> <!-- testClientPropertiesProduction -->
      </class> <!-- org.artifactory.descriptor.security.sso.CrowdSettingsTest -->
      <class name="org.artifactory.logging.version.v1.LogbackConfigSwapperTest">
        <test-method status="PASS" signature="readMimeTypes()[pri:0, instance:org.artifactory.logging.version.v1.LogbackConfigSwapperTest@7b7f7411]" name="readMimeTypes" is-config="true" duration-ms="11" started-at="2013-05-13T13:10:47Z" finished-at="2013-05-13T13:10:47Z">
          <reporter-output>
          </reporter-output>
        </test-method> <!-- readMimeTypes -->
        <test-method status="PASS" signature="bindArtifactoryHome()[pri:0, instance:org.artifactory.logging.version.v1.LogbackConfigSwapperTest@7b7f7411]" name="bindArtifactoryHome" is-config="true" duration-ms="0" started-at="2013-05-13T13:10:47Z" finished-at="2013-05-13T13:10:47Z">
          <reporter-output>
          </reporter-output>
        </test-method> <!-- bindArtifactoryHome -->
        <test-method status="PASS" signature="testSwap()[pri:0, instance:org.artifactory.logging.version.v1.LogbackConfigSwapperTest@7b7f7411]" name="testSwap" duration-ms="5" started-at="2013-05-13T13:10:47Z" finished-at="2013-05-13T13:10:47Z">
          <reporter-output>
          </reporter-output>
        </test-method> <!-- testSwap -->
        <test-method status="PASS" signature="unbindArtifactoryHome()[pri:0, instance:org.artifactory.logging.version.v1.LogbackConfigSwapperTest@7b7f7411]" name="unbindArtifactoryHome" is-config="true" duration-ms="1" started-at="2013-05-13T13:10:47Z" finished-at="2013-05-13T13:10:47Z">
          <reporter-output>
          </reporter-output>
        </test-method> <!-- unbindArtifactoryHome -->
      </class> <!-- org.artifactory.logging.version.v1.LogbackConfigSwapperTest -->
      <class name="org.artifactory.descriptor.repo.VirtualRepoDescriptorTest">
        <test-method status="PASS" signature="defaultConstructor()[pri:0, instance:org.artifactory.descriptor.repo.VirtualRepoDescriptorTest@3a7e4f0c]" name="defaultConstructor" duration-ms="0" started-at="2013-05-13T13:10:47Z" finished-at="2013-05-13T13:10:47Z">
          <reporter-output>
          </reporter-output>
        </test-method> <!-- defaultConstructor -->
        <test-method status="PASS" signature="identicalCache()[pri:0, instance:org.artifactory.descriptor.repo.VirtualRepoDescriptorTest@3a7e4f0c]" name="identicalCache" duration-ms="2" started-at="2013-05-13T13:10:47Z" finished-at="2013-05-13T13:10:47Z">
          <reporter-output>
          </reporter-output>
        </test-method> <!-- identicalCache -->
      </class> <!-- org.artifactory.descriptor.repo.VirtualRepoDescriptorTest -->
      <class name="org.artifactory.mime.version.converter.v2.AscMimeTypeConverterTest">
        <test-method status="PASS" signature="readMimeTypes()[pri:0, instance:org.artifactory.mime.version.converter.v2.AscMimeTypeConverterTest@be8b327]" name="readMimeTypes" is-config="true" duration-ms="22" started-at="2013-05-13T13:10:38Z" finished-at="2013-05-13T13:10:38Z">
          <reporter-output>
          </reporter-output>
        </test-method> <!-- readMimeTypes -->
        <test-method status="PASS" signature="convert()[pri:0, instance:org.artifactory.mime.version.converter.v2.AscMimeTypeConverterTest@be8b327]" name="convert" duration-ms="8" started-at="2013-05-13T13:10:38Z" finished-at="2013-05-13T13:10:38Z">
          <reporter-output>
          </reporter-output>
        </test-method> <!-- convert -->
        <test-method status="PASS" signature="bindArtifactoryHome()[pri:0, instance:org.artifactory.mime.version.converter.v2.AscMimeTypeConverterTest@be8b327]" name="bindArtifactoryHome" is-config="true" duration-ms="0" started-at="2013-05-13T13:10:38Z" finished-at="2013-05-13T13:10:38Z">
          <reporter-output>
          </reporter-output>
        </test-method> <!-- bindArtifactoryHome -->
        <test-method status="PASS" signature="unbindArtifactoryHome()[pri:0, instance:org.artifactory.mime.version.converter.v2.AscMimeTypeConverterTest@be8b327]" name="unbindArtifactoryHome" is-config="true" duration-ms="0" started-at="2013-05-13T13:10:38Z" finished-at="2013-05-13T13:10:38Z">
          <reporter-output>
          </reporter-output>
        </test-method> <!-- unbindArtifactoryHome -->
      </class> <!-- org.artifactory.mime.version.converter.v2.AscMimeTypeConverterTest -->
      <class name="org.artifactory.descriptor.property.PropertyTest">
        <test-method status="PASS" signature="defaultConstructor()[pri:0, instance:org.artifactory.descriptor.property.PropertyTest@4fe7ab59]" name="defaultConstructor" duration-ms="0" started-at="2013-05-13T13:10:47Z" finished-at="2013-05-13T13:10:47Z">
          <reporter-output>
          </reporter-output>
        </test-method> <!-- defaultConstructor -->
      </class> <!-- org.artifactory.descriptor.property.PropertyTest -->
      <class name="org.artifactory.descriptor.repo.LocalRepoDescriptorTest">
        <test-method status="PASS" signature="defaultConstructor()[pri:0, instance:org.artifactory.descriptor.repo.LocalRepoDescriptorTest@78f2b03f]" name="defaultConstructor" duration-ms="0" started-at="2013-05-13T13:10:46Z" finished-at="2013-05-13T13:10:46Z">
          <reporter-output>
          </reporter-output>
        </test-method> <!-- defaultConstructor -->
      </class> <!-- org.artifactory.descriptor.repo.LocalRepoDescriptorTest -->
      <class name="org.artifactory.version.ArtifactoryConfigVersionTest">
        <test-method status="PASS" signature="versionsCoverage()[pri:0, instance:org.artifactory.version.ArtifactoryConfigVersionTest@7c9c7dc5]" name="versionsCoverage" duration-ms="1" started-at="2013-05-13T13:10:47Z" finished-at="2013-05-13T13:10:47Z">
          <reporter-output>
          </reporter-output>
        </test-method> <!-- versionsCoverage -->
      </class> <!-- org.artifactory.version.ArtifactoryConfigVersionTest -->
      <class name="org.artifactory.descriptor.property.PropertySetTest">
        <test-method status="PASS" signature="defaultConstructor()[pri:0, instance:org.artifactory.descriptor.property.PropertySetTest@3e993445]" name="defaultConstructor" duration-ms="0" started-at="2013-05-13T13:10:47Z" finished-at="2013-05-13T13:10:47Z">
          <reporter-output>
          </reporter-output>
        </test-method> <!-- defaultConstructor -->
        <test-method status="PASS" signature="testEqual()[pri:0, instance:org.artifactory.descriptor.property.PropertySetTest@3e993445]" name="testEqual" duration-ms="0" started-at="2013-05-13T13:10:47Z" finished-at="2013-05-13T13:10:47Z">
          <reporter-output>
          </reporter-output>
        </test-method> <!-- testEqual -->
        <test-method status="PASS" signature="testUnequal()[pri:0, instance:org.artifactory.descriptor.property.PropertySetTest@3e993445]" name="testUnequal" duration-ms="0" started-at="2013-05-13T13:10:47Z" finished-at="2013-05-13T13:10:47Z">
          <reporter-output>
          </reporter-output>
        </test-method> <!-- testUnequal -->
      </class> <!-- org.artifactory.descriptor.property.PropertySetTest -->
      <class name="org.artifactory.descriptor.security.sso.HttpSsoSettingsTest">
        <test-method status="PASS" signature="testDefaultConstructor()[pri:0, instance:org.artifactory.descriptor.security.sso.HttpSsoSettingsTest@68758d51]" name="testDefaultConstructor" duration-ms="0" started-at="2013-05-13T13:10:46Z" finished-at="2013-05-13T13:10:46Z">
          <reporter-output>
          </reporter-output>
        </test-method> <!-- testDefaultConstructor -->
      </class> <!-- org.artifactory.descriptor.security.sso.HttpSsoSettingsTest -->
      <class name="org.artifactory.descriptor.repo.VirtualRepoResolverTest">
        <test-method status="PASS" signature="sameRepoInTwoVirtualRepos()[pri:0, instance:org.artifactory.descriptor.repo.VirtualRepoResolverTest@1a16ff7a]" name="sameRepoInTwoVirtualRepos" duration-ms="2" started-at="2013-05-13T13:10:47Z" finished-at="2013-05-13T13:10:47Z">
          <reporter-output>
          </reporter-output>
        </test-method> <!-- sameRepoInTwoVirtualRepos -->
        <test-method status="PASS" signature="initTestRepos()[pri:0, instance:org.artifactory.descriptor.repo.VirtualRepoResolverTest@1a16ff7a]" name="initTestRepos" is-config="true" duration-ms="0" started-at="2013-05-13T13:10:47Z" finished-at="2013-05-13T13:10:47Z">
          <reporter-output>
          </reporter-output>
        </test-method> <!-- initTestRepos -->
        <test-method status="PASS" signature="initTestRepos()[pri:0, instance:org.artifactory.descriptor.repo.VirtualRepoResolverTest@1a16ff7a]" name="initTestRepos" is-config="true" duration-ms="0" started-at="2013-05-13T13:10:47Z" finished-at="2013-05-13T13:10:47Z">
          <reporter-output>
          </reporter-output>
        </test-method> <!-- initTestRepos -->
        <test-method status="PASS" signature="virtualInVirtualWithCycles()[pri:0, instance:org.artifactory.descriptor.repo.VirtualRepoResolverTest@1a16ff7a]" name="virtualInVirtualWithCycles" duration-ms="1" started-at="2013-05-13T13:10:47Z" finished-at="2013-05-13T13:10:47Z">
          <reporter-output>
          </reporter-output>
        </test-method> <!-- virtualInVirtualWithCycles -->
        <test-method status="PASS" signature="virtualWithLocalAndRemote()[pri:0, instance:org.artifactory.descriptor.repo.VirtualRepoResolverTest@1a16ff7a]" name="virtualWithLocalAndRemote" duration-ms="0" started-at="2013-05-13T13:10:47Z" finished-at="2013-05-13T13:10:47Z">
          <reporter-output>
          </reporter-output>
        </test-method> <!-- virtualWithLocalAndRemote -->
        <test-method status="PASS" signature="initTestRepos()[pri:0, instance:org.artifactory.descriptor.repo.VirtualRepoResolverTest@1a16ff7a]" name="initTestRepos" is-config="true" duration-ms="0" started-at="2013-05-13T13:10:47Z" finished-at="2013-05-13T13:10:47Z">
          <reporter-output>
          </reporter-output>
        </test-method> <!-- initTestRepos -->
        <test-method status="PASS" signature="virtualWithinVirtualNoCycles()[pri:0, instance:org.artifactory.descriptor.repo.VirtualRepoResolverTest@1a16ff7a]" name="virtualWithinVirtualNoCycles" duration-ms="0" started-at="2013-05-13T13:10:47Z" finished-at="2013-05-13T13:10:47Z">
          <reporter-output>
          </reporter-output>
        </test-method> <!-- virtualWithinVirtualNoCycles -->
        <test-method status="PASS" signature="initTestRepos()[pri:0, instance:org.artifactory.descriptor.repo.VirtualRepoResolverTest@1a16ff7a]" name="initTestRepos" is-config="true" duration-ms="0" started-at="2013-05-13T13:10:47Z" finished-at="2013-05-13T13:10:47Z">
          <reporter-output>
          </reporter-output>
        </test-method> <!-- initTestRepos -->
      </class> <!-- org.artifactory.descriptor.repo.VirtualRepoResolverTest -->
      <class name="org.artifactory.mime.version.converter.v3.ArchivesIndexConverterTest">
        <test-method status="PASS" signature="readMimeTypes()[pri:0, instance:org.artifactory.mime.version.converter.v3.ArchivesIndexConverterTest@5a49cb8c]" name="readMimeTypes" is-config="true" duration-ms="26" started-at="2013-05-13T13:10:38Z" finished-at="2013-05-13T13:10:38Z">
          <reporter-output>
          </reporter-output>
        </test-method> <!-- readMimeTypes -->
        <test-method status="PASS" signature="bindArtifactoryHome()[pri:0, instance:org.artifactory.mime.version.converter.v3.ArchivesIndexConverterTest@5a49cb8c]" name="bindArtifactoryHome" is-config="true" duration-ms="1" started-at="2013-05-13T13:10:38Z" finished-at="2013-05-13T13:10:38Z">
          <reporter-output>
          </reporter-output>
        </test-method> <!-- bindArtifactoryHome -->
        <test-method status="PASS" signature="convert()[pri:0, instance:org.artifactory.mime.version.converter.v3.ArchivesIndexConverterTest@5a49cb8c]" name="convert" duration-ms="10" started-at="2013-05-13T13:10:38Z" finished-at="2013-05-13T13:10:38Z">
          <reporter-output>
          </reporter-output>
        </test-method> <!-- convert -->
        <test-method status="PASS" signature="unbindArtifactoryHome()[pri:0, instance:org.artifactory.mime.version.converter.v3.ArchivesIndexConverterTest@5a49cb8c]" name="unbindArtifactoryHome" is-config="true" duration-ms="0" started-at="2013-05-13T13:10:38Z" finished-at="2013-05-13T13:10:38Z">
          <reporter-output>
          </reporter-output>
        </test-method> <!-- unbindArtifactoryHome -->
      </class> <!-- org.artifactory.mime.version.converter.v3.ArchivesIndexConverterTest -->
      <class name="org.artifactory.version.converter.v135.ProxyNTHostConverterTest">
        <test-method status="PASS" signature="readMimeTypes()[pri:0, instance:org.artifactory.version.converter.v135.ProxyNTHostConverterTest@6c9d476e]" name="readMimeTypes" is-config="true" duration-ms="12" started-at="2013-05-13T13:10:47Z" finished-at="2013-05-13T13:10:47Z">
          <reporter-output>
          </reporter-output>
        </test-method> <!-- readMimeTypes -->
        <test-method status="PASS" signature="bindArtifactoryHome()[pri:0, instance:org.artifactory.version.converter.v135.ProxyNTHostConverterTest@6c9d476e]" name="bindArtifactoryHome" is-config="true" duration-ms="0" started-at="2013-05-13T13:10:47Z" finished-at="2013-05-13T13:10:47Z">
          <reporter-output>
          </reporter-output>
        </test-method> <!-- bindArtifactoryHome -->
        <test-method status="PASS" signature="convertConfigWithProxyDomain()[pri:0, instance:org.artifactory.version.converter.v135.ProxyNTHostConverterTest@6c9d476e]" name="convertConfigWithProxyDomain" duration-ms="4" started-at="2013-05-13T13:10:47Z" finished-at="2013-05-13T13:10:47Z">
          <reporter-output>
          </reporter-output>
        </test-method> <!-- convertConfigWithProxyDomain -->
        <test-method status="PASS" signature="unbindArtifactoryHome()[pri:0, instance:org.artifactory.version.converter.v135.ProxyNTHostConverterTest@6c9d476e]" name="unbindArtifactoryHome" is-config="true" duration-ms="0" started-at="2013-05-13T13:10:47Z" finished-at="2013-05-13T13:10:47Z">
          <reporter-output>
          </reporter-output>
        </test-method> <!-- unbindArtifactoryHome -->
      </class> <!-- org.artifactory.version.converter.v135.ProxyNTHostConverterTest -->
      <class name="org.artifactory.version.ConfigVersionTest">
        <test-method status="PASS" signature="versionsCoverage()[pri:0, instance:org.artifactory.version.ConfigVersionTest@22d282a3]" name="versionsCoverage" duration-ms="1" started-at="2013-05-13T13:10:47Z" finished-at="2013-05-13T13:10:47Z">
          <reporter-output>
          </reporter-output>
        </test-method> <!-- versionsCoverage -->
      </class> <!-- org.artifactory.version.ConfigVersionTest -->
      <class name="org.artifactory.version.converter.v143.RemoteChecksumPolicyConverterTest">
        <test-method status="PASS" signature="readMimeTypes()[pri:0, instance:org.artifactory.version.converter.v143.RemoteChecksumPolicyConverterTest@7914bc90]" name="readMimeTypes" is-config="true" duration-ms="14" started-at="2013-05-13T13:10:47Z" finished-at="2013-05-13T13:10:47Z">
          <reporter-output>
          </reporter-output>
        </test-method> <!-- readMimeTypes -->
        <test-method status="PASS" signature="convertConfigWithChecksumPolicyTags()[pri:0, instance:org.artifactory.version.converter.v143.RemoteChecksumPolicyConverterTest@7914bc90]" name="convertConfigWithChecksumPolicyTags" duration-ms="3" started-at="2013-05-13T13:10:47Z" finished-at="2013-05-13T13:10:47Z">
          <reporter-output>
          </reporter-output>
        </test-method> <!-- convertConfigWithChecksumPolicyTags -->
        <test-method status="PASS" signature="bindArtifactoryHome()[pri:0, instance:org.artifactory.version.converter.v143.RemoteChecksumPolicyConverterTest@7914bc90]" name="bindArtifactoryHome" is-config="true" duration-ms="0" started-at="2013-05-13T13:10:47Z" finished-at="2013-05-13T13:10:47Z">
          <reporter-output>
          </reporter-output>
        </test-method> <!-- bindArtifactoryHome -->
        <test-method status="PASS" signature="unbindArtifactoryHome()[pri:0, instance:org.artifactory.version.converter.v143.RemoteChecksumPolicyConverterTest@7914bc90]" name="unbindArtifactoryHome" is-config="true" duration-ms="0" started-at="2013-05-13T13:10:47Z" finished-at="2013-05-13T13:10:47Z">
          <reporter-output>
          </reporter-output>
        </test-method> <!-- unbindArtifactoryHome -->
        <test-method status="PASS" signature="convertConfigWithNoChecksumPolicyTags()[pri:0, instance:org.artifactory.version.converter.v143.RemoteChecksumPolicyConverterTest@7914bc90]" name="convertConfigWithNoChecksumPolicyTags" duration-ms="3" started-at="2013-05-13T13:10:47Z" finished-at="2013-05-13T13:10:47Z">
          <reporter-output>
          </reporter-output>
        </test-method> <!-- convertConfigWithNoChecksumPolicyTags -->
        <test-method status="PASS" signature="bindArtifactoryHome()[pri:0, instance:org.artifactory.version.converter.v143.RemoteChecksumPolicyConverterTest@7914bc90]" name="bindArtifactoryHome" is-config="true" duration-ms="0" started-at="2013-05-13T13:10:47Z" finished-at="2013-05-13T13:10:47Z">
          <reporter-output>
          </reporter-output>
        </test-method> <!-- bindArtifactoryHome -->
        <test-method status="PASS" signature="unbindArtifactoryHome()[pri:0, instance:org.artifactory.version.converter.v143.RemoteChecksumPolicyConverterTest@7914bc90]" name="unbindArtifactoryHome" is-config="true" duration-ms="0" started-at="2013-05-13T13:10:47Z" finished-at="2013-05-13T13:10:47Z">
          <reporter-output>
          </reporter-output>
        </test-method> <!-- unbindArtifactoryHome -->
      </class> <!-- org.artifactory.version.converter.v143.RemoteChecksumPolicyConverterTest -->
      <class name="org.artifactory.logging.version.LoggingVersionTest">
        <test-method status="PASS" signature="versionsCoverage()[pri:0, instance:org.artifactory.logging.version.LoggingVersionTest@6f1b8a4c]" name="versionsCoverage" duration-ms="3" started-at="2013-05-13T13:10:47Z" finished-at="2013-05-13T13:10:47Z">
          <reporter-output>
          </reporter-output>
        </test-method> <!-- versionsCoverage -->
      </class> <!-- org.artifactory.logging.version.LoggingVersionTest -->
      <class name="org.artifactory.mime.version.converter.LatestVersionConverterTest">
        <test-method status="PASS" signature="readMimeTypes()[pri:0, instance:org.artifactory.mime.version.converter.LatestVersionConverterTest@6690811b]" name="readMimeTypes" is-config="true" duration-ms="11" started-at="2013-05-13T13:10:47Z" finished-at="2013-05-13T13:10:47Z">
          <reporter-output>
          </reporter-output>
        </test-method> <!-- readMimeTypes -->
        <test-method status="PASS" signature="convert()[pri:0, instance:org.artifactory.mime.version.converter.LatestVersionConverterTest@6690811b]" name="convert" duration-ms="3" started-at="2013-05-13T13:10:47Z" finished-at="2013-05-13T13:10:47Z">
          <reporter-output>
          </reporter-output>
        </test-method> <!-- convert -->
        <test-method status="PASS" signature="bindArtifactoryHome()[pri:0, instance:org.artifactory.mime.version.converter.LatestVersionConverterTest@6690811b]" name="bindArtifactoryHome" is-config="true" duration-ms="0" started-at="2013-05-13T13:10:47Z" finished-at="2013-05-13T13:10:47Z">
          <reporter-output>
          </reporter-output>
        </test-method> <!-- bindArtifactoryHome -->
        <test-method status="PASS" signature="unbindArtifactoryHome()[pri:0, instance:org.artifactory.mime.version.converter.LatestVersionConverterTest@6690811b]" name="unbindArtifactoryHome" is-config="true" duration-ms="0" started-at="2013-05-13T13:10:47Z" finished-at="2013-05-13T13:10:47Z">
          <reporter-output>
          </reporter-output>
        </test-method> <!-- unbindArtifactoryHome -->
      </class> <!-- org.artifactory.mime.version.converter.LatestVersionConverterTest -->
      <class name="org.artifactory.util.ExceptionUtilsTest">
        <test-method status="PASS" signature="testGetCauseOfTypes()[pri:0, instance:org.artifactory.util.ExceptionUtilsTest@75596160]" name="testGetCauseOfTypes" duration-ms="1" started-at="2013-05-13T13:10:46Z" finished-at="2013-05-13T13:10:46Z">
          <reporter-output>
          </reporter-output>
        </test-method> <!-- testGetCauseOfTypes -->
        <test-method status="PASS" signature="testGetRootCauseNested()[pri:0, instance:org.artifactory.util.ExceptionUtilsTest@75596160]" name="testGetRootCauseNested" duration-ms="1" started-at="2013-05-13T13:10:46Z" finished-at="2013-05-13T13:10:46Z">
          <reporter-output>
          </reporter-output>
        </test-method> <!-- testGetRootCauseNested -->
        <test-method status="PASS" signature="testUnwrapThrowablesOfTypes()[pri:0, instance:org.artifactory.util.ExceptionUtilsTest@75596160]" name="testUnwrapThrowablesOfTypes" duration-ms="1" started-at="2013-05-13T13:10:46Z" finished-at="2013-05-13T13:10:46Z">
          <reporter-output>
          </reporter-output>
        </test-method> <!-- testUnwrapThrowablesOfTypes -->
        <test-method status="PASS" signature="testGetRootCauseNotNested()[pri:0, instance:org.artifactory.util.ExceptionUtilsTest@75596160]" name="testGetRootCauseNotNested" duration-ms="0" started-at="2013-05-13T13:10:46Z" finished-at="2013-05-13T13:10:46Z">
          <reporter-output>
          </reporter-output>
        </test-method> <!-- testGetRootCauseNotNested -->
      </class> <!-- org.artifactory.util.ExceptionUtilsTest -->
      <class name="org.artifactory.DefaultConfigLayoutTest">
        <test-method status="PASS" signature="testConfigV147NotAutoFormatted()[pri:0, instance:org.artifactory.DefaultConfigLayoutTest@28e817d5]" name="testConfigV147NotAutoFormatted" duration-ms="1" started-at="2013-05-13T13:10:46Z" finished-at="2013-05-13T13:10:46Z">
          <reporter-output>
          </reporter-output>
        </test-method> <!-- testConfigV147NotAutoFormatted -->
        <test-method status="PASS" signature="testConfigV148NotAutoFormatted()[pri:0, instance:org.artifactory.DefaultConfigLayoutTest@28e817d5]" name="testConfigV148NotAutoFormatted" duration-ms="0" started-at="2013-05-13T13:10:46Z" finished-at="2013-05-13T13:10:46Z">
          <reporter-output>
          </reporter-output>
        </test-method> <!-- testConfigV148NotAutoFormatted -->
        <test-method status="PASS" signature="testConfigV149NotAutoFormatted()[pri:0, instance:org.artifactory.DefaultConfigLayoutTest@28e817d5]" name="testConfigV149NotAutoFormatted" duration-ms="0" started-at="2013-05-13T13:10:46Z" finished-at="2013-05-13T13:10:46Z">
          <reporter-output>
          </reporter-output>
        </test-method> <!-- testConfigV149NotAutoFormatted -->
        <test-method status="PASS" signature="testDefaultConfigXmlNotAutoFormatted()[pri:0, instance:org.artifactory.DefaultConfigLayoutTest@28e817d5]" name="testDefaultConfigXmlNotAutoFormatted" duration-ms="0" started-at="2013-05-13T13:10:46Z" finished-at="2013-05-13T13:10:46Z">
          <reporter-output>
          </reporter-output>
        </test-method> <!-- testDefaultConfigXmlNotAutoFormatted -->
      </class> <!-- org.artifactory.DefaultConfigLayoutTest -->
      <class name="org.artifactory.util.RepoLayoutUtilsTest">
        <test-method status="PASS" signature="testDefaultTokenValues()[pri:0, instance:org.artifactory.util.RepoLayoutUtilsTest@24f05c30]" name="testDefaultTokenValues" duration-ms="1" started-at="2013-05-13T13:10:47Z" finished-at="2013-05-13T13:10:47Z">
          <reporter-output>
          </reporter-output>
        </test-method> <!-- testDefaultTokenValues -->
        <test-method status="PASS" signature="testDefaultTokenRegExpValues()[pri:0, instance:org.artifactory.util.RepoLayoutUtilsTest@24f05c30]" name="testDefaultTokenRegExpValues" duration-ms="0" started-at="2013-05-13T13:10:47Z" finished-at="2013-05-13T13:10:47Z">
          <reporter-output>
          </reporter-output>
        </test-method> <!-- testDefaultTokenRegExpValues -->
        <test-method status="PASS" signature="testLayoutsAreCompatible()[pri:0, instance:org.artifactory.util.RepoLayoutUtilsTest@24f05c30]" name="testLayoutsAreCompatible" duration-ms="1" started-at="2013-05-13T13:10:47Z" finished-at="2013-05-13T13:10:47Z">
          <reporter-output>
          </reporter-output>
        </test-method> <!-- testLayoutsAreCompatible -->
        <test-method status="PASS" signature="testTokenHasFilter()[pri:0, instance:org.artifactory.util.RepoLayoutUtilsTest@24f05c30]" name="testTokenHasFilter" duration-ms="0" started-at="2013-05-13T13:10:47Z" finished-at="2013-05-13T13:10:47Z">
          <reporter-output>
          </reporter-output>
        </test-method> <!-- testTokenHasFilter -->
        <test-method status="PASS" signature="testGetDescriptorLayoutAsIvyPattern()[pri:0, instance:org.artifactory.util.RepoLayoutUtilsTest@24f05c30]" name="testGetDescriptorLayoutAsIvyPattern" duration-ms="1" started-at="2013-05-13T13:10:47Z" finished-at="2013-05-13T13:10:47Z">
          <reporter-output>
          </reporter-output>
        </test-method> <!-- testGetDescriptorLayoutAsIvyPattern -->
        <test-method status="PASS" signature="testFailCustomTokenWithNoRegEx()[pri:0, instance:org.artifactory.util.RepoLayoutUtilsTest@24f05c30]" name="testFailCustomTokenWithNoRegEx" duration-ms="2" started-at="2013-05-13T13:10:47Z" finished-at="2013-05-13T13:10:47Z">
          <exception class="java.lang.IllegalArgumentException">
            <message>
              <![CDATA[The token '[koko]' is unknown. If this is not intended, please verify the token name for correctness or add a mapping for this token using the '[$NAME&lt;REGEXP&gt;]' syntax.]]>
            </message>
            <full-stacktrace>
              <![CDATA[java.lang.IllegalArgumentException: The token '[koko]' is unknown. If this is not intended, please verify the token name for correctness or add a mapping for this token using the '[$NAME&lt;REGEXP&gt;]' syntax.
	at org.artifactory.util.RepoLayoutUtils.generateRegExpFromPattern(RepoLayoutUtils.java:303)
	at org.artifactory.util.RepoLayoutUtils.generateRegExpFromPattern(RepoLayoutUtils.java:259)
	at org.artifactory.util.RepoLayoutUtilsTest.testGeneratedPatternRegExp(RepoLayoutUtilsTest.java:389)
	at org.artifactory.util.RepoLayoutUtilsTest.testFailCustomTokenWithNoRegEx(RepoLayoutUtilsTest.java:278)
	at sun.reflect.NativeMethodAccessorImpl.invoke0(Native Method)
	at sun.reflect.NativeMethodAccessorImpl.invoke(NativeMethodAccessorImpl.java:57)
	at sun.reflect.DelegatingMethodAccessorImpl.invoke(DelegatingMethodAccessorImpl.java:43)
	at java.lang.reflect.Method.invoke(Method.java:601)
	at org.testng.internal.MethodInvocationHelper.invokeMethod(MethodInvocationHelper.java:80)
	at org.testng.internal.Invoker.invokeMethod(Invoker.java:714)
	at org.testng.internal.Invoker.invokeTestMethod(Invoker.java:901)
	at org.testng.internal.Invoker.invokeTestMethods(Invoker.java:1231)
	at org.testng.internal.TestMethodWorker.invokeTestMethods(TestMethodWorker.java:127)
	at org.testng.internal.TestMethodWorker.run(TestMethodWorker.java:111)
	at org.testng.TestRunner.privateRun(TestRunner.java:767)
	at org.testng.TestRunner.run(TestRunner.java:617)
	at org.testng.SuiteRunner.runTest(SuiteRunner.java:334)
	at org.testng.SuiteRunner.runSequentially(SuiteRunner.java:329)
	at org.testng.SuiteRunner.privateRun(SuiteRunner.java:291)
	at org.testng.SuiteRunner.run(SuiteRunner.java:240)
	at org.testng.SuiteRunnerWorker.runSuite(SuiteRunnerWorker.java:52)
	at org.testng.SuiteRunnerWorker.run(SuiteRunnerWorker.java:86)
	at org.testng.TestNG.runSuitesSequentially(TestNG.java:1198)
	at org.testng.TestNG.runSuitesLocally(TestNG.java:1123)
	at org.testng.TestNG.run(TestNG.java:1031)
	at org.apache.maven.surefire.testng.TestNGExecutor.run(TestNGExecutor.java:77)
	at org.apache.maven.surefire.testng.TestNGDirectoryTestSuite.executeMulti(TestNGDirectoryTestSuite.java:189)
	at org.apache.maven.surefire.testng.TestNGDirectoryTestSuite.execute(TestNGDirectoryTestSuite.java:105)
	at org.apache.maven.surefire.testng.TestNGProvider.invoke(TestNGProvider.java:117)
	at sun.reflect.NativeMethodAccessorImpl.invoke0(Native Method)
	at sun.reflect.NativeMethodAccessorImpl.invoke(NativeMethodAccessorImpl.java:57)
	at sun.reflect.DelegatingMethodAccessorImpl.invoke(DelegatingMethodAccessorImpl.java:43)
	at java.lang.reflect.Method.invoke(Method.java:601)
	at org.apache.maven.surefire.util.ReflectionUtils.invokeMethodWithArray2(ReflectionUtils.java:208)
	at org.apache.maven.surefire.booter.ProviderFactory$ProviderProxy.invoke(ProviderFactory.java:158)
	at org.apache.maven.surefire.booter.ProviderFactory.invokeProvider(ProviderFactory.java:86)
	at org.apache.maven.surefire.booter.ForkedBooter.runSuitesInProcess(ForkedBooter.java:153)
	at org.apache.maven.surefire.booter.ForkedBooter.main(ForkedBooter.java:95)
]]>
            </full-stacktrace>
          </exception> <!-- java.lang.IllegalArgumentException -->
          <reporter-output>
          </reporter-output>
        </test-method> <!-- testFailCustomTokenWithNoRegEx -->
        <test-method status="PASS" signature="testDefaultTokenFilterMap()[pri:0, instance:org.artifactory.util.RepoLayoutUtilsTest@24f05c30]" name="testDefaultTokenFilterMap" duration-ms="0" started-at="2013-05-13T13:10:47Z" finished-at="2013-05-13T13:10:47Z">
          <reporter-output>
          </reporter-output>
        </test-method> <!-- testDefaultTokenFilterMap -->
        <test-method status="PASS" signature="testWrapKeywordAsToken()[pri:0, instance:org.artifactory.util.RepoLayoutUtilsTest@24f05c30]" name="testWrapKeywordAsToken" duration-ms="1" started-at="2013-05-13T13:10:47Z" finished-at="2013-05-13T13:10:47Z">
          <reporter-output>
          </reporter-output>
        </test-method> <!-- testWrapKeywordAsToken -->
        <test-method status="PASS" signature="testDefaultLayouts()[pri:0, instance:org.artifactory.util.RepoLayoutUtilsTest@24f05c30]" name="testDefaultLayouts" duration-ms="0" started-at="2013-05-13T13:10:47Z" finished-at="2013-05-13T13:10:47Z">
          <reporter-output>
          </reporter-output>
        </test-method> <!-- testDefaultLayouts -->
        <test-method status="PASS" signature="testDefaultLayoutNames()[pri:0, instance:org.artifactory.util.RepoLayoutUtilsTest@24f05c30]" name="testDefaultLayoutNames" duration-ms="0" started-at="2013-05-13T13:10:47Z" finished-at="2013-05-13T13:10:47Z">
          <reporter-output>
          </reporter-output>
        </test-method> <!-- testDefaultLayoutNames -->
        <test-method status="PASS" signature="testRemoveUnReplacedTokenOptionalBrackets()[pri:0, instance:org.artifactory.util.RepoLayoutUtilsTest@24f05c30]" name="testRemoveUnReplacedTokenOptionalBrackets" duration-ms="0" started-at="2013-05-13T13:10:47Z" finished-at="2013-05-13T13:10:47Z">
          <reporter-output>
          </reporter-output>
        </test-method> <!-- testRemoveUnReplacedTokenOptionalBrackets -->
        <test-method status="PASS" signature="testCustomTokenRegExpValues()[pri:0, instance:org.artifactory.util.RepoLayoutUtilsTest@24f05c30]" name="testCustomTokenRegExpValues" duration-ms="1" started-at="2013-05-13T13:10:47Z" finished-at="2013-05-13T13:10:47Z">
          <reporter-output>
          </reporter-output>
        </test-method> <!-- testCustomTokenRegExpValues -->
        <test-method status="PASS" signature="testFailOnUnknownCustomToken()[pri:0, instance:org.artifactory.util.RepoLayoutUtilsTest@24f05c30]" name="testFailOnUnknownCustomToken" duration-ms="3" started-at="2013-05-13T13:10:47Z" finished-at="2013-05-13T13:10:47Z">
          <exception class="java.lang.IllegalArgumentException">
            <message>
              <![CDATA[The token '[momo]' is unknown. If this is not intended, please verify the token name for correctness or add a mapping for this token using the '[$NAME&lt;REGEXP&gt;]' syntax.]]>
            </message>
            <full-stacktrace>
              <![CDATA[java.lang.IllegalArgumentException: The token '[momo]' is unknown. If this is not intended, please verify the token name for correctness or add a mapping for this token using the '[$NAME&lt;REGEXP&gt;]' syntax.
	at org.artifactory.util.RepoLayoutUtils.generateRegExpFromPattern(RepoLayoutUtils.java:303)
	at org.artifactory.util.RepoLayoutUtils.generateRegExpFromPattern(RepoLayoutUtils.java:259)
	at org.artifactory.util.RepoLayoutUtilsTest.testGeneratedPatternRegExp(RepoLayoutUtilsTest.java:389)
	at org.artifactory.util.RepoLayoutUtilsTest.testFailOnUnknownCustomToken(RepoLayoutUtilsTest.java:273)
	at sun.reflect.NativeMethodAccessorImpl.invoke0(Native Method)
	at sun.reflect.NativeMethodAccessorImpl.invoke(NativeMethodAccessorImpl.java:57)
	at sun.reflect.DelegatingMethodAccessorImpl.invoke(DelegatingMethodAccessorImpl.java:43)
	at java.lang.reflect.Method.invoke(Method.java:601)
	at org.testng.internal.MethodInvocationHelper.invokeMethod(MethodInvocationHelper.java:80)
	at org.testng.internal.Invoker.invokeMethod(Invoker.java:714)
	at org.testng.internal.Invoker.invokeTestMethod(Invoker.java:901)
	at org.testng.internal.Invoker.invokeTestMethods(Invoker.java:1231)
	at org.testng.internal.TestMethodWorker.invokeTestMethods(TestMethodWorker.java:127)
	at org.testng.internal.TestMethodWorker.run(TestMethodWorker.java:111)
	at org.testng.TestRunner.privateRun(TestRunner.java:767)
	at org.testng.TestRunner.run(TestRunner.java:617)
	at org.testng.SuiteRunner.runTest(SuiteRunner.java:334)
	at org.testng.SuiteRunner.runSequentially(SuiteRunner.java:329)
	at org.testng.SuiteRunner.privateRun(SuiteRunner.java:291)
	at org.testng.SuiteRunner.run(SuiteRunner.java:240)
	at org.testng.SuiteRunnerWorker.runSuite(SuiteRunnerWorker.java:52)
	at org.testng.SuiteRunnerWorker.run(SuiteRunnerWorker.java:86)
	at org.testng.TestNG.runSuitesSequentially(TestNG.java:1198)
	at org.testng.TestNG.runSuitesLocally(TestNG.java:1123)
	at org.testng.TestNG.run(TestNG.java:1031)
	at org.apache.maven.surefire.testng.TestNGExecutor.run(TestNGExecutor.java:77)
	at org.apache.maven.surefire.testng.TestNGDirectoryTestSuite.executeMulti(TestNGDirectoryTestSuite.java:189)
	at org.apache.maven.surefire.testng.TestNGDirectoryTestSuite.execute(TestNGDirectoryTestSuite.java:105)
	at org.apache.maven.surefire.testng.TestNGProvider.invoke(TestNGProvider.java:117)
	at sun.reflect.NativeMethodAccessorImpl.invoke0(Native Method)
	at sun.reflect.NativeMethodAccessorImpl.invoke(NativeMethodAccessorImpl.java:57)
	at sun.reflect.DelegatingMethodAccessorImpl.invoke(DelegatingMethodAccessorImpl.java:43)
	at java.lang.reflect.Method.invoke(Method.java:601)
	at org.apache.maven.surefire.util.ReflectionUtils.invokeMethodWithArray2(ReflectionUtils.java:208)
	at org.apache.maven.surefire.booter.ProviderFactory$ProviderProxy.invoke(ProviderFactory.java:158)
	at org.apache.maven.surefire.booter.ProviderFactory.invokeProvider(ProviderFactory.java:86)
	at org.apache.maven.surefire.booter.ForkedBooter.runSuitesInProcess(ForkedBooter.java:153)
	at org.apache.maven.surefire.booter.ForkedBooter.main(ForkedBooter.java:95)
]]>
            </full-stacktrace>
          </exception> <!-- java.lang.IllegalArgumentException -->
          <reporter-output>
          </reporter-output>
        </test-method> <!-- testFailOnUnknownCustomToken -->
        <test-method status="PASS" signature="testIsDefaultM2Layout()[pri:0, instance:org.artifactory.util.RepoLayoutUtilsTest@24f05c30]" name="testIsDefaultM2Layout" duration-ms="0" started-at="2013-05-13T13:10:47Z" finished-at="2013-05-13T13:10:47Z">
          <reporter-output>
          </reporter-output>
        </test-method> <!-- testIsDefaultM2Layout -->
        <test-method status="PASS" signature="testGenerateRegExpFromPatternOfDefaultLayouts()[pri:0, instance:org.artifactory.util.RepoLayoutUtilsTest@24f05c30]" name="testGenerateRegExpFromPatternOfDefaultLayouts" duration-ms="0" started-at="2013-05-13T13:10:47Z" finished-at="2013-05-13T13:10:47Z">
          <reporter-output>
          </reporter-output>
        </test-method> <!-- testGenerateRegExpFromPatternOfDefaultLayouts -->
        <test-method status="PASS" signature="testReservedRepoLayoutNames()[pri:0, instance:org.artifactory.util.RepoLayoutUtilsTest@24f05c30]" name="testReservedRepoLayoutNames" duration-ms="0" started-at="2013-05-13T13:10:47Z" finished-at="2013-05-13T13:10:47Z">
          <reporter-output>
          </reporter-output>
        </test-method> <!-- testReservedRepoLayoutNames -->
        <test-method status="PASS" signature="testLayoutContainsOrgPathToken()[pri:0, instance:org.artifactory.util.RepoLayoutUtilsTest@24f05c30]" name="testLayoutContainsOrgPathToken" duration-ms="0" started-at="2013-05-13T13:10:47Z" finished-at="2013-05-13T13:10:47Z">
          <reporter-output>
          </reporter-output>
        </test-method> <!-- testLayoutContainsOrgPathToken -->
        <test-method status="PASS" signature="testIgnoreUnknownTokens()[pri:0, instance:org.artifactory.util.RepoLayoutUtilsTest@24f05c30]" name="testIgnoreUnknownTokens" duration-ms="0" started-at="2013-05-13T13:10:47Z" finished-at="2013-05-13T13:10:47Z">
          <reporter-output>
          </reporter-output>
        </test-method> <!-- testIgnoreUnknownTokens -->
        <test-method status="PASS" signature="testNullLayoutContainsOrgPathToken()[pri:0, instance:org.artifactory.util.RepoLayoutUtilsTest@24f05c30]" name="testNullLayoutContainsOrgPathToken" duration-ms="1" started-at="2013-05-13T13:10:47Z" finished-at="2013-05-13T13:10:47Z">
          <exception class="java.lang.IllegalArgumentException">
            <message>
              <![CDATA[Cannot check a null layout for token existence.]]>
            </message>
            <full-stacktrace>
              <![CDATA[java.lang.IllegalArgumentException: Cannot check a null layout for token existence.
	at org.artifactory.util.RepoLayoutUtils.layoutContainsOrgPathToken(RepoLayoutUtils.java:150)
	at org.artifactory.util.RepoLayoutUtilsTest.testNullLayoutContainsOrgPathToken(RepoLayoutUtilsTest.java:123)
	at sun.reflect.NativeMethodAccessorImpl.invoke0(Native Method)
	at sun.reflect.NativeMethodAccessorImpl.invoke(NativeMethodAccessorImpl.java:57)
	at sun.reflect.DelegatingMethodAccessorImpl.invoke(DelegatingMethodAccessorImpl.java:43)
	at java.lang.reflect.Method.invoke(Method.java:601)
	at org.testng.internal.MethodInvocationHelper.invokeMethod(MethodInvocationHelper.java:80)
	at org.testng.internal.Invoker.invokeMethod(Invoker.java:714)
	at org.testng.internal.Invoker.invokeTestMethod(Invoker.java:901)
	at org.testng.internal.Invoker.invokeTestMethods(Invoker.java:1231)
	at org.testng.internal.TestMethodWorker.invokeTestMethods(TestMethodWorker.java:127)
	at org.testng.internal.TestMethodWorker.run(TestMethodWorker.java:111)
	at org.testng.TestRunner.privateRun(TestRunner.java:767)
	at org.testng.TestRunner.run(TestRunner.java:617)
	at org.testng.SuiteRunner.runTest(SuiteRunner.java:334)
	at org.testng.SuiteRunner.runSequentially(SuiteRunner.java:329)
	at org.testng.SuiteRunner.privateRun(SuiteRunner.java:291)
	at org.testng.SuiteRunner.run(SuiteRunner.java:240)
	at org.testng.SuiteRunnerWorker.runSuite(SuiteRunnerWorker.java:52)
	at org.testng.SuiteRunnerWorker.run(SuiteRunnerWorker.java:86)
	at org.testng.TestNG.runSuitesSequentially(TestNG.java:1198)
	at org.testng.TestNG.runSuitesLocally(TestNG.java:1123)
	at org.testng.TestNG.run(TestNG.java:1031)
	at org.apache.maven.surefire.testng.TestNGExecutor.run(TestNGExecutor.java:77)
	at org.apache.maven.surefire.testng.TestNGDirectoryTestSuite.executeMulti(TestNGDirectoryTestSuite.java:189)
	at org.apache.maven.surefire.testng.TestNGDirectoryTestSuite.execute(TestNGDirectoryTestSuite.java:105)
	at org.apache.maven.surefire.testng.TestNGProvider.invoke(TestNGProvider.java:117)
	at sun.reflect.NativeMethodAccessorImpl.invoke0(Native Method)
	at sun.reflect.NativeMethodAccessorImpl.invoke(NativeMethodAccessorImpl.java:57)
	at sun.reflect.DelegatingMethodAccessorImpl.invoke(DelegatingMethodAccessorImpl.java:43)
	at java.lang.reflect.Method.invoke(Method.java:601)
	at org.apache.maven.surefire.util.ReflectionUtils.invokeMethodWithArray2(ReflectionUtils.java:208)
	at org.apache.maven.surefire.booter.ProviderFactory$ProviderProxy.invoke(ProviderFactory.java:158)
	at org.apache.maven.surefire.booter.ProviderFactory.invokeProvider(ProviderFactory.java:86)
	at org.apache.maven.surefire.booter.ForkedBooter.runSuitesInProcess(ForkedBooter.java:153)
	at org.apache.maven.surefire.booter.ForkedBooter.main(ForkedBooter.java:95)
]]>
            </full-stacktrace>
          </exception> <!-- java.lang.IllegalArgumentException -->
          <reporter-output>
          </reporter-output>
        </test-method> <!-- testNullLayoutContainsOrgPathToken -->
        <test-method status="PASS" signature="testDefaultTokenSet()[pri:0, instance:org.artifactory.util.RepoLayoutUtilsTest@24f05c30]" name="testDefaultTokenSet" duration-ms="0" started-at="2013-05-13T13:10:47Z" finished-at="2013-05-13T13:10:47Z">
          <reporter-output>
          </reporter-output>
        </test-method> <!-- testDefaultTokenSet -->
        <test-method status="PASS" signature="testGetArtifactLayoutAsIvyPattern()[pri:0, instance:org.artifactory.util.RepoLayoutUtilsTest@24f05c30]" name="testGetArtifactLayoutAsIvyPattern" duration-ms="1" started-at="2013-05-13T13:10:47Z" finished-at="2013-05-13T13:10:47Z">
          <reporter-output>
          </reporter-output>
        </test-method> <!-- testGetArtifactLayoutAsIvyPattern -->
        <test-method status="PASS" signature="testRemoveReplacedTokenOptionalBrackets()[pri:0, instance:org.artifactory.util.RepoLayoutUtilsTest@24f05c30]" name="testRemoveReplacedTokenOptionalBrackets" duration-ms="0" started-at="2013-05-13T13:10:47Z" finished-at="2013-05-13T13:10:47Z">
          <reporter-output>
          </reporter-output>
        </test-method> <!-- testRemoveReplacedTokenOptionalBrackets -->
      </class> <!-- org.artifactory.util.RepoLayoutUtilsTest -->
      <class name="org.artifactory.version.converter.v1414.CleanupConfigConverterTest">
        <test-method status="PASS" signature="readMimeTypes()[pri:0, instance:org.artifactory.version.converter.v1414.CleanupConfigConverterTest@50258792]" name="readMimeTypes" is-config="true" duration-ms="11" started-at="2013-05-13T13:10:47Z" finished-at="2013-05-13T13:10:47Z">
          <reporter-output>
          </reporter-output>
        </test-method> <!-- readMimeTypes -->
        <test-method status="PASS" signature="bindArtifactoryHome()[pri:0, instance:org.artifactory.version.converter.v1414.CleanupConfigConverterTest@50258792]" name="bindArtifactoryHome" is-config="true" duration-ms="1" started-at="2013-05-13T13:10:47Z" finished-at="2013-05-13T13:10:47Z">
          <reporter-output>
          </reporter-output>
        </test-method> <!-- bindArtifactoryHome -->
        <test-method status="PASS" signature="testCreateCleanupCronExp()[pri:0, instance:org.artifactory.version.converter.v1414.CleanupConfigConverterTest@50258792]" name="testCreateCleanupCronExp" duration-ms="4" started-at="2013-05-13T13:10:47Z" finished-at="2013-05-13T13:10:47Z">
          <reporter-output>
          </reporter-output>
        </test-method> <!-- testCreateCleanupCronExp -->
        <test-method status="PASS" signature="unbindArtifactoryHome()[pri:0, instance:org.artifactory.version.converter.v1414.CleanupConfigConverterTest@50258792]" name="unbindArtifactoryHome" is-config="true" duration-ms="0" started-at="2013-05-13T13:10:47Z" finished-at="2013-05-13T13:10:47Z">
          <reporter-output>
          </reporter-output>
        </test-method> <!-- unbindArtifactoryHome -->
      </class> <!-- org.artifactory.version.converter.v1414.CleanupConfigConverterTest -->
      <class name="org.artifactory.descriptor.repo.ProxyDescriptorTest">
        <test-method status="PASS" signature="defaultConstructor()[pri:0, instance:org.artifactory.descriptor.repo.ProxyDescriptorTest@a0937af]" name="defaultConstructor" duration-ms="1" started-at="2013-05-13T13:10:47Z" finished-at="2013-05-13T13:10:47Z">
          <reporter-output>
          </reporter-output>
        </test-method> <!-- defaultConstructor -->
        <test-method status="PASS" signature="redirectedToHosts()[pri:0, instance:org.artifactory.descriptor.repo.ProxyDescriptorTest@a0937af]" name="redirectedToHosts" duration-ms="0" started-at="2013-05-13T13:10:47Z" finished-at="2013-05-13T13:10:47Z">
          <reporter-output>
          </reporter-output>
        </test-method> <!-- redirectedToHosts -->
      </class> <!-- org.artifactory.descriptor.repo.ProxyDescriptorTest -->
      <class name="org.artifactory.version.converter.v1414.AssumedOfflineConverterTest">
        <test-method status="PASS" signature="readMimeTypes()[pri:0, instance:org.artifactory.version.converter.v1414.AssumedOfflineConverterTest@3821e98d]" name="readMimeTypes" is-config="true" duration-ms="21" started-at="2013-05-13T13:10:38Z" finished-at="2013-05-13T13:10:38Z">
          <reporter-output>
          </reporter-output>
        </test-method> <!-- readMimeTypes -->
        <test-method status="PASS" signature="defaultConfigTest()[pri:0, instance:org.artifactory.version.converter.v1414.AssumedOfflineConverterTest@3821e98d]" name="defaultConfigTest" duration-ms="19" started-at="2013-05-13T13:10:38Z" finished-at="2013-05-13T13:10:38Z">
          <reporter-output>
          </reporter-output>
        </test-method> <!-- defaultConfigTest -->
        <test-method status="PASS" signature="bindArtifactoryHome()[pri:0, instance:org.artifactory.version.converter.v1414.AssumedOfflineConverterTest@3821e98d]" name="bindArtifactoryHome" is-config="true" duration-ms="0" started-at="2013-05-13T13:10:38Z" finished-at="2013-05-13T13:10:38Z">
          <reporter-output>
          </reporter-output>
        </test-method> <!-- bindArtifactoryHome -->
        <test-method status="PASS" signature="unbindArtifactoryHome()[pri:0, instance:org.artifactory.version.converter.v1414.AssumedOfflineConverterTest@3821e98d]" name="unbindArtifactoryHome" is-config="true" duration-ms="0" started-at="2013-05-13T13:10:38Z" finished-at="2013-05-13T13:10:38Z">
          <reporter-output>
          </reporter-output>
        </test-method> <!-- unbindArtifactoryHome -->
        <test-method status="PASS" signature="withFailedRetrievalCache()[pri:0, instance:org.artifactory.version.converter.v1414.AssumedOfflineConverterTest@3821e98d]" name="withFailedRetrievalCache" duration-ms="18" started-at="2013-05-13T13:10:38Z" finished-at="2013-05-13T13:10:38Z">
          <reporter-output>
          </reporter-output>
        </test-method> <!-- withFailedRetrievalCache -->
        <test-method status="PASS" signature="bindArtifactoryHome()[pri:0, instance:org.artifactory.version.converter.v1414.AssumedOfflineConverterTest@3821e98d]" name="bindArtifactoryHome" is-config="true" duration-ms="0" started-at="2013-05-13T13:10:38Z" finished-at="2013-05-13T13:10:38Z">
          <reporter-output>
          </reporter-output>
        </test-method> <!-- bindArtifactoryHome -->
        <test-method status="PASS" signature="unbindArtifactoryHome()[pri:0, instance:org.artifactory.version.converter.v1414.AssumedOfflineConverterTest@3821e98d]" name="unbindArtifactoryHome" is-config="true" duration-ms="1" started-at="2013-05-13T13:10:38Z" finished-at="2013-05-13T13:10:38Z">
          <reporter-output>
          </reporter-output>
        </test-method> <!-- unbindArtifactoryHome -->
      </class> <!-- org.artifactory.version.converter.v1414.AssumedOfflineConverterTest -->
      <class name="org.artifactory.descriptor.replication.RemoteReplicationDescriptorTest">
        <test-method status="PASS" signature="testDefaultBaseValues()[pri:0, instance:org.artifactory.descriptor.replication.RemoteReplicationDescriptorTest@629c81c2]" name="testDefaultBaseValues" duration-ms="1" started-at="2013-05-13T13:10:47Z" finished-at="2013-05-13T13:10:47Z">
          <reporter-output>
          </reporter-output>
        </test-method> <!-- testDefaultBaseValues -->
        <test-method status="PASS" signature="testBaseSetters()[pri:0, instance:org.artifactory.descriptor.replication.RemoteReplicationDescriptorTest@629c81c2]" name="testBaseSetters" duration-ms="0" started-at="2013-05-13T13:10:47Z" finished-at="2013-05-13T13:10:47Z">
          <reporter-output>
          </reporter-output>
        </test-method> <!-- testBaseSetters -->
      </class> <!-- org.artifactory.descriptor.replication.RemoteReplicationDescriptorTest -->
      <class name="org.artifactory.descriptor.repo.RepoLayoutTest">
        <test-method status="PASS" signature="testCopyConstructor()[pri:0, instance:org.artifactory.descriptor.repo.RepoLayoutTest@12bf506d]" name="testCopyConstructor" duration-ms="0" started-at="2013-05-13T13:10:47Z" finished-at="2013-05-13T13:10:47Z">
          <reporter-output>
          </reporter-output>
        </test-method> <!-- testCopyConstructor -->
        <test-method status="PASS" signature="testDefaultConstructor()[pri:0, instance:org.artifactory.descriptor.repo.RepoLayoutTest@12bf506d]" name="testDefaultConstructor" duration-ms="1" started-at="2013-05-13T13:10:47Z" finished-at="2013-05-13T13:10:47Z">
          <reporter-output>
          </reporter-output>
        </test-method> <!-- testDefaultConstructor -->
        <test-method status="PASS" signature="testGradleConstants()[pri:0, instance:org.artifactory.descriptor.repo.RepoLayoutTest@12bf506d]" name="testGradleConstants" duration-ms="0" started-at="2013-05-13T13:10:47Z" finished-at="2013-05-13T13:10:47Z">
          <reporter-output>
          </reporter-output>
        </test-method> <!-- testGradleConstants -->
        <test-method status="PASS" signature="testIvyConstants()[pri:0, instance:org.artifactory.descriptor.repo.RepoLayoutTest@12bf506d]" name="testIvyConstants" duration-ms="0" started-at="2013-05-13T13:10:47Z" finished-at="2013-05-13T13:10:47Z">
          <reporter-output>
          </reporter-output>
        </test-method> <!-- testIvyConstants -->
        <test-method status="PASS" signature="testM1Constants()[pri:0, instance:org.artifactory.descriptor.repo.RepoLayoutTest@12bf506d]" name="testM1Constants" duration-ms="0" started-at="2013-05-13T13:10:47Z" finished-at="2013-05-13T13:10:47Z">
          <reporter-output>
          </reporter-output>
        </test-method> <!-- testM1Constants -->
        <test-method status="PASS" signature="testM2Constants()[pri:0, instance:org.artifactory.descriptor.repo.RepoLayoutTest@12bf506d]" name="testM2Constants" duration-ms="0" started-at="2013-05-13T13:10:47Z" finished-at="2013-05-13T13:10:47Z">
          <reporter-output>
          </reporter-output>
        </test-method> <!-- testM2Constants -->
      </class> <!-- org.artifactory.descriptor.repo.RepoLayoutTest -->
      <class name="org.artifactory.version.converter.v1412.IndexerCronExpPropertyConverterTest">
        <test-method status="PASS" signature="readMimeTypes()[pri:0, instance:org.artifactory.version.converter.v1412.IndexerCronExpPropertyConverterTest@190c4838]" name="readMimeTypes" is-config="true" duration-ms="15" started-at="2013-05-13T13:10:46Z" finished-at="2013-05-13T13:10:46Z">
          <reporter-output>
          </reporter-output>
        </test-method> <!-- readMimeTypes -->
        <test-method status="PASS" signature="bindArtifactoryHome()[pri:0, instance:org.artifactory.version.converter.v1412.IndexerCronExpPropertyConverterTest@190c4838]" name="bindArtifactoryHome" is-config="true" duration-ms="1" started-at="2013-05-13T13:10:46Z" finished-at="2013-05-13T13:10:46Z">
          <reporter-output>
          </reporter-output>
        </test-method> <!-- bindArtifactoryHome -->
        <test-method status="PASS" signature="testReplacingIntervalByCronExp()[pri:0, instance:org.artifactory.version.converter.v1412.IndexerCronExpPropertyConverterTest@190c4838]" name="testReplacingIntervalByCronExp" duration-ms="4" started-at="2013-05-13T13:10:46Z" finished-at="2013-05-13T13:10:46Z">
          <reporter-output>
          </reporter-output>
        </test-method> <!-- testReplacingIntervalByCronExp -->
        <test-method status="PASS" signature="unbindArtifactoryHome()[pri:0, instance:org.artifactory.version.converter.v1412.IndexerCronExpPropertyConverterTest@190c4838]" name="unbindArtifactoryHome" is-config="true" duration-ms="1" started-at="2013-05-13T13:10:46Z" finished-at="2013-05-13T13:10:46Z">
          <reporter-output>
          </reporter-output>
        </test-method> <!-- unbindArtifactoryHome -->
      </class> <!-- org.artifactory.version.converter.v1412.IndexerCronExpPropertyConverterTest -->
      <class name="org.artifactory.descriptor.config.CentralConfigReadWriteTest">
        <test-method status="PASS" signature="createTestOutputDir()[pri:0, instance:org.artifactory.descriptor.config.CentralConfigReadWriteTest@35ba7dab]" name="createTestOutputDir" is-config="true" duration-ms="13" started-at="2013-05-13T13:10:38Z" finished-at="2013-05-13T13:10:38Z">
          <reporter-output>
          </reporter-output>
        </test-method> <!-- createTestOutputDir -->
        <test-method status="PASS" signature="defaultConfigElements()[pri:0, instance:org.artifactory.descriptor.config.CentralConfigReadWriteTest@35ba7dab]" name="defaultConfigElements" duration-ms="826" started-at="2013-05-13T13:10:39Z" finished-at="2013-05-13T13:10:39Z">
          <reporter-output>
          </reporter-output>
        </test-method> <!-- defaultConfigElements -->
        <test-method status="PASS" signature="writeCentralConfig()[pri:0, instance:org.artifactory.descriptor.config.CentralConfigReadWriteTest@35ba7dab]" name="writeCentralConfig" duration-ms="92" started-at="2013-05-13T13:10:39Z" finished-at="2013-05-13T13:10:39Z">
          <reporter-output>
          </reporter-output>
        </test-method> <!-- writeCentralConfig -->
        <test-method status="PASS" signature="writeW3cSchema()[pri:0, instance:org.artifactory.descriptor.config.CentralConfigReadWriteTest@35ba7dab]" name="writeW3cSchema" duration-ms="111" started-at="2013-05-13T13:10:39Z" finished-at="2013-05-13T13:10:40Z">
          <reporter-output>
          </reporter-output>
        </test-method> <!-- writeW3cSchema -->
        <test-method status="PASS" signature="readWrittenCentralConfig()[pri:0, instance:org.artifactory.descriptor.config.CentralConfigReadWriteTest@35ba7dab]" name="readWrittenCentralConfig" duration-ms="46" started-at="2013-05-13T13:10:47Z" depends-on-methods="org.artifactory.descriptor.config.CentralConfigReadWriteTest.writeCentralConfig" finished-at="2013-05-13T13:10:47Z">
          <reporter-output>
          </reporter-output>
        </test-method> <!-- readWrittenCentralConfig -->
      </class> <!-- org.artifactory.descriptor.config.CentralConfigReadWriteTest -->
      <class name="org.artifactory.version.converter.v144.MultiLdapXmlConverterTest">
        <test-method status="PASS" signature="readMimeTypes()[pri:0, instance:org.artifactory.version.converter.v144.MultiLdapXmlConverterTest@6fe0b6eb]" name="readMimeTypes" is-config="true" duration-ms="14" started-at="2013-05-13T13:10:46Z" finished-at="2013-05-13T13:10:46Z">
          <reporter-output>
          </reporter-output>
        </test-method> <!-- readMimeTypes -->
        <test-method status="PASS" signature="convert()[pri:0, instance:org.artifactory.version.converter.v144.MultiLdapXmlConverterTest@6fe0b6eb]" name="convert" duration-ms="5" started-at="2013-05-13T13:10:46Z" finished-at="2013-05-13T13:10:46Z">
          <reporter-output>
          </reporter-output>
        </test-method> <!-- convert -->
        <test-method status="PASS" signature="bindArtifactoryHome()[pri:0, instance:org.artifactory.version.converter.v144.MultiLdapXmlConverterTest@6fe0b6eb]" name="bindArtifactoryHome" is-config="true" duration-ms="0" started-at="2013-05-13T13:10:46Z" finished-at="2013-05-13T13:10:46Z">
          <reporter-output>
          </reporter-output>
        </test-method> <!-- bindArtifactoryHome -->
        <test-method status="PASS" signature="unbindArtifactoryHome()[pri:0, instance:org.artifactory.version.converter.v144.MultiLdapXmlConverterTest@6fe0b6eb]" name="unbindArtifactoryHome" is-config="true" duration-ms="0" started-at="2013-05-13T13:10:46Z" finished-at="2013-05-13T13:10:46Z">
          <reporter-output>
          </reporter-output>
        </test-method> <!-- unbindArtifactoryHome -->
      </class> <!-- org.artifactory.version.converter.v144.MultiLdapXmlConverterTest -->
      <class name="org.artifactory.version.converter.v149.ReplicationElementNameConverterTest">
        <test-method status="PASS" signature="readMimeTypes()[pri:0, instance:org.artifactory.version.converter.v149.ReplicationElementNameConverterTest@60939442]" name="readMimeTypes" is-config="true" duration-ms="11" started-at="2013-05-13T13:10:47Z" finished-at="2013-05-13T13:10:47Z">
          <reporter-output>
          </reporter-output>
        </test-method> <!-- readMimeTypes -->
        <test-method status="PASS" signature="bindArtifactoryHome()[pri:0, instance:org.artifactory.version.converter.v149.ReplicationElementNameConverterTest@60939442]" name="bindArtifactoryHome" is-config="true" duration-ms="1" started-at="2013-05-13T13:10:47Z" finished-at="2013-05-13T13:10:47Z">
          <reporter-output>
          </reporter-output>
        </test-method> <!-- bindArtifactoryHome -->
        <test-method status="PASS" signature="convert()[pri:0, instance:org.artifactory.version.converter.v149.ReplicationElementNameConverterTest@60939442]" name="convert" duration-ms="3" started-at="2013-05-13T13:10:47Z" finished-at="2013-05-13T13:10:47Z">
          <reporter-output>
          </reporter-output>
        </test-method> <!-- convert -->
        <test-method status="PASS" signature="unbindArtifactoryHome()[pri:0, instance:org.artifactory.version.converter.v149.ReplicationElementNameConverterTest@60939442]" name="unbindArtifactoryHome" is-config="true" duration-ms="0" started-at="2013-05-13T13:10:47Z" finished-at="2013-05-13T13:10:47Z">
          <reporter-output>
          </reporter-output>
        </test-method> <!-- unbindArtifactoryHome -->
      </class> <!-- org.artifactory.version.converter.v149.ReplicationElementNameConverterTest -->
      <class name="org.artifactory.version.converter.v147.DefaultRepoLayoutConverterTest">
        <test-method status="PASS" signature="readMimeTypes()[pri:0, instance:org.artifactory.version.converter.v147.DefaultRepoLayoutConverterTest@1f7d9318]" name="readMimeTypes" is-config="true" duration-ms="15" started-at="2013-05-13T13:10:46Z" finished-at="2013-05-13T13:10:46Z">
          <reporter-output>
          </reporter-output>
        </test-method> <!-- readMimeTypes -->
        <test-method status="PASS" signature="bindArtifactoryHome()[pri:0, instance:org.artifactory.version.converter.v147.DefaultRepoLayoutConverterTest@1f7d9318]" name="bindArtifactoryHome" is-config="true" duration-ms="0" started-at="2013-05-13T13:10:46Z" finished-at="2013-05-13T13:10:46Z">
          <reporter-output>
          </reporter-output>
        </test-method> <!-- bindArtifactoryHome -->
        <test-method status="PASS" signature="convert()[pri:0, instance:org.artifactory.version.converter.v147.DefaultRepoLayoutConverterTest@1f7d9318]" name="convert" duration-ms="4" started-at="2013-05-13T13:10:46Z" finished-at="2013-05-13T13:10:46Z">
          <reporter-output>
          </reporter-output>
        </test-method> <!-- convert -->
        <test-method status="PASS" signature="unbindArtifactoryHome()[pri:0, instance:org.artifactory.version.converter.v147.DefaultRepoLayoutConverterTest@1f7d9318]" name="unbindArtifactoryHome" is-config="true" duration-ms="0" started-at="2013-05-13T13:10:46Z" finished-at="2013-05-13T13:10:46Z">
          <reporter-output>
          </reporter-output>
        </test-method> <!-- unbindArtifactoryHome -->
      </class> <!-- org.artifactory.version.converter.v147.DefaultRepoLayoutConverterTest -->
      <class name="org.artifactory.util.StringsTest">
        <test-method status="PASS" signature="maskEmpty()[pri:0, instance:org.artifactory.util.StringsTest@6764bcd3]" name="maskEmpty" duration-ms="1" started-at="2013-05-13T13:10:47Z" finished-at="2013-05-13T13:10:47Z">
          <reporter-output>
          </reporter-output>
        </test-method> <!-- maskEmpty -->
        <test-method status="PASS" signature="maskKeyValue()[pri:0, instance:org.artifactory.util.StringsTest@6764bcd3]" name="maskKeyValue" duration-ms="0" started-at="2013-05-13T13:10:47Z" finished-at="2013-05-13T13:10:47Z">
          <reporter-output>
          </reporter-output>
        </test-method> <!-- maskKeyValue -->
        <test-method status="PASS" signature="maskKeyValueEmpty()[pri:0, instance:org.artifactory.util.StringsTest@6764bcd3]" name="maskKeyValueEmpty" duration-ms="0" started-at="2013-05-13T13:10:47Z" finished-at="2013-05-13T13:10:47Z">
          <reporter-output>
          </reporter-output>
        </test-method> <!-- maskKeyValueEmpty -->
        <test-method status="PASS" signature="maskKeyValueNoEquals()[pri:0, instance:org.artifactory.util.StringsTest@6764bcd3]" name="maskKeyValueNoEquals" duration-ms="0" started-at="2013-05-13T13:10:47Z" finished-at="2013-05-13T13:10:47Z">
          <reporter-output>
          </reporter-output>
        </test-method> <!-- maskKeyValueNoEquals -->
        <test-method status="PASS" signature="maskKeyValueNull()[pri:0, instance:org.artifactory.util.StringsTest@6764bcd3]" name="maskKeyValueNull" duration-ms="1" started-at="2013-05-13T13:10:47Z" finished-at="2013-05-13T13:10:47Z">
          <reporter-output>
          </reporter-output>
        </test-method> <!-- maskKeyValueNull -->
        <test-method status="PASS" signature="maskString()[pri:0, instance:org.artifactory.util.StringsTest@6764bcd3]" name="maskString" duration-ms="0" started-at="2013-05-13T13:10:47Z" finished-at="2013-05-13T13:10:47Z">
          <reporter-output>
          </reporter-output>
        </test-method> <!-- maskString -->
        <test-method status="PASS" signature="maskNull()[pri:0, instance:org.artifactory.util.StringsTest@6764bcd3]" name="maskNull" duration-ms="0" started-at="2013-05-13T13:10:47Z" finished-at="2013-05-13T13:10:47Z">
          <reporter-output>
          </reporter-output>
        </test-method> <!-- maskNull -->
      </class> <!-- org.artifactory.util.StringsTest -->
      <class name="org.artifactory.logging.version.v6.RequestTraceLoggerConverterTest">
        <test-method status="PASS" signature="readMimeTypes()[pri:0, instance:org.artifactory.logging.version.v6.RequestTraceLoggerConverterTest@625e64fe]" name="readMimeTypes" is-config="true" duration-ms="11" started-at="2013-05-13T13:10:47Z" finished-at="2013-05-13T13:10:47Z">
          <reporter-output>
          </reporter-output>
        </test-method> <!-- readMimeTypes -->
        <test-method status="PASS" signature="setUp()[pri:0, instance:org.artifactory.logging.version.v6.RequestTraceLoggerConverterTest@625e64fe]" name="setUp" is-config="true" duration-ms="4" started-at="2013-05-13T13:10:47Z" finished-at="2013-05-13T13:10:47Z">
          <reporter-output>
          </reporter-output>
        </test-method> <!-- setUp -->
        <test-method status="PASS" signature="testLoggerWasAdded()[pri:0, instance:org.artifactory.logging.version.v6.RequestTraceLoggerConverterTest@625e64fe]" name="testLoggerWasAdded" duration-ms="2" started-at="2013-05-13T13:10:47Z" finished-at="2013-05-13T13:10:47Z">
          <reporter-output>
          </reporter-output>
        </test-method> <!-- testLoggerWasAdded -->
        <test-method status="PASS" signature="bindArtifactoryHome()[pri:0, instance:org.artifactory.logging.version.v6.RequestTraceLoggerConverterTest@625e64fe]" name="bindArtifactoryHome" is-config="true" duration-ms="0" started-at="2013-05-13T13:10:47Z" finished-at="2013-05-13T13:10:47Z">
          <reporter-output>
          </reporter-output>
        </test-method> <!-- bindArtifactoryHome -->
        <test-method status="PASS" signature="unbindArtifactoryHome()[pri:0, instance:org.artifactory.logging.version.v6.RequestTraceLoggerConverterTest@625e64fe]" name="unbindArtifactoryHome" is-config="true" duration-ms="0" started-at="2013-05-13T13:10:47Z" finished-at="2013-05-13T13:10:47Z">
          <reporter-output>
          </reporter-output>
        </test-method> <!-- unbindArtifactoryHome -->
        <test-method status="PASS" signature="testAppenderWasAdded()[pri:0, instance:org.artifactory.logging.version.v6.RequestTraceLoggerConverterTest@625e64fe]" name="testAppenderWasAdded" duration-ms="1" started-at="2013-05-13T13:10:47Z" finished-at="2013-05-13T13:10:47Z">
          <reporter-output>
          </reporter-output>
        </test-method> <!-- testAppenderWasAdded -->
        <test-method status="PASS" signature="bindArtifactoryHome()[pri:0, instance:org.artifactory.logging.version.v6.RequestTraceLoggerConverterTest@625e64fe]" name="bindArtifactoryHome" is-config="true" duration-ms="0" started-at="2013-05-13T13:10:47Z" finished-at="2013-05-13T13:10:47Z">
          <reporter-output>
          </reporter-output>
        </test-method> <!-- bindArtifactoryHome -->
        <test-method status="PASS" signature="unbindArtifactoryHome()[pri:0, instance:org.artifactory.logging.version.v6.RequestTraceLoggerConverterTest@625e64fe]" name="unbindArtifactoryHome" is-config="true" duration-ms="0" started-at="2013-05-13T13:10:47Z" finished-at="2013-05-13T13:10:47Z">
          <reporter-output>
          </reporter-output>
        </test-method> <!-- unbindArtifactoryHome -->
      </class> <!-- org.artifactory.logging.version.v6.RequestTraceLoggerConverterTest -->
      <class name="org.artifactory.version.converter.v147.JfrogRemoteRepoUrlConverterTest">
        <test-method status="PASS" signature="readMimeTypes()[pri:0, instance:org.artifactory.version.converter.v147.JfrogRemoteRepoUrlConverterTest@7f9657e5]" name="readMimeTypes" is-config="true" duration-ms="13" started-at="2013-05-13T13:10:46Z" finished-at="2013-05-13T13:10:46Z">
          <reporter-output>
          </reporter-output>
        </test-method> <!-- readMimeTypes -->
        <test-method status="PASS" signature="bindArtifactoryHome()[pri:0, instance:org.artifactory.version.converter.v147.JfrogRemoteRepoUrlConverterTest@7f9657e5]" name="bindArtifactoryHome" is-config="true" duration-ms="0" started-at="2013-05-13T13:10:46Z" finished-at="2013-05-13T13:10:46Z">
          <reporter-output>
          </reporter-output>
        </test-method> <!-- bindArtifactoryHome -->
        <test-method status="PASS" signature="convert()[pri:0, instance:org.artifactory.version.converter.v147.JfrogRemoteRepoUrlConverterTest@7f9657e5]" name="convert" duration-ms="3" started-at="2013-05-13T13:10:46Z" finished-at="2013-05-13T13:10:46Z">
          <reporter-output>
          </reporter-output>
        </test-method> <!-- convert -->
        <test-method status="PASS" signature="unbindArtifactoryHome()[pri:0, instance:org.artifactory.version.converter.v147.JfrogRemoteRepoUrlConverterTest@7f9657e5]" name="unbindArtifactoryHome" is-config="true" duration-ms="0" started-at="2013-05-13T13:10:46Z" finished-at="2013-05-13T13:10:46Z">
          <reporter-output>
          </reporter-output>
        </test-method> <!-- unbindArtifactoryHome -->
      </class> <!-- org.artifactory.version.converter.v147.JfrogRemoteRepoUrlConverterTest -->
      <class name="org.artifactory.mime.version.converter.v1.XmlIndexedConverterTest">
        <test-method status="PASS" signature="readMimeTypes()[pri:0, instance:org.artifactory.mime.version.converter.v1.XmlIndexedConverterTest@5e1e6cde]" name="readMimeTypes" is-config="true" duration-ms="13" started-at="2013-05-13T13:10:47Z" finished-at="2013-05-13T13:10:47Z">
          <reporter-output>
          </reporter-output>
        </test-method> <!-- readMimeTypes -->
        <test-method status="PASS" signature="convert()[pri:0, instance:org.artifactory.mime.version.converter.v1.XmlIndexedConverterTest@5e1e6cde]" name="convert" duration-ms="5" started-at="2013-05-13T13:10:47Z" finished-at="2013-05-13T13:10:47Z">
          <reporter-output>
[...]
          <reporter-output>
          </reporter-output>
        </test-method> <!-- cleanupEmptyDirectoriesDirWithFiles -->
        <test-method status="PASS" signature="dleteTempDir()[pri:0, instance:org.artifactory.util.FilesTest@6326c74e]" name="dleteTempDir" is-config="true" duration-ms="1" started-at="2013-05-13T13:10:46Z" finished-at="2013-05-13T13:10:46Z">
          <reporter-output>
          </reporter-output>
        </test-method> <!-- dleteTempDir -->
        <test-method status="PASS" signature="createTempDir()[pri:0, instance:org.artifactory.util.FilesTest@6326c74e]" name="createTempDir" is-config="true" duration-ms="0" started-at="2013-05-13T13:10:46Z" finished-at="2013-05-13T13:10:46Z">
          <reporter-output>
          </reporter-output>
        </test-method> <!-- createTempDir -->
        <test-method status="PASS" signature="cleanupEmptyDirectoriesEmptyDir()[pri:0, instance:org.artifactory.util.FilesTest@6326c74e]" name="cleanupEmptyDirectoriesEmptyDir" duration-ms="0" started-at="2013-05-13T13:10:46Z" finished-at="2013-05-13T13:10:46Z">
          <reporter-output>
          </reporter-output>
        </test-method> <!-- cleanupEmptyDirectoriesEmptyDir -->
        <test-method status="PASS" signature="dleteTempDir()[pri:0, instance:org.artifactory.util.FilesTest@6326c74e]" name="dleteTempDir" is-config="true" duration-ms="1" started-at="2013-05-13T13:10:46Z" finished-at="2013-05-13T13:10:46Z">
          <reporter-output>
          </reporter-output>
        </test-method> <!-- dleteTempDir -->
        <test-method status="PASS" signature="createTempDir()[pri:0, instance:org.artifactory.util.FilesTest@6326c74e]" name="createTempDir" is-config="true" duration-ms="0" started-at="2013-05-13T13:10:46Z" finished-at="2013-05-13T13:10:46Z">
          <reporter-output>
          </reporter-output>
        </test-method> <!-- createTempDir -->
        <test-method status="PASS" signature="cleanupEmptyDirectoriesNonExistentDir()[pri:0, instance:org.artifactory.util.FilesTest@6326c74e]" name="cleanupEmptyDirectoriesNonExistentDir" duration-ms="10" started-at="2013-05-13T13:10:46Z" finished-at="2013-05-13T13:10:46Z">
          <reporter-output>
          </reporter-output>
        </test-method> <!-- cleanupEmptyDirectoriesNonExistentDir -->
        <test-method status="PASS" signature="dleteTempDir()[pri:0, instance:org.artifactory.util.FilesTest@6326c74e]" name="dleteTempDir" is-config="true" duration-ms="1" started-at="2013-05-13T13:10:46Z" finished-at="2013-05-13T13:10:46Z">
          <reporter-output>
          </reporter-output>
        </test-method> <!-- dleteTempDir -->
      </class> <!-- org.artifactory.util.FilesTest -->
      <class name="org.artifactory.descriptor.replication.LocalReplicationDescriptorTest">
        <test-method status="PASS" signature="testDefaultBaseValues()[pri:0, instance:org.artifactory.descriptor.replication.LocalReplicationDescriptorTest@67c9c73]" name="testDefaultBaseValues" duration-ms="0" started-at="2013-05-13T13:10:47Z" finished-at="2013-05-13T13:10:47Z">
          <reporter-output>
          </reporter-output>
        </test-method> <!-- testDefaultBaseValues -->
        <test-method status="PASS" signature="testDefaultValues()[pri:0, instance:org.artifactory.descriptor.replication.LocalReplicationDescriptorTest@67c9c73]" name="testDefaultValues" duration-ms="0" started-at="2013-05-13T13:10:47Z" finished-at="2013-05-13T13:10:47Z">
          <reporter-output>
          </reporter-output>
        </test-method> <!-- testDefaultValues -->
        <test-method status="PASS" signature="testSetters()[pri:0, instance:org.artifactory.descriptor.replication.LocalReplicationDescriptorTest@67c9c73]" name="testSetters" duration-ms="0" started-at="2013-05-13T13:10:47Z" finished-at="2013-05-13T13:10:47Z">
          <reporter-output>
          </reporter-output>
        </test-method> <!-- testSetters -->
        <test-method status="PASS" signature="testBaseSetters()[pri:0, instance:org.artifactory.descriptor.replication.LocalReplicationDescriptorTest@67c9c73]" name="testBaseSetters" duration-ms="0" started-at="2013-05-13T13:10:47Z" finished-at="2013-05-13T13:10:47Z">
          <reporter-output>
          </reporter-output>
        </test-method> <!-- testBaseSetters -->
      </class> <!-- org.artifactory.descriptor.replication.LocalReplicationDescriptorTest -->
      <class name="org.artifactory.version.converter.v1410.GcSystemPropertyConverterTest">
        <test-method status="PASS" signature="readMimeTypes()[pri:0, instance:org.artifactory.version.converter.v1410.GcSystemPropertyConverterTest@20346642]" name="readMimeTypes" is-config="true" duration-ms="11" started-at="2013-05-13T13:10:47Z" finished-at="2013-05-13T13:10:47Z">
          <reporter-output>
          </reporter-output>
        </test-method> <!-- readMimeTypes -->
        <test-method status="PASS" signature="bindArtifactoryHome()[pri:0, instance:org.artifactory.version.converter.v1410.GcSystemPropertyConverterTest@20346642]" name="bindArtifactoryHome" is-config="true" duration-ms="0" started-at="2013-05-13T13:10:47Z" finished-at="2013-05-13T13:10:47Z">
          <reporter-output>
          </reporter-output>
        </test-method> <!-- bindArtifactoryHome -->
        <test-method status="PASS" signature="testCreateDefaultGcInterval()[pri:0, instance:org.artifactory.version.converter.v1410.GcSystemPropertyConverterTest@20346642]" name="testCreateDefaultGcInterval" duration-ms="4" started-at="2013-05-13T13:10:47Z" finished-at="2013-05-13T13:10:47Z">
          <reporter-output>
          </reporter-output>
        </test-method> <!-- testCreateDefaultGcInterval -->
        <test-method status="PASS" signature="unbindArtifactoryHome()[pri:0, instance:org.artifactory.version.converter.v1410.GcSystemPropertyConverterTest@20346642]" name="unbindArtifactoryHome" is-config="true" duration-ms="0" started-at="2013-05-13T13:10:47Z" finished-at="2013-05-13T13:10:47Z">
          <reporter-output>
          </reporter-output>
        </test-method> <!-- unbindArtifactoryHome -->
      </class> <!-- org.artifactory.version.converter.v1410.GcSystemPropertyConverterTest -->
      <class name="org.artifactory.logging.version.v4.PublicApiPackageChangeLoggerConverterTest">
        <test-method status="PASS" signature="readMimeTypes()[pri:0, instance:org.artifactory.logging.version.v4.PublicApiPackageChangeLoggerConverterTest@110b1a22]" name="readMimeTypes" is-config="true" duration-ms="19" started-at="2013-05-13T13:10:47Z" finished-at="2013-05-13T13:10:47Z">
          <reporter-output>
          </reporter-output>
        </test-method> <!-- readMimeTypes -->
        <test-method status="PASS" signature="testStatusHolderPackageConversion()[pri:0, instance:org.artifactory.logging.version.v4.PublicApiPackageChangeLoggerConverterTest@110b1a22]" name="testStatusHolderPackageConversion" duration-ms="5" started-at="2013-05-13T13:10:47Z" finished-at="2013-05-13T13:10:47Z">
          <reporter-output>
          </reporter-output>
        </test-method> <!-- testStatusHolderPackageConversion -->
        <test-method status="PASS" signature="bindArtifactoryHome()[pri:0, instance:org.artifactory.logging.version.v4.PublicApiPackageChangeLoggerConverterTest@110b1a22]" name="bindArtifactoryHome" is-config="true" duration-ms="0" started-at="2013-05-13T13:10:47Z" finished-at="2013-05-13T13:10:47Z">
          <reporter-output>
          </reporter-output>
        </test-method> <!-- bindArtifactoryHome -->
        <test-method status="PASS" signature="unbindArtifactoryHome()[pri:0, instance:org.artifactory.logging.version.v4.PublicApiPackageChangeLoggerConverterTest@110b1a22]" name="unbindArtifactoryHome" is-config="true" duration-ms="0" started-at="2013-05-13T13:10:47Z" finished-at="2013-05-13T13:10:47Z">
          <reporter-output>
          </reporter-output>
        </test-method> <!-- unbindArtifactoryHome -->
      </class> <!-- org.artifactory.logging.version.v4.PublicApiPackageChangeLoggerConverterTest -->
      <class name="org.artifactory.descriptor.backup.BackupDescriptorTest">
        <test-method status="PASS" signature="defaultConstructor()[pri:0, instance:org.artifactory.descriptor.backup.BackupDescriptorTest@4e392db8]" name="defaultConstructor" duration-ms="1" started-at="2013-05-13T13:10:38Z" finished-at="2013-05-13T13:10:38Z">
          <reporter-output>
          </reporter-output>
        </test-method> <!-- defaultConstructor -->
        <test-method status="PASS" signature="testSameTaskDefinition()[pri:0, instance:org.artifactory.descriptor.backup.BackupDescriptorTest@4e392db8]" name="testSameTaskDefinition" duration-ms="1" started-at="2013-05-13T13:10:38Z" finished-at="2013-05-13T13:10:38Z">
          <reporter-output>
          </reporter-output>
        </test-method> <!-- testSameTaskDefinition -->
      </class> <!-- org.artifactory.descriptor.backup.BackupDescriptorTest -->
      <class name="org.artifactory.mime.version.MimeTypesVersionTest">
        <test-method status="PASS" signature="convertVersion1()[pri:0, instance:org.artifactory.mime.version.MimeTypesVersionTest@605506d]" name="convertVersion1" duration-ms="18" started-at="2013-05-13T13:10:46Z" finished-at="2013-05-13T13:10:46Z">
          <reporter-output>
          </reporter-output>
        </test-method> <!-- convertVersion1 -->
        <test-method status="PASS" signature="convertVersion2()[pri:0, instance:org.artifactory.mime.version.MimeTypesVersionTest@605506d]" name="convertVersion2" duration-ms="18" started-at="2013-05-13T13:10:46Z" finished-at="2013-05-13T13:10:46Z">
          <reporter-output>
          </reporter-output>
        </test-method> <!-- convertVersion2 -->
        <test-method status="PASS" signature="findNonExistentVersion()[pri:0, instance:org.artifactory.mime.version.MimeTypesVersionTest@605506d]" name="findNonExistentVersion" duration-ms="1" started-at="2013-05-13T13:10:46Z" finished-at="2013-05-13T13:10:46Z">
          <exception class="java.lang.IllegalArgumentException">
            <message>
              <![CDATA[Version 7 no found.]]>
            </message>
            <full-stacktrace>
              <![CDATA[java.lang.IllegalArgumentException: Version 7 no found.
	at org.artifactory.mime.version.MimeTypesVersion.findVersion(MimeTypesVersion.java:100)
	at org.artifactory.mime.version.MimeTypesVersionTest.findNonExistentVersion(MimeTypesVersionTest.java:49)
	at sun.reflect.NativeMethodAccessorImpl.invoke0(Native Method)
	at sun.reflect.NativeMethodAccessorImpl.invoke(NativeMethodAccessorImpl.java:57)
	at sun.reflect.DelegatingMethodAccessorImpl.invoke(DelegatingMethodAccessorImpl.java:43)
	at java.lang.reflect.Method.invoke(Method.java:601)
	at org.testng.internal.MethodInvocationHelper.invokeMethod(MethodInvocationHelper.java:80)
	at org.testng.internal.Invoker.invokeMethod(Invoker.java:714)
	at org.testng.internal.Invoker.invokeTestMethod(Invoker.java:901)
	at org.testng.internal.Invoker.invokeTestMethods(Invoker.java:1231)
	at org.testng.internal.TestMethodWorker.invokeTestMethods(TestMethodWorker.java:127)
	at org.testng.internal.TestMethodWorker.run(TestMethodWorker.java:111)
	at org.testng.TestRunner.privateRun(TestRunner.java:767)
	at org.testng.TestRunner.run(TestRunner.java:617)
	at org.testng.SuiteRunner.runTest(SuiteRunner.java:334)
	at org.testng.SuiteRunner.runSequentially(SuiteRunner.java:329)
	at org.testng.SuiteRunner.privateRun(SuiteRunner.java:291)
	at org.testng.SuiteRunner.run(SuiteRunner.java:240)
	at org.testng.SuiteRunnerWorker.runSuite(SuiteRunnerWorker.java:52)
	at org.testng.SuiteRunnerWorker.run(SuiteRunnerWorker.java:86)
	at org.testng.TestNG.runSuitesSequentially(TestNG.java:1198)
	at org.testng.TestNG.runSuitesLocally(TestNG.java:1123)
	at org.testng.TestNG.run(TestNG.java:1031)
	at org.apache.maven.surefire.testng.TestNGExecutor.run(TestNGExecutor.java:77)
	at org.apache.maven.surefire.testng.TestNGDirectoryTestSuite.executeMulti(TestNGDirectoryTestSuite.java:189)
	at org.apache.maven.surefire.testng.TestNGDirectoryTestSuite.execute(TestNGDirectoryTestSuite.java:105)
	at org.apache.maven.surefire.testng.TestNGProvider.invoke(TestNGProvider.java:117)
	at sun.reflect.NativeMethodAccessorImpl.invoke0(Native Method)
	at sun.reflect.NativeMethodAccessorImpl.invoke(NativeMethodAccessorImpl.java:57)
	at sun.reflect.DelegatingMethodAccessorImpl.invoke(DelegatingMethodAccessorImpl.java:43)
	at java.lang.reflect.Method.invoke(Method.java:601)
	at org.apache.maven.surefire.util.ReflectionUtils.invokeMethodWithArray2(ReflectionUtils.java:208)
	at org.apache.maven.surefire.booter.ProviderFactory$ProviderProxy.invoke(ProviderFactory.java:158)
	at org.apache.maven.surefire.booter.ProviderFactory.invokeProvider(ProviderFactory.java:86)
	at org.apache.maven.surefire.booter.ForkedBooter.runSuitesInProcess(ForkedBooter.java:153)
	at org.apache.maven.surefire.booter.ForkedBooter.main(ForkedBooter.java:95)
]]>
            </full-stacktrace>
          </exception> <!-- java.lang.IllegalArgumentException -->
          <reporter-output>
          </reporter-output>
        </test-method> <!-- findNonExistentVersion -->
        <test-method status="PASS" signature="findVersion1()[pri:0, instance:org.artifactory.mime.version.MimeTypesVersionTest@605506d]" name="findVersion1" duration-ms="0" started-at="2013-05-13T13:10:46Z" finished-at="2013-05-13T13:10:46Z">
          <reporter-output>
          </reporter-output>
        </test-method> <!-- findVersion1 -->
        <test-method status="PASS" signature="versionString()[pri:0, instance:org.artifactory.mime.version.MimeTypesVersionTest@605506d]" name="versionString" duration-ms="0" started-at="2013-05-13T13:10:46Z" finished-at="2013-05-13T13:10:46Z">
          <reporter-output>
          </reporter-output>
        </test-method> <!-- versionString -->
      </class> <!-- org.artifactory.mime.version.MimeTypesVersionTest -->
      <class name="org.artifactory.descriptor.repo.RemoteRepoDescriptorTest">
        <test-method status="PASS" signature="defaultConstructor()[pri:0, instance:org.artifactory.descriptor.repo.RemoteRepoDescriptorTest@458debd3]" name="defaultConstructor" duration-ms="0" started-at="2013-05-13T13:10:47Z" finished-at="2013-05-13T13:10:47Z">
          <reporter-output>
          </reporter-output>
        </test-method> <!-- defaultConstructor -->
      </class> <!-- org.artifactory.descriptor.repo.RemoteRepoDescriptorTest -->
      <class name="org.artifactory.descriptor.security.ldap.LdapSettingTest">
        <test-method status="PASS" signature="defaultConstructor()[pri:0, instance:org.artifactory.descriptor.security.ldap.LdapSettingTest@5113622]" name="defaultConstructor" duration-ms="0" started-at="2013-05-13T13:10:46Z" finished-at="2013-05-13T13:10:46Z">
          <reporter-output>
          </reporter-output>
        </test-method> <!-- defaultConstructor -->
        <test-method status="PASS" signature="testUrlProtocolTransformer()[pri:0, instance:org.artifactory.descriptor.security.ldap.LdapSettingTest@5113622]" name="testUrlProtocolTransformer" duration-ms="0" started-at="2013-05-13T13:10:46Z" finished-at="2013-05-13T13:10:46Z">
          <reporter-output>
          </reporter-output>
        </test-method> <!-- testUrlProtocolTransformer -->
      </class> <!-- org.artifactory.descriptor.security.ldap.LdapSettingTest -->
      <class name="org.artifactory.mime.version.converter.v3.NuPkgMimeTypeConverterTest">
        <test-method status="PASS" signature="readMimeTypes()[pri:0, instance:org.artifactory.mime.version.converter.v3.NuPkgMimeTypeConverterTest@7d90f66a]" name="readMimeTypes" is-config="true" duration-ms="14" started-at="2013-05-13T13:10:46Z" finished-at="2013-05-13T13:10:47Z">
          <reporter-output>
          </reporter-output>
        </test-method> <!-- readMimeTypes -->
        <test-method status="PASS" signature="bindArtifactoryHome()[pri:0, instance:org.artifactory.mime.version.converter.v3.NuPkgMimeTypeConverterTest@7d90f66a]" name="bindArtifactoryHome" is-config="true" duration-ms="1" started-at="2013-05-13T13:10:47Z" finished-at="2013-05-13T13:10:47Z">
          <reporter-output>
          </reporter-output>
        </test-method> <!-- bindArtifactoryHome -->
        <test-method status="PASS" signature="convert()[pri:0, instance:org.artifactory.mime.version.converter.v3.NuPkgMimeTypeConverterTest@7d90f66a]" name="convert" duration-ms="4" started-at="2013-05-13T13:10:47Z" finished-at="2013-05-13T13:10:47Z">
          <reporter-output>
          </reporter-output>
        </test-method> <!-- convert -->
        <test-method status="PASS" signature="unbindArtifactoryHome()[pri:0, instance:org.artifactory.mime.version.converter.v3.NuPkgMimeTypeConverterTest@7d90f66a]" name="unbindArtifactoryHome" is-config="true" duration-ms="0" started-at="2013-05-13T13:10:47Z" finished-at="2013-05-13T13:10:47Z">
          <reporter-output>
          </reporter-output>
        </test-method> <!-- unbindArtifactoryHome -->
      </class> <!-- org.artifactory.mime.version.converter.v3.NuPkgMimeTypeConverterTest -->
      <class name="org.artifactory.descriptor.security.SecurityDescriptorTest">
        <test-method status="PASS" signature="addLdap()[pri:0, instance:org.artifactory.descriptor.security.SecurityDescriptorTest@6d441cce]" name="addLdap" duration-ms="0" started-at="2013-05-13T13:10:47Z" finished-at="2013-05-13T13:10:47Z">
          <reporter-output>
          </reporter-output>
        </test-method> <!-- addLdap -->
        <test-method status="PASS" signature="addTwoEnabledLdaps()[pri:0, instance:org.artifactory.descriptor.security.SecurityDescriptorTest@6d441cce]" name="addTwoEnabledLdaps" duration-ms="0" started-at="2013-05-13T13:10:47Z" finished-at="2013-05-13T13:10:47Z">
          <reporter-output>
          </reporter-output>
        </test-method> <!-- addTwoEnabledLdaps -->
        <test-method status="PASS" signature="isLdapExists()[pri:0, instance:org.artifactory.descriptor.security.SecurityDescriptorTest@6d441cce]" name="isLdapExists" duration-ms="0" started-at="2013-05-13T13:10:47Z" finished-at="2013-05-13T13:10:47Z">
          <reporter-output>
          </reporter-output>
        </test-method> <!-- isLdapExists -->
        <test-method status="PASS" signature="defaultConstructor()[pri:0, instance:org.artifactory.descriptor.security.SecurityDescriptorTest@6d441cce]" name="defaultConstructor" duration-ms="0" started-at="2013-05-13T13:10:47Z" finished-at="2013-05-13T13:10:47Z">
          <reporter-output>
          </reporter-output>
        </test-method> <!-- defaultConstructor -->
        <test-method status="PASS" signature="removeLdap()[pri:0, instance:org.artifactory.descriptor.security.SecurityDescriptorTest@6d441cce]" name="removeLdap" duration-ms="0" started-at="2013-05-13T13:10:47Z" finished-at="2013-05-13T13:10:47Z">
          <reporter-output>
          </reporter-output>
        </test-method> <!-- removeLdap -->
        <test-method status="PASS" signature="removeLastLdap()[pri:0, instance:org.artifactory.descriptor.security.SecurityDescriptorTest@6d441cce]" name="removeLastLdap" duration-ms="0" started-at="2013-05-13T13:10:47Z" finished-at="2013-05-13T13:10:47Z">
          <reporter-output>
          </reporter-output>
        </test-method> <!-- removeLastLdap -->
        <test-method status="PASS" signature="removeLdapSetting()[pri:0, instance:org.artifactory.descriptor.security.SecurityDescriptorTest@6d441cce]" name="removeLdapSetting" duration-ms="0" started-at="2013-05-13T13:10:47Z" finished-at="2013-05-13T13:10:47Z">
          <reporter-output>
          </reporter-output>
        </test-method> <!-- removeLdapSetting -->
      </class> <!-- org.artifactory.descriptor.security.SecurityDescriptorTest -->
    </test> <!-- Command line test -->
  </suite> <!-- Command line suite -->
</testng-results>
